2021-08-24 17:16:34,365 INFO org.hibernate.validator.internal.util.Version [background-preinit] HV000001: Hibernate Validator 6.2.0.Final
2021-08-24 17:16:34,378 INFO org.springframework.boot.StartupInfoLogger [restartedMain] Starting SpringCrudApplication using Java 1.8.0_281 on LP-PF2VB15G with PID 16672 (C:\MyProjects\Spring\SpringCRUD\target\classes started by colin_clarke in C:\MyProjects\Spring\SpringCRUD)
2021-08-24 17:16:34,378 DEBUG org.springframework.boot.StartupInfoLogger [restartedMain] Running with Spring Boot v2.5.3, Spring v5.3.9
2021-08-24 17:16:34,379 INFO org.springframework.boot.SpringApplication [restartedMain] No active profile set, falling back to default profiles: default
2021-08-24 17:16:34,441 INFO org.springframework.boot.logging.DeferredLog [restartedMain] Devtools property defaults active! Set 'spring.devtools.add-properties' to 'false' to disable
2021-08-24 17:16:34,441 INFO org.springframework.boot.logging.DeferredLog [restartedMain] For additional web related logging consider setting the 'logging.level.web' property to 'DEBUG'
2021-08-24 17:16:35,988 INFO org.springframework.data.repository.config.RepositoryConfigurationDelegate [restartedMain] Bootstrapping Spring Data JPA repositories in DEFAULT mode.
2021-08-24 17:16:36,084 INFO org.springframework.data.repository.config.RepositoryConfigurationDelegate [restartedMain] Finished Spring Data repository scanning in 83 ms. Found 4 JPA repository interfaces.
2021-08-24 17:16:38,236 INFO org.springframework.boot.web.embedded.tomcat.TomcatWebServer [restartedMain] Tomcat initialized with port(s): 8484 (http)
2021-08-24 17:16:38,252 INFO org.apache.juli.logging.DirectJDKLog [restartedMain] Initializing ProtocolHandler ["http-nio-8484"]
2021-08-24 17:16:38,253 INFO org.apache.juli.logging.DirectJDKLog [restartedMain] Starting service [Tomcat]
2021-08-24 17:16:38,254 INFO org.apache.juli.logging.DirectJDKLog [restartedMain] Starting Servlet engine: [Apache Tomcat/9.0.50]
2021-08-24 17:16:39,171 INFO org.apache.juli.logging.DirectJDKLog [restartedMain] At least one JAR was scanned for TLDs yet contained no TLDs. Enable debug logging for this logger for a complete list of JARs that were scanned but no TLDs were found in them. Skipping unneeded JARs during scanning can improve startup time and JSP compilation time.
2021-08-24 17:16:39,188 INFO org.apache.juli.logging.DirectJDKLog [restartedMain] Initializing Spring embedded WebApplicationContext
2021-08-24 17:16:39,188 INFO org.springframework.boot.web.servlet.context.ServletWebServerApplicationContext [restartedMain] Root WebApplicationContext: initialization completed in 4746 ms
2021-08-24 17:16:39,228 INFO com.zaxxer.hikari.HikariDataSource [restartedMain] HikariPool-1 - Starting...
2021-08-24 17:16:40,899 INFO com.zaxxer.hikari.HikariDataSource [restartedMain] HikariPool-1 - Start completed.
2021-08-24 17:16:40,906 INFO org.springframework.boot.autoconfigure.h2.H2ConsoleAutoConfiguration [restartedMain] H2 console available at '/h2-console'. Database available at 'jdbc:mysql://localhost:3306/grocery_store'
2021-08-24 17:16:41,130 INFO org.hibernate.jpa.internal.util.LogHelper [restartedMain] HHH000204: Processing PersistenceUnitInfo [name: default]
2021-08-24 17:16:41,278 INFO org.hibernate.Version [restartedMain] HHH000412: Hibernate ORM core version 5.4.32.Final
2021-08-24 17:16:41,512 INFO org.hibernate.annotations.common.reflection.java.JavaReflectionManager [restartedMain] HCANN000001: Hibernate Commons Annotations {5.1.2.Final}
2021-08-24 17:16:41,724 INFO org.hibernate.dialect.Dialect [restartedMain] HHH000400: Using dialect: org.hibernate.dialect.MySQL8Dialect
2021-08-24 17:16:42,910 INFO org.hibernate.engine.transaction.jta.platform.internal.JtaPlatformInitiator [restartedMain] HHH000490: Using JtaPlatform implementation: [org.hibernate.engine.transaction.jta.platform.internal.NoJtaPlatform]
2021-08-24 17:16:42,919 INFO org.springframework.orm.jpa.AbstractEntityManagerFactoryBean [restartedMain] Initialized JPA EntityManagerFactory for persistence unit 'default'
2021-08-24 17:16:43,884 WARN org.springframework.boot.autoconfigure.orm.jpa.JpaBaseConfiguration$JpaWebConfiguration [restartedMain] spring.jpa.open-in-view is enabled by default. Therefore, database queries may be performed during view rendering. Explicitly configure spring.jpa.open-in-view to disable this warning
2021-08-24 17:16:44,260 INFO org.springframework.boot.devtools.autoconfigure.OptionalLiveReloadServer [restartedMain] LiveReload server is running on port 35729
2021-08-24 17:16:44,327 INFO org.springframework.boot.autoconfigure.web.servlet.WelcomePageHandlerMapping [restartedMain] Adding welcome page: class path resource [static/index.html]
2021-08-24 17:16:44,758 INFO org.apache.juli.logging.DirectJDKLog [restartedMain] Starting ProtocolHandler ["http-nio-8484"]
2021-08-24 17:16:44,814 INFO org.springframework.boot.web.embedded.tomcat.TomcatWebServer [restartedMain] Tomcat started on port(s): 8484 (http) with context path ''
2021-08-24 17:16:44,826 INFO springfox.documentation.spring.web.plugins.DocumentationPluginsBootstrapper [restartedMain] Context refreshed
2021-08-24 17:16:44,882 INFO springfox.documentation.spring.web.plugins.DocumentationPluginsBootstrapper [restartedMain] Found 1 custom documentation plugin(s)
2021-08-24 17:16:44,901 INFO springfox.documentation.spring.web.scanners.ApiListingReferenceScanner [restartedMain] Scanning for api listing references
2021-08-24 17:16:45,219 INFO org.springframework.boot.StartupInfoLogger [restartedMain] Started SpringCrudApplication in 11.474 seconds (JVM running for 13.852)
2021-08-24 17:17:49,886 INFO org.apache.juli.logging.DirectJDKLog [http-nio-8484-exec-1] Initializing Spring DispatcherServlet 'dispatcherServlet'
2021-08-24 17:17:49,887 INFO org.springframework.web.servlet.FrameworkServlet [http-nio-8484-exec-1] Initializing Servlet 'dispatcherServlet'
2021-08-24 17:17:49,888 INFO org.springframework.web.servlet.FrameworkServlet [http-nio-8484-exec-1] Completed initialization in 1 ms
2021-08-24 17:18:02,676 DEBUG com.colin.aspect.ProductControllerAspect [http-nio-8484-exec-4] Method: List com.colin.controller.ProductController.listAllProducts()
2021-08-24 17:18:02,785 DEBUG com.colin.aspect.ProductControllerAspect [http-nio-8484-exec-4] Returns: [Product(id=1, name=Apple, quantity=120, price=1.03, category=Fruit)]
2021-08-24 17:24:39,818 INFO org.springframework.orm.jpa.AbstractEntityManagerFactoryBean [Thread-5] Closing JPA EntityManagerFactory for persistence unit 'default'
2021-08-24 17:24:39,822 INFO com.zaxxer.hikari.HikariDataSource [Thread-5] HikariPool-1 - Shutdown initiated...
2021-08-24 17:24:39,835 INFO com.zaxxer.hikari.HikariDataSource [Thread-5] HikariPool-1 - Shutdown completed.
2021-08-24 17:24:40,093 INFO org.springframework.boot.StartupInfoLogger [restartedMain] Starting SpringCrudApplication using Java 1.8.0_281 on LP-PF2VB15G with PID 16672 (C:\MyProjects\Spring\SpringCRUD\target\classes started by colin_clarke in C:\MyProjects\Spring\SpringCRUD)
2021-08-24 17:24:40,094 DEBUG org.springframework.boot.StartupInfoLogger [restartedMain] Running with Spring Boot v2.5.3, Spring v5.3.9
2021-08-24 17:24:40,094 INFO org.springframework.boot.SpringApplication [restartedMain] No active profile set, falling back to default profiles: default
2021-08-24 17:24:41,042 INFO org.springframework.data.repository.config.RepositoryConfigurationDelegate [restartedMain] Bootstrapping Spring Data JPA repositories in DEFAULT mode.
2021-08-24 17:24:41,086 INFO org.springframework.data.repository.config.RepositoryConfigurationDelegate [restartedMain] Finished Spring Data repository scanning in 43 ms. Found 4 JPA repository interfaces.
2021-08-24 17:24:42,034 INFO org.springframework.boot.web.embedded.tomcat.TomcatWebServer [restartedMain] Tomcat initialized with port(s): 8484 (http)
2021-08-24 17:24:42,034 INFO org.apache.juli.logging.DirectJDKLog [restartedMain] Initializing ProtocolHandler ["http-nio-8484"]
2021-08-24 17:24:42,035 INFO org.apache.juli.logging.DirectJDKLog [restartedMain] Starting service [Tomcat]
2021-08-24 17:24:42,035 INFO org.apache.juli.logging.DirectJDKLog [restartedMain] Starting Servlet engine: [Apache Tomcat/9.0.50]
2021-08-24 17:24:42,698 INFO org.apache.juli.logging.DirectJDKLog [restartedMain] At least one JAR was scanned for TLDs yet contained no TLDs. Enable debug logging for this logger for a complete list of JARs that were scanned but no TLDs were found in them. Skipping unneeded JARs during scanning can improve startup time and JSP compilation time.
2021-08-24 17:24:42,711 INFO org.apache.juli.logging.DirectJDKLog [restartedMain] Initializing Spring embedded WebApplicationContext
2021-08-24 17:24:42,711 INFO org.springframework.boot.web.servlet.context.ServletWebServerApplicationContext [restartedMain] Root WebApplicationContext: initialization completed in 2614 ms
2021-08-24 17:24:42,722 INFO com.zaxxer.hikari.HikariDataSource [restartedMain] HikariPool-2 - Starting...
2021-08-24 17:24:42,756 INFO com.zaxxer.hikari.HikariDataSource [restartedMain] HikariPool-2 - Start completed.
2021-08-24 17:24:42,757 INFO org.springframework.boot.autoconfigure.h2.H2ConsoleAutoConfiguration [restartedMain] H2 console available at '/h2-console'. Database available at 'jdbc:mysql://localhost:3306/grocery_store'
2021-08-24 17:24:42,817 INFO org.hibernate.jpa.internal.util.LogHelper [restartedMain] HHH000204: Processing PersistenceUnitInfo [name: default]
2021-08-24 17:24:42,821 INFO org.hibernate.dialect.Dialect [restartedMain] HHH000400: Using dialect: org.hibernate.dialect.MySQL8Dialect
2021-08-24 17:24:43,019 INFO org.hibernate.engine.transaction.jta.platform.internal.JtaPlatformInitiator [restartedMain] HHH000490: Using JtaPlatform implementation: [org.hibernate.engine.transaction.jta.platform.internal.NoJtaPlatform]
2021-08-24 17:24:43,019 INFO org.springframework.orm.jpa.AbstractEntityManagerFactoryBean [restartedMain] Initialized JPA EntityManagerFactory for persistence unit 'default'
2021-08-24 17:24:43,262 WARN org.springframework.boot.autoconfigure.orm.jpa.JpaBaseConfiguration$JpaWebConfiguration [restartedMain] spring.jpa.open-in-view is enabled by default. Therefore, database queries may be performed during view rendering. Explicitly configure spring.jpa.open-in-view to disable this warning
2021-08-24 17:24:43,358 INFO org.springframework.boot.devtools.autoconfigure.OptionalLiveReloadServer [restartedMain] LiveReload server is running on port 35729
2021-08-24 17:24:43,361 INFO org.springframework.boot.autoconfigure.web.servlet.WelcomePageHandlerMapping [restartedMain] Adding welcome page: class path resource [static/index.html]
2021-08-24 17:24:43,443 INFO org.apache.juli.logging.DirectJDKLog [restartedMain] Starting ProtocolHandler ["http-nio-8484"]
2021-08-24 17:24:43,451 INFO org.springframework.boot.web.embedded.tomcat.TomcatWebServer [restartedMain] Tomcat started on port(s): 8484 (http) with context path ''
2021-08-24 17:24:43,454 INFO springfox.documentation.spring.web.plugins.DocumentationPluginsBootstrapper [restartedMain] Context refreshed
2021-08-24 17:24:43,455 INFO springfox.documentation.spring.web.plugins.DocumentationPluginsBootstrapper [restartedMain] Found 1 custom documentation plugin(s)
2021-08-24 17:24:43,457 INFO springfox.documentation.spring.web.scanners.ApiListingReferenceScanner [restartedMain] Scanning for api listing references
2021-08-24 17:24:43,494 INFO org.springframework.boot.StartupInfoLogger [restartedMain] Started SpringCrudApplication in 3.462 seconds (JVM running for 492.127)
2021-08-24 17:24:43,497 INFO org.springframework.boot.devtools.autoconfigure.ConditionEvaluationDeltaLoggingListener [restartedMain] Condition evaluation unchanged
2021-08-24 17:45:59,919 INFO org.apache.juli.logging.DirectJDKLog [http-nio-8484-exec-2] Initializing Spring DispatcherServlet 'dispatcherServlet'
2021-08-24 17:45:59,920 INFO org.springframework.web.servlet.FrameworkServlet [http-nio-8484-exec-2] Initializing Servlet 'dispatcherServlet'
2021-08-24 17:45:59,921 INFO org.springframework.web.servlet.FrameworkServlet [http-nio-8484-exec-2] Completed initialization in 1 ms
2021-08-24 17:45:59,931 WARN org.springframework.web.servlet.handler.AbstractHandlerExceptionResolver [http-nio-8484-exec-2] Resolved [org.springframework.web.bind.MissingServletRequestParameterException: Required request parameter 'searchKey' for method parameter type String is not present]
2021-08-24 17:46:18,284 DEBUG com.colin.aspect.ProductControllerAspect [http-nio-8484-exec-4] Method: ResponseEntity com.colin.controller.ProductController.addNewProduct(ProductCategory)
2021-08-24 17:46:18,285 DEBUG com.colin.aspect.ProductControllerAspect [http-nio-8484-exec-4] Argument: ProductCategory(product=Product(id=3, name=test, quantity=76, price=1.8, category=null), category=Fruit)
2021-08-24 17:46:18,439 DEBUG com.colin.aspect.ProductControllerAspect [http-nio-8484-exec-4] Returns: <200 OK OK,ProductCategory(product=Product(id=3, name=test, quantity=76, price=1.8, category=Fruit), category=Fruit),[]>
2021-08-24 17:46:32,766 DEBUG com.colin.aspect.ProductControllerAspect [http-nio-8484-exec-5] Method: ResponseEntity com.colin.controller.ProductController.addNewProduct(ProductCategory)
2021-08-24 17:46:32,766 DEBUG com.colin.aspect.ProductControllerAspect [http-nio-8484-exec-5] Argument: ProductCategory(product=Product(id=3, name=test, quantity=76, price=1.8, category=null), category=Fruit)
2021-08-24 17:46:32,784 DEBUG com.colin.aspect.ProductControllerAspect [http-nio-8484-exec-5] Returns: <200 OK OK,ProductCategory(product=Product(id=3, name=test, quantity=76, price=1.8, category=Fruit), category=Fruit),[]>
2021-08-24 17:47:02,998 DEBUG com.colin.aspect.ProductControllerAspect [http-nio-8484-exec-6] Method: ResponseEntity com.colin.controller.ProductController.addNewProduct(ProductCategory)
2021-08-24 17:47:02,998 DEBUG com.colin.aspect.ProductControllerAspect [http-nio-8484-exec-6] Argument: ProductCategory(product=Product(id=0, name=test, quantity=76, price=1.8, category=null), category=Fruit)
2021-08-24 17:47:03,019 DEBUG com.colin.aspect.ProductControllerAspect [http-nio-8484-exec-6] Returns: <200 OK OK,ProductCategory(product=Product(id=0, name=test, quantity=76, price=1.8, category=Fruit), category=Fruit),[]>
2021-08-24 17:47:12,010 DEBUG com.colin.aspect.ProductControllerAspect [http-nio-8484-exec-7] Method: ResponseEntity com.colin.controller.ProductController.addNewProduct(ProductCategory)
2021-08-24 17:47:12,011 DEBUG com.colin.aspect.ProductControllerAspect [http-nio-8484-exec-7] Argument: ProductCategory(product=Product(id=0, name=test, quantity=76, price=1.8, category=null), category=Fruit)
2021-08-24 17:47:12,033 DEBUG com.colin.aspect.ProductControllerAspect [http-nio-8484-exec-7] Returns: <200 OK OK,ProductCategory(product=Product(id=0, name=test, quantity=76, price=1.8, category=Fruit), category=Fruit),[]>
2021-08-24 17:47:35,593 DEBUG com.colin.aspect.ProductControllerAspect [http-nio-8484-exec-10] Method: List com.colin.controller.ProductController.listAllProducts()
2021-08-24 17:47:35,605 DEBUG com.colin.aspect.ProductControllerAspect [http-nio-8484-exec-10] Returns: [Product(id=1, name=Apple, quantity=120, price=1.03, category=Fruit), Product(id=2, name=test, quantity=76, price=1.8, category=Fruit), Product(id=3, name=test, quantity=76, price=1.8, category=Fruit), Product(id=4, name=test, quantity=76, price=1.8, category=Fruit), Product(id=5, name=test, quantity=76, price=1.8, category=Fruit)]
