2021-08-25 16:38:02,067 INFO org.springframework.boot.StartupInfoLogger [restartedMain] Starting SpringCrudApplication using Java 1.8.0_281 on LP-PF2VB15G with PID 7028 (C:\MyProjects\Spring\SpringCRUD\target\classes started by colin_clarke in C:\MyProjects\Spring\SpringCRUD)
2021-08-25 16:38:02,053 INFO org.hibernate.validator.internal.util.Version [background-preinit] HV000001: Hibernate Validator 6.2.0.Final
2021-08-25 16:38:02,072 DEBUG org.springframework.boot.StartupInfoLogger [restartedMain] Running with Spring Boot v2.5.3, Spring v5.3.9
2021-08-25 16:38:02,073 INFO org.springframework.boot.SpringApplication [restartedMain] No active profile set, falling back to default profiles: default
2021-08-25 16:38:02,193 INFO org.springframework.boot.logging.DeferredLog [restartedMain] Devtools property defaults active! Set 'spring.devtools.add-properties' to 'false' to disable
2021-08-25 16:38:02,194 INFO org.springframework.boot.logging.DeferredLog [restartedMain] For additional web related logging consider setting the 'logging.level.web' property to 'DEBUG'
2021-08-25 16:38:04,838 INFO org.springframework.data.repository.config.RepositoryConfigurationDelegate [restartedMain] Bootstrapping Spring Data JPA repositories in DEFAULT mode.
2021-08-25 16:38:04,953 INFO org.springframework.data.repository.config.RepositoryConfigurationDelegate [restartedMain] Finished Spring Data repository scanning in 100 ms. Found 4 JPA repository interfaces.
2021-08-25 16:38:07,575 INFO org.springframework.boot.web.embedded.tomcat.TomcatWebServer [restartedMain] Tomcat initialized with port(s): 8484 (http)
2021-08-25 16:38:07,590 INFO org.apache.juli.logging.DirectJDKLog [restartedMain] Initializing ProtocolHandler ["http-nio-8484"]
2021-08-25 16:38:07,591 INFO org.apache.juli.logging.DirectJDKLog [restartedMain] Starting service [Tomcat]
2021-08-25 16:38:07,591 INFO org.apache.juli.logging.DirectJDKLog [restartedMain] Starting Servlet engine: [Apache Tomcat/9.0.50]
2021-08-25 16:38:08,291 INFO org.apache.juli.logging.DirectJDKLog [restartedMain] At least one JAR was scanned for TLDs yet contained no TLDs. Enable debug logging for this logger for a complete list of JARs that were scanned but no TLDs were found in them. Skipping unneeded JARs during scanning can improve startup time and JSP compilation time.
2021-08-25 16:38:08,309 INFO org.apache.juli.logging.DirectJDKLog [restartedMain] Initializing Spring embedded WebApplicationContext
2021-08-25 16:38:08,310 INFO org.springframework.boot.web.servlet.context.ServletWebServerApplicationContext [restartedMain] Root WebApplicationContext: initialization completed in 6116 ms
2021-08-25 16:38:08,368 INFO com.zaxxer.hikari.HikariDataSource [restartedMain] HikariPool-1 - Starting...
2021-08-25 16:38:10,116 INFO com.zaxxer.hikari.HikariDataSource [restartedMain] HikariPool-1 - Start completed.
2021-08-25 16:38:10,122 INFO org.springframework.boot.autoconfigure.h2.H2ConsoleAutoConfiguration [restartedMain] H2 console available at '/h2-console'. Database available at 'jdbc:mysql://localhost:3306/grocery_store'
2021-08-25 16:38:10,381 INFO org.hibernate.jpa.internal.util.LogHelper [restartedMain] HHH000204: Processing PersistenceUnitInfo [name: default]
2021-08-25 16:38:10,518 INFO org.hibernate.Version [restartedMain] HHH000412: Hibernate ORM core version 5.4.32.Final
2021-08-25 16:38:10,793 INFO org.hibernate.annotations.common.reflection.java.JavaReflectionManager [restartedMain] HCANN000001: Hibernate Commons Annotations {5.1.2.Final}
2021-08-25 16:38:10,974 INFO org.hibernate.dialect.Dialect [restartedMain] HHH000400: Using dialect: org.hibernate.dialect.MySQL8Dialect
2021-08-25 16:38:12,138 INFO org.hibernate.engine.transaction.jta.platform.internal.JtaPlatformInitiator [restartedMain] HHH000490: Using JtaPlatform implementation: [org.hibernate.engine.transaction.jta.platform.internal.NoJtaPlatform]
2021-08-25 16:38:12,158 INFO org.springframework.orm.jpa.AbstractEntityManagerFactoryBean [restartedMain] Initialized JPA EntityManagerFactory for persistence unit 'default'
2021-08-25 16:38:13,348 WARN org.springframework.boot.autoconfigure.orm.jpa.JpaBaseConfiguration$JpaWebConfiguration [restartedMain] spring.jpa.open-in-view is enabled by default. Therefore, database queries may be performed during view rendering. Explicitly configure spring.jpa.open-in-view to disable this warning
2021-08-25 16:38:13,757 INFO org.springframework.boot.devtools.autoconfigure.OptionalLiveReloadServer [restartedMain] LiveReload server is running on port 35729
2021-08-25 16:38:13,816 INFO org.springframework.boot.autoconfigure.web.servlet.WelcomePageHandlerMapping [restartedMain] Adding welcome page: class path resource [static/index.html]
2021-08-25 16:38:14,192 INFO org.apache.juli.logging.DirectJDKLog [restartedMain] Starting ProtocolHandler ["http-nio-8484"]
2021-08-25 16:38:14,248 INFO org.springframework.boot.web.embedded.tomcat.TomcatWebServer [restartedMain] Tomcat started on port(s): 8484 (http) with context path ''
2021-08-25 16:38:14,259 INFO springfox.documentation.spring.web.plugins.DocumentationPluginsBootstrapper [restartedMain] Context refreshed
2021-08-25 16:38:14,296 INFO springfox.documentation.spring.web.plugins.DocumentationPluginsBootstrapper [restartedMain] Found 1 custom documentation plugin(s)
2021-08-25 16:38:14,310 INFO springfox.documentation.spring.web.scanners.ApiListingReferenceScanner [restartedMain] Scanning for api listing references
2021-08-25 16:38:14,571 INFO org.springframework.boot.StartupInfoLogger [restartedMain] Started SpringCrudApplication in 13.153 seconds (JVM running for 15.817)
2021-08-25 16:42:18,154 INFO org.apache.juli.logging.DirectJDKLog [http-nio-8484-exec-1] Initializing Spring DispatcherServlet 'dispatcherServlet'
2021-08-25 16:42:18,155 INFO org.springframework.web.servlet.FrameworkServlet [http-nio-8484-exec-1] Initializing Servlet 'dispatcherServlet'
2021-08-25 16:42:18,157 INFO org.springframework.web.servlet.FrameworkServlet [http-nio-8484-exec-1] Completed initialization in 1 ms
2021-08-25 16:42:18,204 WARN org.springframework.web.servlet.handler.AbstractHandlerExceptionResolver [http-nio-8484-exec-1] Resolved [org.springframework.web.method.annotation.MethodArgumentTypeMismatchException: Failed to convert value of type 'java.lang.String' to required type 'long'; nested exception is java.lang.NumberFormatException: For input string: "undefined"]
2021-08-25 16:42:20,624 WARN org.springframework.web.servlet.handler.AbstractHandlerExceptionResolver [http-nio-8484-exec-2] Resolved [org.springframework.web.method.annotation.MethodArgumentTypeMismatchException: Failed to convert value of type 'java.lang.String' to required type 'long'; nested exception is java.lang.NumberFormatException: For input string: "undefined"]
2021-08-25 16:43:47,949 DEBUG com.colin.aspect.ProductControllerAspect [http-nio-8484-exec-6] Method: Product com.colin.controller.ProductController.getProductById(long)
2021-08-25 16:43:47,950 DEBUG com.colin.aspect.ProductControllerAspect [http-nio-8484-exec-6] Argument: 3
2021-08-25 16:43:48,071 DEBUG com.colin.aspect.ProductControllerAspect [http-nio-8484-exec-6] Returns: Product(id=3, name=test, quantity=76, price=1.8, category=Fruit)
2021-08-25 16:43:53,893 WARN org.springframework.web.servlet.handler.AbstractHandlerExceptionResolver [http-nio-8484-exec-7] Resolved [org.springframework.web.method.annotation.MethodArgumentTypeMismatchException: Failed to convert value of type 'java.lang.String' to required type 'long'; nested exception is java.lang.NumberFormatException: For input string: "undefined"]
2021-08-25 16:44:24,919 WARN org.springframework.web.servlet.handler.AbstractHandlerExceptionResolver [http-nio-8484-exec-8] Resolved [org.springframework.web.method.annotation.MethodArgumentTypeMismatchException: Failed to convert value of type 'java.lang.String' to required type 'long'; nested exception is java.lang.NumberFormatException: For input string: "undefined"]
2021-08-25 16:44:34,232 WARN org.springframework.web.servlet.handler.AbstractHandlerExceptionResolver [http-nio-8484-exec-9] Resolved [org.springframework.web.method.annotation.MethodArgumentTypeMismatchException: Failed to convert value of type 'java.lang.String' to required type 'long'; nested exception is java.lang.NumberFormatException: For input string: "undefined"]
2021-08-25 16:48:47,371 WARN org.springframework.web.servlet.handler.AbstractHandlerExceptionResolver [http-nio-8484-exec-10] Resolved [org.springframework.web.method.annotation.MethodArgumentTypeMismatchException: Failed to convert value of type 'java.lang.String' to required type 'long'; nested exception is java.lang.NumberFormatException: For input string: "undefined"]
2021-08-25 17:08:29,837 WARN org.springframework.web.servlet.handler.AbstractHandlerExceptionResolver [http-nio-8484-exec-3] Resolved [org.springframework.web.method.annotation.MethodArgumentTypeMismatchException: Failed to convert value of type 'java.lang.String' to required type 'long'; nested exception is java.lang.NumberFormatException: For input string: "undefined"]
2021-08-25 17:09:09,066 WARN org.springframework.web.servlet.handler.AbstractHandlerExceptionResolver [http-nio-8484-exec-4] Resolved [org.springframework.web.method.annotation.MethodArgumentTypeMismatchException: Failed to convert value of type 'java.lang.String' to required type 'long'; nested exception is java.lang.NumberFormatException: For input string: "undefined"]
2021-08-25 17:09:21,632 WARN org.springframework.web.servlet.handler.AbstractHandlerExceptionResolver [http-nio-8484-exec-5] Resolved [org.springframework.web.method.annotation.MethodArgumentTypeMismatchException: Failed to convert value of type 'java.lang.String' to required type 'long'; nested exception is java.lang.NumberFormatException: For input string: "undefined"]
2021-08-25 17:09:34,703 WARN org.springframework.web.servlet.handler.AbstractHandlerExceptionResolver [http-nio-8484-exec-6] Resolved [org.springframework.web.method.annotation.MethodArgumentTypeMismatchException: Failed to convert value of type 'java.lang.String' to required type 'long'; nested exception is java.lang.NumberFormatException: For input string: "undefined"]
2021-08-25 17:41:45,319 WARN org.springframework.web.servlet.handler.AbstractHandlerExceptionResolver [http-nio-8484-exec-7] Resolved [org.springframework.web.method.annotation.MethodArgumentTypeMismatchException: Failed to convert value of type 'java.lang.String' to required type 'long'; nested exception is java.lang.NumberFormatException: For input string: "undefined"]
2021-08-25 17:41:48,868 WARN org.springframework.web.servlet.handler.AbstractHandlerExceptionResolver [http-nio-8484-exec-8] Resolved [org.springframework.web.method.annotation.MethodArgumentTypeMismatchException: Failed to convert value of type 'java.lang.String' to required type 'long'; nested exception is java.lang.NumberFormatException: For input string: "undefined"]
2021-08-25 17:44:06,883 WARN org.springframework.web.servlet.handler.AbstractHandlerExceptionResolver [http-nio-8484-exec-9] Resolved [org.springframework.web.method.annotation.MethodArgumentTypeMismatchException: Failed to convert value of type 'java.lang.String' to required type 'long'; nested exception is java.lang.NumberFormatException: For input string: "undefined"]
