2021-09-02 12:09:45,176 INFO org.springframework.boot.StartupInfoLogger [restartedMain] Starting SpringCrudApplication using Java 1.8.0_281 on LP-PF2VB15G with PID 17696 (C:\MyProjects\Spring\SpringCRUD\target\classes started by colin_clarke in C:\MyProjects\Spring\SpringCRUD)
2021-09-02 12:09:45,159 INFO org.hibernate.validator.internal.util.Version [background-preinit] HV000001: Hibernate Validator 6.2.0.Final
2021-09-02 12:09:45,181 DEBUG org.springframework.boot.StartupInfoLogger [restartedMain] Running with Spring Boot v2.5.3, Spring v5.3.9
2021-09-02 12:09:45,181 INFO org.springframework.boot.SpringApplication [restartedMain] No active profile set, falling back to default profiles: default
2021-09-02 12:09:45,331 INFO org.springframework.boot.logging.DeferredLog [restartedMain] Devtools property defaults active! Set 'spring.devtools.add-properties' to 'false' to disable
2021-09-02 12:09:45,332 INFO org.springframework.boot.logging.DeferredLog [restartedMain] For additional web related logging consider setting the 'logging.level.web' property to 'DEBUG'
2021-09-02 12:09:47,774 INFO org.springframework.data.repository.config.RepositoryConfigurationDelegate [restartedMain] Bootstrapping Spring Data JPA repositories in DEFAULT mode.
2021-09-02 12:09:47,905 INFO org.springframework.data.repository.config.RepositoryConfigurationDelegate [restartedMain] Finished Spring Data repository scanning in 116 ms. Found 5 JPA repository interfaces.
2021-09-02 12:09:50,737 INFO org.springframework.boot.web.embedded.tomcat.TomcatWebServer [restartedMain] Tomcat initialized with port(s): 8484 (http)
2021-09-02 12:09:50,755 INFO org.apache.juli.logging.DirectJDKLog [restartedMain] Initializing ProtocolHandler ["http-nio-8484"]
2021-09-02 12:09:50,755 INFO org.apache.juli.logging.DirectJDKLog [restartedMain] Starting service [Tomcat]
2021-09-02 12:09:50,756 INFO org.apache.juli.logging.DirectJDKLog [restartedMain] Starting Servlet engine: [Apache Tomcat/9.0.50]
2021-09-02 12:09:51,644 INFO org.apache.juli.logging.DirectJDKLog [restartedMain] At least one JAR was scanned for TLDs yet contained no TLDs. Enable debug logging for this logger for a complete list of JARs that were scanned but no TLDs were found in them. Skipping unneeded JARs during scanning can improve startup time and JSP compilation time.
2021-09-02 12:09:51,669 INFO org.apache.juli.logging.DirectJDKLog [restartedMain] Initializing Spring embedded WebApplicationContext
2021-09-02 12:09:51,669 INFO org.springframework.boot.web.servlet.context.ServletWebServerApplicationContext [restartedMain] Root WebApplicationContext: initialization completed in 6336 ms
2021-09-02 12:09:51,747 INFO com.zaxxer.hikari.HikariDataSource [restartedMain] HikariPool-1 - Starting...
2021-09-02 12:09:53,734 INFO com.zaxxer.hikari.HikariDataSource [restartedMain] HikariPool-1 - Start completed.
2021-09-02 12:09:53,744 INFO org.springframework.boot.autoconfigure.h2.H2ConsoleAutoConfiguration [restartedMain] H2 console available at '/h2-console'. Database available at 'jdbc:mysql://localhost:3306/grocery_store'
2021-09-02 12:09:54,024 INFO org.hibernate.jpa.internal.util.LogHelper [restartedMain] HHH000204: Processing PersistenceUnitInfo [name: default]
2021-09-02 12:09:54,148 INFO org.hibernate.Version [restartedMain] HHH000412: Hibernate ORM core version 5.4.32.Final
2021-09-02 12:09:54,481 INFO org.hibernate.annotations.common.reflection.java.JavaReflectionManager [restartedMain] HCANN000001: Hibernate Commons Annotations {5.1.2.Final}
2021-09-02 12:09:54,691 INFO org.hibernate.dialect.Dialect [restartedMain] HHH000400: Using dialect: org.hibernate.dialect.MySQL8Dialect
2021-09-02 12:09:56,027 INFO org.hibernate.engine.transaction.jta.platform.internal.JtaPlatformInitiator [restartedMain] HHH000490: Using JtaPlatform implementation: [org.hibernate.engine.transaction.jta.platform.internal.NoJtaPlatform]
2021-09-02 12:09:56,038 INFO org.springframework.orm.jpa.AbstractEntityManagerFactoryBean [restartedMain] Initialized JPA EntityManagerFactory for persistence unit 'default'
2021-09-02 12:09:57,307 WARN org.springframework.boot.autoconfigure.orm.jpa.JpaBaseConfiguration$JpaWebConfiguration [restartedMain] spring.jpa.open-in-view is enabled by default. Therefore, database queries may be performed during view rendering. Explicitly configure spring.jpa.open-in-view to disable this warning
2021-09-02 12:09:57,811 INFO org.springframework.boot.devtools.autoconfigure.OptionalLiveReloadServer [restartedMain] LiveReload server is running on port 35729
2021-09-02 12:09:57,870 INFO org.springframework.boot.autoconfigure.web.servlet.WelcomePageHandlerMapping [restartedMain] Adding welcome page: class path resource [static/index.html]
2021-09-02 12:09:58,263 INFO org.apache.juli.logging.DirectJDKLog [restartedMain] Starting ProtocolHandler ["http-nio-8484"]
2021-09-02 12:09:58,318 INFO org.springframework.boot.web.embedded.tomcat.TomcatWebServer [restartedMain] Tomcat started on port(s): 8484 (http) with context path ''
2021-09-02 12:09:58,328 INFO springfox.documentation.spring.web.plugins.DocumentationPluginsBootstrapper [restartedMain] Context refreshed
2021-09-02 12:09:58,362 INFO springfox.documentation.spring.web.plugins.DocumentationPluginsBootstrapper [restartedMain] Found 1 custom documentation plugin(s)
2021-09-02 12:09:58,379 INFO springfox.documentation.spring.web.scanners.ApiListingReferenceScanner [restartedMain] Scanning for api listing references
2021-09-02 12:09:58,711 INFO org.springframework.boot.StartupInfoLogger [restartedMain] Started SpringCrudApplication in 14.535 seconds (JVM running for 19.298)
2021-09-02 12:10:58,190 INFO org.apache.juli.logging.DirectJDKLog [http-nio-8484-exec-1] Initializing Spring DispatcherServlet 'dispatcherServlet'
2021-09-02 12:10:58,191 INFO org.springframework.web.servlet.FrameworkServlet [http-nio-8484-exec-1] Initializing Servlet 'dispatcherServlet'
2021-09-02 12:10:58,193 INFO org.springframework.web.servlet.FrameworkServlet [http-nio-8484-exec-1] Completed initialization in 2 ms
2021-09-02 12:10:58,259 DEBUG com.colin.aspect.ProductControllerAspect [http-nio-8484-exec-2] Method: List com.colin.controller.ProductController.listAllProducts()
2021-09-02 12:10:58,428 DEBUG com.colin.aspect.ProductControllerAspect [http-nio-8484-exec-2] Returns: [ProductCategory(product=Id: 1 Name: Apple Quantity: 21 Price: 1.25 Category: Fruit, category=Fruit), ProductCategory(product=Id: 2 Name: Bananas Quantity: 202 Price: 1.0 Category: Fruit, category=Fruit), ProductCategory(product=Id: 3 Name: Carrots Quantity: 762 Price: 3.81 Category: Vegetable, category=Vegetable)]
2021-09-02 12:11:40,799 DEBUG com.colin.aspect.ProductControllerAspect [http-nio-8484-exec-3] Method: ProductCategory com.colin.controller.ProductController.getProductById(long)
2021-09-02 12:11:40,800 DEBUG com.colin.aspect.ProductControllerAspect [http-nio-8484-exec-3] Argument: 1
2021-09-02 12:11:40,809 DEBUG com.colin.aspect.ProductControllerAspect [http-nio-8484-exec-3] Returns: ProductCategory(product=Id: 1 Name: Apple Quantity: 21 Price: 1.25 Category: Fruit, category=Fruit)
2021-09-02 12:11:46,247 DEBUG com.colin.aspect.ProductControllerAspect [http-nio-8484-exec-4] Method: ProductCategory com.colin.controller.ProductController.getProductById(long)
2021-09-02 12:11:46,248 DEBUG com.colin.aspect.ProductControllerAspect [http-nio-8484-exec-4] Argument: 3
2021-09-02 12:11:46,257 DEBUG com.colin.aspect.ProductControllerAspect [http-nio-8484-exec-4] Returns: ProductCategory(product=Id: 3 Name: Carrots Quantity: 762 Price: 3.81 Category: Vegetable, category=Vegetable)
2021-09-02 12:12:15,028 DEBUG com.colin.aspect.ProductControllerAspect [http-nio-8484-exec-6] Method: ResponseEntity com.colin.controller.ProductController.deleteProduct(long)
2021-09-02 12:12:15,029 DEBUG com.colin.aspect.ProductControllerAspect [http-nio-8484-exec-6] Argument: 2
2021-09-02 12:12:15,100 DEBUG com.colin.aspect.ProductControllerAspect [http-nio-8484-exec-6] Returns: <202 ACCEPTED Accepted,[]>
2021-09-02 12:12:15,109 DEBUG com.colin.aspect.ProductControllerAspect [http-nio-8484-exec-7] Method: List com.colin.controller.ProductController.listAllProducts()
2021-09-02 12:12:15,118 DEBUG com.colin.aspect.ProductControllerAspect [http-nio-8484-exec-7] Returns: [ProductCategory(product=Id: 1 Name: Apple Quantity: 21 Price: 1.25 Category: Fruit, category=Fruit), ProductCategory(product=Id: 3 Name: Carrots Quantity: 762 Price: 3.81 Category: Vegetable, category=Vegetable)]
2021-09-02 12:14:41,468 DEBUG com.colin.aspect.ProductControllerAspect [http-nio-8484-exec-10] Method: ResponseEntity com.colin.controller.ProductController.addNewProduct(ProductCategory)
2021-09-02 12:14:41,468 DEBUG com.colin.aspect.ProductControllerAspect [http-nio-8484-exec-10] Argument: ProductCategory(product=Id: 0 Name: Beans Quantity: 202 Price: 1.25 Category: null, category=Canned Goods)
2021-09-02 12:14:41,556 DEBUG com.colin.aspect.ProductControllerAspect [http-nio-8484-exec-10] Returns: <200 OK OK,ProductCategory(product=Id: 4 Name: Beans Quantity: 202 Price: 1.25 Category: Canned Goods, category=Canned Goods),[]>
2021-09-02 12:14:41,570 DEBUG com.colin.aspect.ProductControllerAspect [http-nio-8484-exec-1] Method: List com.colin.controller.ProductController.listAllProducts()
2021-09-02 12:14:41,585 DEBUG com.colin.aspect.ProductControllerAspect [http-nio-8484-exec-1] Returns: [ProductCategory(product=Id: 1 Name: Apple Quantity: 21 Price: 1.25 Category: Fruit, category=Fruit), ProductCategory(product=Id: 3 Name: Carrots Quantity: 762 Price: 3.81 Category: Vegetable, category=Vegetable), ProductCategory(product=Id: 4 Name: Beans Quantity: 202 Price: 1.25 Category: Canned Goods, category=Canned Goods)]
2021-09-02 12:48:49,127 DEBUG com.colin.aspect.ProductControllerAspect [http-nio-8484-exec-4] Method: List com.colin.controller.ProductController.listAllProducts()
2021-09-02 12:48:49,139 DEBUG com.colin.aspect.ProductControllerAspect [http-nio-8484-exec-4] Returns: [ProductCategory(product=Id: 1 Name: Apple Quantity: 21 Price: 1.25 Category: Fruit, category=Fruit), ProductCategory(product=Id: 3 Name: Carrots Quantity: 762 Price: 3.81 Category: Vegetable, category=Vegetable), ProductCategory(product=Id: 4 Name: Beans Quantity: 202 Price: 1.25 Category: Canned Goods, category=Canned Goods)]
2021-09-02 14:41:52,467 DEBUG com.colin.aspect.ProductControllerAspect [http-nio-8484-exec-7] Method: List com.colin.controller.ProductController.listAllProducts()
2021-09-02 14:41:52,497 DEBUG com.colin.aspect.ProductControllerAspect [http-nio-8484-exec-7] Returns: [ProductCategory(product=Id: 1 Name: Apple Quantity: 21 Price: 1.25 Category: Fruit, category=Fruit), ProductCategory(product=Id: 3 Name: Carrots Quantity: 762 Price: 3.81 Category: Vegetable, category=Vegetable), ProductCategory(product=Id: 4 Name: Beans Quantity: 202 Price: 1.25 Category: Canned Goods, category=Canned Goods)]
2021-09-02 14:58:33,693 DEBUG com.colin.aspect.ProductControllerAspect [http-nio-8484-exec-10] Method: List com.colin.controller.ProductController.listAllProducts()
2021-09-02 14:58:33,710 DEBUG com.colin.aspect.ProductControllerAspect [http-nio-8484-exec-10] Returns: [ProductCategory(product=Id: 1 Name: Apple Quantity: 21 Price: 1.25 Category: Fruit, category=Fruit), ProductCategory(product=Id: 3 Name: Carrots Quantity: 762 Price: 3.81 Category: Vegetable, category=Vegetable), ProductCategory(product=Id: 4 Name: Beans Quantity: 202 Price: 1.25 Category: Canned Goods, category=Canned Goods)]
2021-09-02 15:06:35,292 DEBUG com.colin.aspect.ProductControllerAspect [http-nio-8484-exec-2] Method: List com.colin.controller.ProductController.listAllProducts()
2021-09-02 15:06:35,304 DEBUG com.colin.aspect.ProductControllerAspect [http-nio-8484-exec-2] Returns: [ProductCategory(product=Id: 1 Name: Apple Quantity: 21 Price: 1.25 Category: Fruit, category=Fruit), ProductCategory(product=Id: 3 Name: Carrots Quantity: 762 Price: 3.81 Category: Vegetable, category=Vegetable), ProductCategory(product=Id: 4 Name: Beans Quantity: 202 Price: 1.25 Category: Canned Goods, category=Canned Goods)]
2021-09-02 16:45:24,932 INFO org.hibernate.validator.internal.util.Version [background-preinit] HV000001: Hibernate Validator 6.2.0.Final
2021-09-02 16:45:24,946 INFO org.springframework.boot.StartupInfoLogger [restartedMain] Starting SpringCrudApplication using Java 1.8.0_281 on LP-PF2VB15G with PID 22044 (C:\MyProjects\Spring\SpringCRUD\target\classes started by colin_clarke in C:\MyProjects\Spring\SpringCRUD)
2021-09-02 16:45:24,947 DEBUG org.springframework.boot.StartupInfoLogger [restartedMain] Running with Spring Boot v2.5.3, Spring v5.3.9
2021-09-02 16:45:24,948 INFO org.springframework.boot.SpringApplication [restartedMain] No active profile set, falling back to default profiles: default
2021-09-02 16:45:25,037 INFO org.springframework.boot.logging.DeferredLog [restartedMain] Devtools property defaults active! Set 'spring.devtools.add-properties' to 'false' to disable
2021-09-02 16:45:25,037 INFO org.springframework.boot.logging.DeferredLog [restartedMain] For additional web related logging consider setting the 'logging.level.web' property to 'DEBUG'
2021-09-02 16:45:27,163 INFO org.springframework.data.repository.config.RepositoryConfigurationDelegate [restartedMain] Bootstrapping Spring Data JPA repositories in DEFAULT mode.
2021-09-02 16:45:27,310 INFO org.springframework.data.repository.config.RepositoryConfigurationDelegate [restartedMain] Finished Spring Data repository scanning in 128 ms. Found 5 JPA repository interfaces.
2021-09-02 16:45:30,090 INFO org.springframework.boot.web.embedded.tomcat.TomcatWebServer [restartedMain] Tomcat initialized with port(s): 8484 (http)
2021-09-02 16:45:30,113 INFO org.apache.juli.logging.DirectJDKLog [restartedMain] Initializing ProtocolHandler ["http-nio-8484"]
2021-09-02 16:45:30,114 INFO org.apache.juli.logging.DirectJDKLog [restartedMain] Starting service [Tomcat]
2021-09-02 16:45:30,115 INFO org.apache.juli.logging.DirectJDKLog [restartedMain] Starting Servlet engine: [Apache Tomcat/9.0.50]
2021-09-02 16:45:31,979 INFO org.apache.juli.logging.DirectJDKLog [restartedMain] At least one JAR was scanned for TLDs yet contained no TLDs. Enable debug logging for this logger for a complete list of JARs that were scanned but no TLDs were found in them. Skipping unneeded JARs during scanning can improve startup time and JSP compilation time.
2021-09-02 16:45:32,030 INFO org.apache.juli.logging.DirectJDKLog [restartedMain] Initializing Spring embedded WebApplicationContext
2021-09-02 16:45:32,033 INFO org.springframework.boot.web.servlet.context.ServletWebServerApplicationContext [restartedMain] Root WebApplicationContext: initialization completed in 6995 ms
2021-09-02 16:45:32,278 INFO com.zaxxer.hikari.HikariDataSource [restartedMain] HikariPool-1 - Starting...
2021-09-02 16:45:34,514 INFO com.zaxxer.hikari.HikariDataSource [restartedMain] HikariPool-1 - Start completed.
2021-09-02 16:45:34,527 INFO org.springframework.boot.autoconfigure.h2.H2ConsoleAutoConfiguration [restartedMain] H2 console available at '/h2-console'. Database available at 'jdbc:mysql://localhost:3306/grocery_store'
2021-09-02 16:45:35,014 INFO org.hibernate.jpa.internal.util.LogHelper [restartedMain] HHH000204: Processing PersistenceUnitInfo [name: default]
2021-09-02 16:45:35,197 INFO org.hibernate.Version [restartedMain] HHH000412: Hibernate ORM core version 5.4.32.Final
2021-09-02 16:45:35,541 INFO org.hibernate.annotations.common.reflection.java.JavaReflectionManager [restartedMain] HCANN000001: Hibernate Commons Annotations {5.1.2.Final}
2021-09-02 16:45:35,880 INFO org.hibernate.dialect.Dialect [restartedMain] HHH000400: Using dialect: org.hibernate.dialect.MySQL8Dialect
2021-09-02 16:45:37,922 INFO org.hibernate.engine.transaction.jta.platform.internal.JtaPlatformInitiator [restartedMain] HHH000490: Using JtaPlatform implementation: [org.hibernate.engine.transaction.jta.platform.internal.NoJtaPlatform]
2021-09-02 16:45:37,943 INFO org.springframework.orm.jpa.AbstractEntityManagerFactoryBean [restartedMain] Initialized JPA EntityManagerFactory for persistence unit 'default'
2021-09-02 16:45:39,572 WARN org.springframework.boot.autoconfigure.orm.jpa.JpaBaseConfiguration$JpaWebConfiguration [restartedMain] spring.jpa.open-in-view is enabled by default. Therefore, database queries may be performed during view rendering. Explicitly configure spring.jpa.open-in-view to disable this warning
2021-09-02 16:45:40,173 INFO org.springframework.boot.devtools.autoconfigure.OptionalLiveReloadServer [restartedMain] LiveReload server is running on port 35729
2021-09-02 16:45:40,244 INFO org.springframework.boot.autoconfigure.web.servlet.WelcomePageHandlerMapping [restartedMain] Adding welcome page: class path resource [static/index.html]
2021-09-02 16:45:40,769 INFO org.apache.juli.logging.DirectJDKLog [restartedMain] Starting ProtocolHandler ["http-nio-8484"]
2021-09-02 16:45:40,852 INFO org.springframework.boot.web.embedded.tomcat.TomcatWebServer [restartedMain] Tomcat started on port(s): 8484 (http) with context path ''
2021-09-02 16:45:40,864 INFO springfox.documentation.spring.web.plugins.DocumentationPluginsBootstrapper [restartedMain] Context refreshed
2021-09-02 16:45:40,907 INFO springfox.documentation.spring.web.plugins.DocumentationPluginsBootstrapper [restartedMain] Found 1 custom documentation plugin(s)
2021-09-02 16:45:40,920 INFO springfox.documentation.spring.web.scanners.ApiListingReferenceScanner [restartedMain] Scanning for api listing references
2021-09-02 16:45:41,267 INFO org.springframework.boot.StartupInfoLogger [restartedMain] Started SpringCrudApplication in 17.173 seconds (JVM running for 20.745)
2021-09-02 16:47:10,182 INFO org.apache.juli.logging.DirectJDKLog [http-nio-8484-exec-1] Initializing Spring DispatcherServlet 'dispatcherServlet'
2021-09-02 16:47:10,182 INFO org.springframework.web.servlet.FrameworkServlet [http-nio-8484-exec-1] Initializing Servlet 'dispatcherServlet'
2021-09-02 16:47:10,183 INFO org.springframework.web.servlet.FrameworkServlet [http-nio-8484-exec-1] Completed initialization in 1 ms
2021-09-02 16:47:10,240 DEBUG com.colin.aspect.ProductControllerAspect [http-nio-8484-exec-7] Method: List com.colin.controller.ProductController.listAllProducts()
2021-09-02 16:47:10,354 DEBUG com.colin.aspect.ProductControllerAspect [http-nio-8484-exec-7] Returns: [ProductCategory(product=Id: 1 Name: Apple Quantity: 21 Price: 1.25 Category: Fruit, category=Fruit), ProductCategory(product=Id: 3 Name: Carrots Quantity: 762 Price: 3.81 Category: Vegetable, category=Vegetable), ProductCategory(product=Id: 4 Name: Beans Quantity: 202 Price: 1.25 Category: Canned Goods, category=Canned Goods)]
2021-09-02 16:48:08,998 DEBUG com.colin.aspect.ProductControllerAspect [http-nio-8484-exec-4] Method: List com.colin.controller.ProductController.listAllProducts()
2021-09-02 16:48:09,010 DEBUG com.colin.aspect.ProductControllerAspect [http-nio-8484-exec-4] Returns: [ProductCategory(product=Id: 1 Name: Apple Quantity: 21 Price: 1.25 Category: Fruit, category=Fruit), ProductCategory(product=Id: 3 Name: Carrots Quantity: 762 Price: 3.81 Category: Vegetable, category=Vegetable), ProductCategory(product=Id: 4 Name: Beans Quantity: 202 Price: 1.25 Category: Canned Goods, category=Canned Goods)]
2021-09-02 17:04:57,300 DEBUG com.colin.aspect.ProductControllerAspect [http-nio-8484-exec-3] Method: List com.colin.controller.ProductController.listAllProducts()
2021-09-02 17:04:57,311 DEBUG com.colin.aspect.ProductControllerAspect [http-nio-8484-exec-3] Returns: [ProductCategory(product=Id: 1 Name: Apple Quantity: 21 Price: 1.25 Category: Fruit, category=Fruit), ProductCategory(product=Id: 3 Name: Carrots Quantity: 762 Price: 3.81 Category: Vegetable, category=Vegetable), ProductCategory(product=Id: 4 Name: Beans Quantity: 202 Price: 1.25 Category: Canned Goods, category=Canned Goods)]
2021-09-02 17:06:03,356 DEBUG com.colin.aspect.ProductControllerAspect [http-nio-8484-exec-5] Method: List com.colin.controller.ProductController.listAllProducts()
2021-09-02 17:06:03,367 DEBUG com.colin.aspect.ProductControllerAspect [http-nio-8484-exec-5] Returns: [ProductCategory(product=Id: 1 Name: Apple Quantity: 21 Price: 1.25 Category: Fruit, category=Fruit), ProductCategory(product=Id: 3 Name: Carrots Quantity: 762 Price: 3.81 Category: Vegetable, category=Vegetable), ProductCategory(product=Id: 4 Name: Beans Quantity: 202 Price: 1.25 Category: Canned Goods, category=Canned Goods)]
2021-09-02 17:23:11,158 DEBUG com.colin.aspect.ProductControllerAspect [http-nio-8484-exec-9] Method: List com.colin.controller.ProductController.listAllProducts()
2021-09-02 17:23:11,177 DEBUG com.colin.aspect.ProductControllerAspect [http-nio-8484-exec-9] Returns: [ProductCategory(product=Id: 1 Name: Apple Quantity: 21 Price: 1.25 Category: Fruit, category=Fruit), ProductCategory(product=Id: 3 Name: Carrots Quantity: 762 Price: 3.81 Category: Vegetable, category=Vegetable), ProductCategory(product=Id: 4 Name: Beans Quantity: 202 Price: 1.25 Category: Canned Goods, category=Canned Goods)]
2021-09-02 17:24:34,322 DEBUG com.colin.aspect.ProductControllerAspect [http-nio-8484-exec-7] Method: List com.colin.controller.ProductController.listAllProducts()
2021-09-02 17:24:34,333 DEBUG com.colin.aspect.ProductControllerAspect [http-nio-8484-exec-7] Returns: [ProductCategory(product=Id: 1 Name: Apple Quantity: 21 Price: 1.25 Category: Fruit, category=Fruit), ProductCategory(product=Id: 3 Name: Carrots Quantity: 762 Price: 3.81 Category: Vegetable, category=Vegetable), ProductCategory(product=Id: 4 Name: Beans Quantity: 202 Price: 1.25 Category: Canned Goods, category=Canned Goods)]
2021-09-02 17:24:48,948 DEBUG com.colin.aspect.ProductControllerAspect [http-nio-8484-exec-4] Method: List com.colin.controller.ProductController.listAllProducts()
2021-09-02 17:24:48,959 DEBUG com.colin.aspect.ProductControllerAspect [http-nio-8484-exec-4] Returns: [ProductCategory(product=Id: 1 Name: Apple Quantity: 21 Price: 1.25 Category: Fruit, category=Fruit), ProductCategory(product=Id: 3 Name: Carrots Quantity: 762 Price: 3.81 Category: Vegetable, category=Vegetable), ProductCategory(product=Id: 4 Name: Beans Quantity: 202 Price: 1.25 Category: Canned Goods, category=Canned Goods)]
2021-09-02 17:32:41,376 DEBUG com.colin.aspect.ProductControllerAspect [http-nio-8484-exec-3] Method: ProductCategory com.colin.controller.ProductController.getProductById(long)
2021-09-02 17:32:41,377 DEBUG com.colin.aspect.ProductControllerAspect [http-nio-8484-exec-3] Argument: 1
2021-09-02 17:32:41,386 DEBUG com.colin.aspect.ProductControllerAspect [http-nio-8484-exec-3] Returns: ProductCategory(product=Id: 1 Name: Apple Quantity: 21 Price: 1.25 Category: Fruit, category=Fruit)
2021-09-02 17:32:44,861 DEBUG com.colin.aspect.ProductControllerAspect [http-nio-8484-exec-5] Method: ProductCategory com.colin.controller.ProductController.editProduct(long,ProductCategory)
2021-09-02 17:32:44,862 DEBUG com.colin.aspect.ProductControllerAspect [http-nio-8484-exec-5] Argument: 1
2021-09-02 17:32:44,863 DEBUG com.colin.aspect.ProductControllerAspect [http-nio-8484-exec-5] Argument: ProductCategory(product=Id: 1 Name: Appleawdawdwadawdawd Quantity: 21 Price: 1.25 Category: null, category=Fruit)
2021-09-02 17:32:44,973 DEBUG com.colin.aspect.ProductControllerAspect [http-nio-8484-exec-5] Returns: ProductCategory(product=Id: 1 Name: Appleawdawdwadawdawd Quantity: 21 Price: 1.25 Category: null, category=Fruit)
2021-09-02 17:32:44,984 DEBUG com.colin.aspect.ProductControllerAspect [http-nio-8484-exec-6] Method: List com.colin.controller.ProductController.listAllProducts()
2021-09-02 17:32:44,997 DEBUG com.colin.aspect.ProductControllerAspect [http-nio-8484-exec-6] Returns: [ProductCategory(product=Id: 1 Name: Appleawdawdwadawdawd Quantity: 21 Price: 1.25 Category: Fruit, category=Fruit), ProductCategory(product=Id: 3 Name: Carrots Quantity: 762 Price: 3.81 Category: Vegetable, category=Vegetable), ProductCategory(product=Id: 4 Name: Beans Quantity: 202 Price: 1.25 Category: Canned Goods, category=Canned Goods)]
2021-09-02 17:32:49,002 DEBUG com.colin.aspect.ProductControllerAspect [http-nio-8484-exec-8] Method: ProductCategory com.colin.controller.ProductController.getProductById(long)
2021-09-02 17:32:49,003 DEBUG com.colin.aspect.ProductControllerAspect [http-nio-8484-exec-8] Argument: 1
2021-09-02 17:32:49,011 DEBUG com.colin.aspect.ProductControllerAspect [http-nio-8484-exec-8] Returns: ProductCategory(product=Id: 1 Name: Appleawdawdwadawdawd Quantity: 21 Price: 1.25 Category: Fruit, category=Fruit)
2021-09-02 17:32:52,430 DEBUG com.colin.aspect.ProductControllerAspect [http-nio-8484-exec-9] Method: ProductCategory com.colin.controller.ProductController.editProduct(long,ProductCategory)
2021-09-02 17:32:52,430 DEBUG com.colin.aspect.ProductControllerAspect [http-nio-8484-exec-9] Argument: 1
2021-09-02 17:32:52,430 DEBUG com.colin.aspect.ProductControllerAspect [http-nio-8484-exec-9] Argument: ProductCategory(product=Id: 1 Name: Apples Quantity: 21 Price: 1.25 Category: null, category=Fruit)
2021-09-02 17:32:52,445 DEBUG com.colin.aspect.ProductControllerAspect [http-nio-8484-exec-9] Returns: ProductCategory(product=Id: 1 Name: Apples Quantity: 21 Price: 1.25 Category: null, category=Fruit)
2021-09-02 17:32:52,455 DEBUG com.colin.aspect.ProductControllerAspect [http-nio-8484-exec-1] Method: List com.colin.controller.ProductController.listAllProducts()
2021-09-02 17:32:52,464 DEBUG com.colin.aspect.ProductControllerAspect [http-nio-8484-exec-1] Returns: [ProductCategory(product=Id: 1 Name: Apples Quantity: 21 Price: 1.25 Category: Fruit, category=Fruit), ProductCategory(product=Id: 3 Name: Carrots Quantity: 762 Price: 3.81 Category: Vegetable, category=Vegetable), ProductCategory(product=Id: 4 Name: Beans Quantity: 202 Price: 1.25 Category: Canned Goods, category=Canned Goods)]
2021-09-02 17:32:54,169 DEBUG com.colin.aspect.ProductControllerAspect [http-nio-8484-exec-4] Method: ResponseEntity com.colin.controller.ProductController.deleteProduct(long)
2021-09-02 17:32:54,170 DEBUG com.colin.aspect.ProductControllerAspect [http-nio-8484-exec-4] Argument: 1
2021-09-02 17:32:54,198 DEBUG com.colin.aspect.ProductControllerAspect [http-nio-8484-exec-4] Returns: <202 ACCEPTED Accepted,[]>
2021-09-02 17:32:54,209 DEBUG com.colin.aspect.ProductControllerAspect [http-nio-8484-exec-10] Method: List com.colin.controller.ProductController.listAllProducts()
2021-09-02 17:32:54,216 DEBUG com.colin.aspect.ProductControllerAspect [http-nio-8484-exec-10] Returns: [ProductCategory(product=Id: 3 Name: Carrots Quantity: 762 Price: 3.81 Category: Vegetable, category=Vegetable), ProductCategory(product=Id: 4 Name: Beans Quantity: 202 Price: 1.25 Category: Canned Goods, category=Canned Goods)]
2021-09-02 17:33:10,092 DEBUG com.colin.aspect.ProductControllerAspect [http-nio-8484-exec-2] Method: ResponseEntity com.colin.controller.ProductController.addNewProduct(ProductCategory)
2021-09-02 17:33:10,093 DEBUG com.colin.aspect.ProductControllerAspect [http-nio-8484-exec-2] Argument: ProductCategory(product=Id: 0 Name: Apple Quantity: 202 Price: 0.98 Category: null, category=Fruit)
2021-09-02 17:33:10,125 DEBUG com.colin.aspect.ProductControllerAspect [http-nio-8484-exec-2] Returns: <200 OK OK,ProductCategory(product=Id: 0 Name: Apple Quantity: 202 Price: 0.98 Category: Fruit, category=Fruit),[]>
2021-09-02 17:33:10,135 DEBUG com.colin.aspect.ProductControllerAspect [http-nio-8484-exec-5] Method: List com.colin.controller.ProductController.listAllProducts()
2021-09-02 17:33:10,146 DEBUG com.colin.aspect.ProductControllerAspect [http-nio-8484-exec-5] Returns: [ProductCategory(product=Id: 3 Name: Carrots Quantity: 762 Price: 3.81 Category: Vegetable, category=Vegetable), ProductCategory(product=Id: 4 Name: Beans Quantity: 202 Price: 1.25 Category: Canned Goods, category=Canned Goods), ProductCategory(product=Id: 5 Name: Apple Quantity: 202 Price: 0.98 Category: Fruit, category=Fruit)]
2021-09-02 17:38:21,302 DEBUG com.colin.aspect.ProductControllerAspect [http-nio-8484-exec-1] Method: List com.colin.controller.ProductController.listAllProducts()
2021-09-02 17:38:21,319 DEBUG com.colin.aspect.ProductControllerAspect [http-nio-8484-exec-1] Returns: [ProductCategory(product=Id: 3 Name: Carrots Quantity: 762 Price: 3.81 Category: Vegetable, category=Vegetable), ProductCategory(product=Id: 4 Name: Beans Quantity: 202 Price: 1.25 Category: Canned Goods, category=Canned Goods), ProductCategory(product=Id: 5 Name: Apple Quantity: 202 Price: 0.98 Category: Fruit, category=Fruit)]
