2021-08-30 12:43:22,274 INFO org.hibernate.validator.internal.util.Version [background-preinit] HV000001: Hibernate Validator 6.2.0.Final
2021-08-30 12:43:22,294 INFO org.springframework.boot.StartupInfoLogger [restartedMain] Starting SpringCrudApplication using Java 1.8.0_281 on LP-PF2VB15G with PID 16100 (C:\MyProjects\Spring\SpringCRUD\target\classes started by colin_clarke in C:\MyProjects\Spring\SpringCRUD)
2021-08-30 12:43:22,295 DEBUG org.springframework.boot.StartupInfoLogger [restartedMain] Running with Spring Boot v2.5.3, Spring v5.3.9
2021-08-30 12:43:22,295 INFO org.springframework.boot.SpringApplication [restartedMain] No active profile set, falling back to default profiles: default
2021-08-30 12:43:22,416 INFO org.springframework.boot.logging.DeferredLog [restartedMain] Devtools property defaults active! Set 'spring.devtools.add-properties' to 'false' to disable
2021-08-30 12:43:22,416 INFO org.springframework.boot.logging.DeferredLog [restartedMain] For additional web related logging consider setting the 'logging.level.web' property to 'DEBUG'
2021-08-30 12:43:24,716 INFO org.springframework.data.repository.config.RepositoryConfigurationDelegate [restartedMain] Bootstrapping Spring Data JPA repositories in DEFAULT mode.
2021-08-30 12:43:24,840 INFO org.springframework.data.repository.config.RepositoryConfigurationDelegate [restartedMain] Finished Spring Data repository scanning in 108 ms. Found 4 JPA repository interfaces.
2021-08-30 12:43:27,654 INFO org.springframework.boot.web.embedded.tomcat.TomcatWebServer [restartedMain] Tomcat initialized with port(s): 8484 (http)
2021-08-30 12:43:27,668 INFO org.apache.juli.logging.DirectJDKLog [restartedMain] Initializing ProtocolHandler ["http-nio-8484"]
2021-08-30 12:43:27,669 INFO org.apache.juli.logging.DirectJDKLog [restartedMain] Starting service [Tomcat]
2021-08-30 12:43:27,669 INFO org.apache.juli.logging.DirectJDKLog [restartedMain] Starting Servlet engine: [Apache Tomcat/9.0.50]
2021-08-30 12:43:28,554 INFO org.apache.juli.logging.DirectJDKLog [restartedMain] At least one JAR was scanned for TLDs yet contained no TLDs. Enable debug logging for this logger for a complete list of JARs that were scanned but no TLDs were found in them. Skipping unneeded JARs during scanning can improve startup time and JSP compilation time.
2021-08-30 12:43:28,577 INFO org.apache.juli.logging.DirectJDKLog [restartedMain] Initializing Spring embedded WebApplicationContext
2021-08-30 12:43:28,578 INFO org.springframework.boot.web.servlet.context.ServletWebServerApplicationContext [restartedMain] Root WebApplicationContext: initialization completed in 6161 ms
2021-08-30 12:43:28,649 INFO com.zaxxer.hikari.HikariDataSource [restartedMain] HikariPool-1 - Starting...
2021-08-30 12:43:30,355 INFO com.zaxxer.hikari.HikariDataSource [restartedMain] HikariPool-1 - Start completed.
2021-08-30 12:43:30,362 INFO org.springframework.boot.autoconfigure.h2.H2ConsoleAutoConfiguration [restartedMain] H2 console available at '/h2-console'. Database available at 'jdbc:mysql://localhost:3306/grocery_store'
2021-08-30 12:43:30,616 INFO org.hibernate.jpa.internal.util.LogHelper [restartedMain] HHH000204: Processing PersistenceUnitInfo [name: default]
2021-08-30 12:43:30,734 INFO org.hibernate.Version [restartedMain] HHH000412: Hibernate ORM core version 5.4.32.Final
2021-08-30 12:43:30,949 INFO org.hibernate.annotations.common.reflection.java.JavaReflectionManager [restartedMain] HCANN000001: Hibernate Commons Annotations {5.1.2.Final}
2021-08-30 12:43:31,167 INFO org.hibernate.dialect.Dialect [restartedMain] HHH000400: Using dialect: org.hibernate.dialect.MySQL8Dialect
2021-08-30 12:43:32,344 INFO org.hibernate.engine.transaction.jta.platform.internal.JtaPlatformInitiator [restartedMain] HHH000490: Using JtaPlatform implementation: [org.hibernate.engine.transaction.jta.platform.internal.NoJtaPlatform]
2021-08-30 12:43:32,357 INFO org.springframework.orm.jpa.AbstractEntityManagerFactoryBean [restartedMain] Initialized JPA EntityManagerFactory for persistence unit 'default'
2021-08-30 12:43:33,505 WARN org.springframework.boot.autoconfigure.orm.jpa.JpaBaseConfiguration$JpaWebConfiguration [restartedMain] spring.jpa.open-in-view is enabled by default. Therefore, database queries may be performed during view rendering. Explicitly configure spring.jpa.open-in-view to disable this warning
2021-08-30 12:43:33,950 INFO org.springframework.boot.devtools.autoconfigure.OptionalLiveReloadServer [restartedMain] LiveReload server is running on port 35729
2021-08-30 12:43:34,009 INFO org.springframework.boot.autoconfigure.web.servlet.WelcomePageHandlerMapping [restartedMain] Adding welcome page: class path resource [static/index.html]
2021-08-30 12:43:34,341 INFO org.apache.juli.logging.DirectJDKLog [restartedMain] Starting ProtocolHandler ["http-nio-8484"]
2021-08-30 12:43:34,384 INFO org.springframework.boot.web.embedded.tomcat.TomcatWebServer [restartedMain] Tomcat started on port(s): 8484 (http) with context path ''
2021-08-30 12:43:34,393 INFO springfox.documentation.spring.web.plugins.DocumentationPluginsBootstrapper [restartedMain] Context refreshed
2021-08-30 12:43:34,433 INFO springfox.documentation.spring.web.plugins.DocumentationPluginsBootstrapper [restartedMain] Found 1 custom documentation plugin(s)
2021-08-30 12:43:34,447 INFO springfox.documentation.spring.web.scanners.ApiListingReferenceScanner [restartedMain] Scanning for api listing references
2021-08-30 12:43:34,665 INFO org.springframework.boot.StartupInfoLogger [restartedMain] Started SpringCrudApplication in 13.104 seconds (JVM running for 15.433)
2021-08-30 12:44:18,562 INFO org.apache.juli.logging.DirectJDKLog [http-nio-8484-exec-2] Initializing Spring DispatcherServlet 'dispatcherServlet'
2021-08-30 12:44:18,563 INFO org.springframework.web.servlet.FrameworkServlet [http-nio-8484-exec-2] Initializing Servlet 'dispatcherServlet'
2021-08-30 12:44:18,564 INFO org.springframework.web.servlet.FrameworkServlet [http-nio-8484-exec-2] Completed initialization in 1 ms
2021-08-30 12:44:18,675 DEBUG com.colin.aspect.ProductControllerAspect [http-nio-8484-exec-1] Method: ResponseEntity com.colin.controller.ProductController.addNewProduct(ProductCategory)
2021-08-30 12:44:18,675 DEBUG com.colin.aspect.ProductControllerAspect [http-nio-8484-exec-1] Argument: ProductCategory(product=Product(id=0, name=Chicken, quantity=20, price=7.3, category=null), category=Meat)
2021-08-30 12:44:18,835 DEBUG com.colin.aspect.ProductControllerAspect [http-nio-8484-exec-1] Returns: <200 OK OK,ProductCategory(product=Product(id=12, name=Chicken, quantity=20, price=7.3, category=Meat), category=Meat),[]>
2021-08-30 12:44:45,423 DEBUG com.colin.aspect.ProductControllerAspect [http-nio-8484-exec-3] Method: ProductCategory com.colin.controller.ProductController.getProductById(long)
2021-08-30 12:44:45,424 DEBUG com.colin.aspect.ProductControllerAspect [http-nio-8484-exec-3] Argument: 12
2021-08-30 12:44:45,453 DEBUG com.colin.aspect.ProductControllerAspect [http-nio-8484-exec-3] Returns: ProductCategory(product=Product(id=12, name=Chicken, quantity=20, price=7.3, category=Meat), category=Meat)
2021-08-30 12:44:56,978 DEBUG com.colin.aspect.ProductControllerAspect [http-nio-8484-exec-5] Method: ProductCategory com.colin.controller.ProductController.editProduct(long,ProductCategory)
2021-08-30 12:44:56,979 DEBUG com.colin.aspect.ProductControllerAspect [http-nio-8484-exec-5] Argument: 12
2021-08-30 12:44:56,979 DEBUG com.colin.aspect.ProductControllerAspect [http-nio-8484-exec-5] Argument: ProductCategory(product=Product(id=12, name=Chicken Breast, quantity=21, price=7.32, category=null), category=Meat)
2021-08-30 12:44:57,025 DEBUG com.colin.aspect.ProductControllerAspect [http-nio-8484-exec-5] Returns: ProductCategory(product=Product(id=12, name=Chicken Breast, quantity=21, price=7.32, category=null), category=Meat)
2021-08-30 12:45:02,583 DEBUG com.colin.aspect.ProductControllerAspect [http-nio-8484-exec-6] Method: ProductCategory com.colin.controller.ProductController.getProductById(long)
2021-08-30 12:45:02,583 DEBUG com.colin.aspect.ProductControllerAspect [http-nio-8484-exec-6] Argument: 12
2021-08-30 12:45:02,592 DEBUG com.colin.aspect.ProductControllerAspect [http-nio-8484-exec-6] Returns: ProductCategory(product=Product(id=12, name=Chicken Breast, quantity=21, price=7.32, category=Meat), category=Meat)
2021-08-30 12:45:36,103 DEBUG com.colin.aspect.ProductControllerAspect [http-nio-8484-exec-7] Method: ProductCategory com.colin.controller.ProductController.getProductById(long)
2021-08-30 12:45:36,103 DEBUG com.colin.aspect.ProductControllerAspect [http-nio-8484-exec-7] Argument: 20
2021-08-30 12:45:36,108 DEBUG com.colin.aspect.ProductControllerAspect [http-nio-8484-exec-7] Returns: null
2021-08-30 12:45:52,915 DEBUG com.colin.aspect.ProductControllerAspect [http-nio-8484-exec-8] Method: ProductCategory com.colin.controller.ProductController.getProductById(long)
2021-08-30 12:45:52,916 DEBUG com.colin.aspect.ProductControllerAspect [http-nio-8484-exec-8] Argument: 12
2021-08-30 12:45:52,927 DEBUG com.colin.aspect.ProductControllerAspect [http-nio-8484-exec-8] Returns: ProductCategory(product=Product(id=12, name=Chicken Breast, quantity=21, price=7.32, category=Meat), category=Meat)
2021-08-30 12:45:59,580 DEBUG com.colin.aspect.ProductControllerAspect [http-nio-8484-exec-9] Method: ProductCategory com.colin.controller.ProductController.editProduct(long,ProductCategory)
2021-08-30 12:45:59,580 DEBUG com.colin.aspect.ProductControllerAspect [http-nio-8484-exec-9] Argument: 12
2021-08-30 12:45:59,581 DEBUG com.colin.aspect.ProductControllerAspect [http-nio-8484-exec-9] Argument: ProductCategory(product=Product(id=12, name=Chicken Breast, quantity=-23, price=7.32, category=null), category=Meat)
2021-08-30 12:45:59,610 ERROR org.apache.juli.logging.DirectJDKLog [http-nio-8484-exec-9] Servlet.service() for servlet [dispatcherServlet] in context with path [] threw exception [Request processing failed; nested exception is org.springframework.transaction.TransactionSystemException: Could not commit JPA transaction; nested exception is javax.persistence.RollbackException: Error while committing the transaction] with root cause
javax.validation.ConstraintViolationException: Validation failed for classes [com.colin.models.Product] during update time for groups [javax.validation.groups.Default, ]
List of constraint violations:[
	ConstraintViolationImpl{interpolatedMessage='Product quantity must be a positive integer', propertyPath=quantity, rootBeanClass=class com.colin.models.Product, messageTemplate='Product quantity must be a positive integer'}
]
	at org.hibernate.cfg.beanvalidation.BeanValidationEventListener.validate(BeanValidationEventListener.java:140)
	at org.hibernate.cfg.beanvalidation.BeanValidationEventListener.onPreUpdate(BeanValidationEventListener.java:88)
	at org.hibernate.action.internal.EntityUpdateAction.preUpdate(EntityUpdateAction.java:304)
	at org.hibernate.action.internal.EntityUpdateAction.execute(EntityUpdateAction.java:174)
	at org.hibernate.engine.spi.ActionQueue.executeActions(ActionQueue.java:604)
	at org.hibernate.engine.spi.ActionQueue.lambda$executeActions$1(ActionQueue.java:478)
	at java.util.LinkedHashMap.forEach(LinkedHashMap.java:684)
	at org.hibernate.engine.spi.ActionQueue.executeActions(ActionQueue.java:475)
	at org.hibernate.event.internal.AbstractFlushingEventListener.performExecutions(AbstractFlushingEventListener.java:344)
	at org.hibernate.event.internal.DefaultFlushEventListener.onFlush(DefaultFlushEventListener.java:40)
	at org.hibernate.event.service.internal.EventListenerGroupImpl.fireEventOnEachListener(EventListenerGroupImpl.java:99)
	at org.hibernate.internal.SessionImpl.doFlush(SessionImpl.java:1362)
	at org.hibernate.internal.SessionImpl.managedFlush(SessionImpl.java:453)
	at org.hibernate.internal.SessionImpl.flushBeforeTransactionCompletion(SessionImpl.java:3212)
	at org.hibernate.internal.SessionImpl.beforeTransactionCompletion(SessionImpl.java:2380)
	at org.hibernate.engine.jdbc.internal.JdbcCoordinatorImpl.beforeTransactionCompletion(JdbcCoordinatorImpl.java:448)
	at org.hibernate.resource.transaction.backend.jdbc.internal.JdbcResourceLocalTransactionCoordinatorImpl.beforeCompletionCallback(JdbcResourceLocalTransactionCoordinatorImpl.java:183)
	at org.hibernate.resource.transaction.backend.jdbc.internal.JdbcResourceLocalTransactionCoordinatorImpl.access$300(JdbcResourceLocalTransactionCoordinatorImpl.java:40)
	at org.hibernate.resource.transaction.backend.jdbc.internal.JdbcResourceLocalTransactionCoordinatorImpl$TransactionDriverControlImpl.commit(JdbcResourceLocalTransactionCoordinatorImpl.java:281)
	at org.hibernate.engine.transaction.internal.TransactionImpl.commit(TransactionImpl.java:101)
	at org.springframework.orm.jpa.JpaTransactionManager.doCommit(JpaTransactionManager.java:562)
	at org.springframework.transaction.support.AbstractPlatformTransactionManager.processCommit(AbstractPlatformTransactionManager.java:743)
	at org.springframework.transaction.support.AbstractPlatformTransactionManager.commit(AbstractPlatformTransactionManager.java:711)
	at org.springframework.transaction.interceptor.TransactionAspectSupport.commitTransactionAfterReturning(TransactionAspectSupport.java:654)
	at org.springframework.transaction.interceptor.TransactionAspectSupport.invokeWithinTransaction(TransactionAspectSupport.java:407)
	at org.springframework.transaction.interceptor.TransactionInterceptor.invoke(TransactionInterceptor.java:119)
	at org.springframework.aop.framework.ReflectiveMethodInvocation.proceed(ReflectiveMethodInvocation.java:186)
	at org.springframework.dao.support.PersistenceExceptionTranslationInterceptor.invoke(PersistenceExceptionTranslationInterceptor.java:137)
	at org.springframework.aop.framework.ReflectiveMethodInvocation.proceed(ReflectiveMethodInvocation.java:186)
	at org.springframework.data.jpa.repository.support.CrudMethodMetadataPostProcessor$CrudMethodMetadataPopulatingMethodInterceptor.invoke(CrudMethodMetadataPostProcessor.java:174)
	at org.springframework.aop.framework.ReflectiveMethodInvocation.proceed(ReflectiveMethodInvocation.java:186)
	at org.springframework.aop.interceptor.ExposeInvocationInterceptor.invoke(ExposeInvocationInterceptor.java:97)
	at org.springframework.aop.framework.ReflectiveMethodInvocation.proceed(ReflectiveMethodInvocation.java:186)
	at org.springframework.aop.framework.JdkDynamicAopProxy.invoke(JdkDynamicAopProxy.java:215)
	at com.sun.proxy.$Proxy118.save(Unknown Source)
	at com.colin.controller.ProductController.editProduct(ProductController.java:65)
	at com.colin.controller.ProductController$$FastClassBySpringCGLIB$$69f5fe2f.invoke(<generated>)
	at org.springframework.cglib.proxy.MethodProxy.invoke(MethodProxy.java:218)
	at org.springframework.aop.framework.CglibAopProxy$CglibMethodInvocation.invokeJoinpoint(CglibAopProxy.java:779)
	at org.springframework.aop.framework.ReflectiveMethodInvocation.proceed(ReflectiveMethodInvocation.java:163)
	at org.springframework.aop.framework.CglibAopProxy$CglibMethodInvocation.proceed(CglibAopProxy.java:750)
	at org.springframework.aop.framework.adapter.AfterReturningAdviceInterceptor.invoke(AfterReturningAdviceInterceptor.java:57)
	at org.springframework.aop.framework.ReflectiveMethodInvocation.proceed(ReflectiveMethodInvocation.java:186)
	at org.springframework.aop.framework.CglibAopProxy$CglibMethodInvocation.proceed(CglibAopProxy.java:750)
	at org.springframework.aop.framework.adapter.MethodBeforeAdviceInterceptor.invoke(MethodBeforeAdviceInterceptor.java:58)
	at org.springframework.aop.framework.ReflectiveMethodInvocation.proceed(ReflectiveMethodInvocation.java:186)
	at org.springframework.aop.framework.CglibAopProxy$CglibMethodInvocation.proceed(CglibAopProxy.java:750)
	at org.springframework.aop.interceptor.ExposeInvocationInterceptor.invoke(ExposeInvocationInterceptor.java:97)
	at org.springframework.aop.framework.ReflectiveMethodInvocation.proceed(ReflectiveMethodInvocation.java:186)
	at org.springframework.aop.framework.CglibAopProxy$CglibMethodInvocation.proceed(CglibAopProxy.java:750)
	at org.springframework.aop.framework.CglibAopProxy$DynamicAdvisedInterceptor.intercept(CglibAopProxy.java:692)
	at com.colin.controller.ProductController$$EnhancerBySpringCGLIB$$8a123275.editProduct(<generated>)
	at sun.reflect.NativeMethodAccessorImpl.invoke0(Native Method)
	at sun.reflect.NativeMethodAccessorImpl.invoke(NativeMethodAccessorImpl.java:62)
	at sun.reflect.DelegatingMethodAccessorImpl.invoke(DelegatingMethodAccessorImpl.java:43)
	at java.lang.reflect.Method.invoke(Method.java:498)
	at org.springframework.web.method.support.InvocableHandlerMethod.doInvoke(InvocableHandlerMethod.java:197)
	at org.springframework.web.method.support.InvocableHandlerMethod.invokeForRequest(InvocableHandlerMethod.java:141)
	at org.springframework.web.servlet.mvc.method.annotation.ServletInvocableHandlerMethod.invokeAndHandle(ServletInvocableHandlerMethod.java:106)
	at org.springframework.web.servlet.mvc.method.annotation.RequestMappingHandlerAdapter.invokeHandlerMethod(RequestMappingHandlerAdapter.java:895)
	at org.springframework.web.servlet.mvc.method.annotation.RequestMappingHandlerAdapter.handleInternal(RequestMappingHandlerAdapter.java:808)
	at org.springframework.web.servlet.mvc.method.AbstractHandlerMethodAdapter.handle(AbstractHandlerMethodAdapter.java:87)
	at org.springframework.web.servlet.DispatcherServlet.doDispatch(DispatcherServlet.java:1064)
	at org.springframework.web.servlet.DispatcherServlet.doService(DispatcherServlet.java:963)
	at org.springframework.web.servlet.FrameworkServlet.processRequest(FrameworkServlet.java:1006)
	at org.springframework.web.servlet.FrameworkServlet.doPut(FrameworkServlet.java:920)
	at javax.servlet.http.HttpServlet.service(HttpServlet.java:684)
	at org.springframework.web.servlet.FrameworkServlet.service(FrameworkServlet.java:883)
	at javax.servlet.http.HttpServlet.service(HttpServlet.java:764)
	at org.apache.catalina.core.ApplicationFilterChain.internalDoFilter(ApplicationFilterChain.java:228)
	at org.apache.catalina.core.ApplicationFilterChain.doFilter(ApplicationFilterChain.java:163)
	at org.apache.tomcat.websocket.server.WsFilter.doFilter(WsFilter.java:53)
	at org.apache.catalina.core.ApplicationFilterChain.internalDoFilter(ApplicationFilterChain.java:190)
	at org.apache.catalina.core.ApplicationFilterChain.doFilter(ApplicationFilterChain.java:163)
	at org.springframework.web.filter.RequestContextFilter.doFilterInternal(RequestContextFilter.java:100)
	at org.springframework.web.filter.OncePerRequestFilter.doFilter(OncePerRequestFilter.java:119)
	at org.apache.catalina.core.ApplicationFilterChain.internalDoFilter(ApplicationFilterChain.java:190)
	at org.apache.catalina.core.ApplicationFilterChain.doFilter(ApplicationFilterChain.java:163)
	at org.springframework.web.filter.FormContentFilter.doFilterInternal(FormContentFilter.java:93)
	at org.springframework.web.filter.OncePerRequestFilter.doFilter(OncePerRequestFilter.java:119)
	at org.apache.catalina.core.ApplicationFilterChain.internalDoFilter(ApplicationFilterChain.java:190)
	at org.apache.catalina.core.ApplicationFilterChain.doFilter(ApplicationFilterChain.java:163)
	at org.springframework.web.filter.CharacterEncodingFilter.doFilterInternal(CharacterEncodingFilter.java:201)
	at org.springframework.web.filter.OncePerRequestFilter.doFilter(OncePerRequestFilter.java:119)
	at org.apache.catalina.core.ApplicationFilterChain.internalDoFilter(ApplicationFilterChain.java:190)
	at org.apache.catalina.core.ApplicationFilterChain.doFilter(ApplicationFilterChain.java:163)
	at org.apache.catalina.core.StandardWrapperValve.invoke(StandardWrapperValve.java:202)
	at org.apache.catalina.core.StandardContextValve.invoke(StandardContextValve.java:97)
	at org.apache.catalina.authenticator.AuthenticatorBase.invoke(AuthenticatorBase.java:542)
	at org.apache.catalina.core.StandardHostValve.invoke(StandardHostValve.java:143)
	at org.apache.catalina.valves.ErrorReportValve.invoke(ErrorReportValve.java:92)
	at org.apache.catalina.core.StandardEngineValve.invoke(StandardEngineValve.java:78)
	at org.apache.catalina.connector.CoyoteAdapter.service(CoyoteAdapter.java:357)
	at org.apache.coyote.http11.Http11Processor.service(Http11Processor.java:382)
	at org.apache.coyote.AbstractProcessorLight.process(AbstractProcessorLight.java:65)
	at org.apache.coyote.AbstractProtocol$ConnectionHandler.process(AbstractProtocol.java:893)
	at org.apache.tomcat.util.net.NioEndpoint$SocketProcessor.doRun(NioEndpoint.java:1723)
	at org.apache.tomcat.util.net.SocketProcessorBase.run(SocketProcessorBase.java:49)
	at java.util.concurrent.ThreadPoolExecutor.runWorker(ThreadPoolExecutor.java:1149)
	at java.util.concurrent.ThreadPoolExecutor$Worker.run(ThreadPoolExecutor.java:624)
	at org.apache.tomcat.util.threads.TaskThread$WrappingRunnable.run(TaskThread.java:61)
	at java.lang.Thread.run(Thread.java:748)
2021-08-30 12:46:11,706 DEBUG com.colin.aspect.ProductControllerAspect [http-nio-8484-exec-10] Method: ProductCategory com.colin.controller.ProductController.getProductById(long)
2021-08-30 12:46:11,707 DEBUG com.colin.aspect.ProductControllerAspect [http-nio-8484-exec-10] Argument: 12
2021-08-30 12:46:11,712 DEBUG com.colin.aspect.ProductControllerAspect [http-nio-8484-exec-10] Returns: ProductCategory(product=Product(id=12, name=Chicken Breast, quantity=21, price=7.32, category=Meat), category=Meat)
2021-08-30 14:09:26,723 DEBUG com.colin.aspect.ProductControllerAspect [http-nio-8484-exec-1] Method: ProductCategory com.colin.controller.ProductController.getProductById(long)
2021-08-30 14:09:26,726 DEBUG com.colin.aspect.ProductControllerAspect [http-nio-8484-exec-1] Argument: 12
2021-08-30 14:09:26,744 DEBUG com.colin.aspect.ProductControllerAspect [http-nio-8484-exec-1] Returns: ProductCategory(product=Product(id=12, name=Chicken Breast, quantity=21, price=7.32, category=Meat), category=Meat)
2021-08-30 14:18:17,897 INFO org.springframework.orm.jpa.AbstractEntityManagerFactoryBean [Thread-5] Closing JPA EntityManagerFactory for persistence unit 'default'
2021-08-30 14:18:17,907 INFO com.zaxxer.hikari.HikariDataSource [Thread-5] HikariPool-1 - Shutdown initiated...
2021-08-30 14:18:17,919 INFO com.zaxxer.hikari.HikariDataSource [Thread-5] HikariPool-1 - Shutdown completed.
2021-08-30 14:18:18,147 INFO org.springframework.boot.StartupInfoLogger [restartedMain] Starting SpringCrudApplication using Java 1.8.0_281 on LP-PF2VB15G with PID 16100 (C:\MyProjects\Spring\SpringCRUD\target\classes started by colin_clarke in C:\MyProjects\Spring\SpringCRUD)
2021-08-30 14:18:18,147 DEBUG org.springframework.boot.StartupInfoLogger [restartedMain] Running with Spring Boot v2.5.3, Spring v5.3.9
2021-08-30 14:18:18,147 INFO org.springframework.boot.SpringApplication [restartedMain] No active profile set, falling back to default profiles: default
2021-08-30 14:18:19,091 INFO org.springframework.data.repository.config.RepositoryConfigurationDelegate [restartedMain] Bootstrapping Spring Data JPA repositories in DEFAULT mode.
2021-08-30 14:18:19,135 INFO org.springframework.data.repository.config.RepositoryConfigurationDelegate [restartedMain] Finished Spring Data repository scanning in 42 ms. Found 4 JPA repository interfaces.
2021-08-30 14:18:20,067 INFO org.springframework.boot.web.embedded.tomcat.TomcatWebServer [restartedMain] Tomcat initialized with port(s): 8484 (http)
2021-08-30 14:18:20,068 INFO org.apache.juli.logging.DirectJDKLog [restartedMain] Initializing ProtocolHandler ["http-nio-8484"]
2021-08-30 14:18:20,069 INFO org.apache.juli.logging.DirectJDKLog [restartedMain] Starting service [Tomcat]
2021-08-30 14:18:20,069 INFO org.apache.juli.logging.DirectJDKLog [restartedMain] Starting Servlet engine: [Apache Tomcat/9.0.50]
2021-08-30 14:18:20,716 INFO org.apache.juli.logging.DirectJDKLog [restartedMain] At least one JAR was scanned for TLDs yet contained no TLDs. Enable debug logging for this logger for a complete list of JARs that were scanned but no TLDs were found in them. Skipping unneeded JARs during scanning can improve startup time and JSP compilation time.
2021-08-30 14:18:20,729 INFO org.apache.juli.logging.DirectJDKLog [restartedMain] Initializing Spring embedded WebApplicationContext
2021-08-30 14:18:20,729 INFO org.springframework.boot.web.servlet.context.ServletWebServerApplicationContext [restartedMain] Root WebApplicationContext: initialization completed in 2578 ms
2021-08-30 14:18:20,742 INFO com.zaxxer.hikari.HikariDataSource [restartedMain] HikariPool-2 - Starting...
2021-08-30 14:18:20,762 INFO com.zaxxer.hikari.HikariDataSource [restartedMain] HikariPool-2 - Start completed.
2021-08-30 14:18:20,763 INFO org.springframework.boot.autoconfigure.h2.H2ConsoleAutoConfiguration [restartedMain] H2 console available at '/h2-console'. Database available at 'jdbc:mysql://localhost:3306/grocery_store'
2021-08-30 14:18:20,811 INFO org.hibernate.jpa.internal.util.LogHelper [restartedMain] HHH000204: Processing PersistenceUnitInfo [name: default]
2021-08-30 14:18:20,817 INFO org.hibernate.dialect.Dialect [restartedMain] HHH000400: Using dialect: org.hibernate.dialect.MySQL8Dialect
2021-08-30 14:18:20,933 INFO org.hibernate.engine.transaction.jta.platform.internal.JtaPlatformInitiator [restartedMain] HHH000490: Using JtaPlatform implementation: [org.hibernate.engine.transaction.jta.platform.internal.NoJtaPlatform]
2021-08-30 14:18:20,933 INFO org.springframework.orm.jpa.AbstractEntityManagerFactoryBean [restartedMain] Initialized JPA EntityManagerFactory for persistence unit 'default'
2021-08-30 14:18:21,139 WARN org.springframework.boot.autoconfigure.orm.jpa.JpaBaseConfiguration$JpaWebConfiguration [restartedMain] spring.jpa.open-in-view is enabled by default. Therefore, database queries may be performed during view rendering. Explicitly configure spring.jpa.open-in-view to disable this warning
2021-08-30 14:18:21,220 INFO org.springframework.boot.devtools.autoconfigure.OptionalLiveReloadServer [restartedMain] LiveReload server is running on port 35729
2021-08-30 14:18:21,225 INFO org.springframework.boot.autoconfigure.web.servlet.WelcomePageHandlerMapping [restartedMain] Adding welcome page: class path resource [static/index.html]
2021-08-30 14:18:21,288 INFO org.apache.juli.logging.DirectJDKLog [restartedMain] Starting ProtocolHandler ["http-nio-8484"]
2021-08-30 14:18:21,293 INFO org.springframework.boot.web.embedded.tomcat.TomcatWebServer [restartedMain] Tomcat started on port(s): 8484 (http) with context path ''
2021-08-30 14:18:21,296 INFO springfox.documentation.spring.web.plugins.DocumentationPluginsBootstrapper [restartedMain] Context refreshed
2021-08-30 14:18:21,297 INFO springfox.documentation.spring.web.plugins.DocumentationPluginsBootstrapper [restartedMain] Found 1 custom documentation plugin(s)
2021-08-30 14:18:21,299 INFO springfox.documentation.spring.web.scanners.ApiListingReferenceScanner [restartedMain] Scanning for api listing references
2021-08-30 14:18:21,334 INFO org.springframework.boot.StartupInfoLogger [restartedMain] Started SpringCrudApplication in 3.255 seconds (JVM running for 5702.102)
2021-08-30 14:18:21,337 INFO org.springframework.boot.devtools.autoconfigure.ConditionEvaluationDeltaLoggingListener [restartedMain] Condition evaluation unchanged
2021-08-30 14:19:58,911 INFO org.springframework.orm.jpa.AbstractEntityManagerFactoryBean [Thread-8] Closing JPA EntityManagerFactory for persistence unit 'default'
2021-08-30 14:19:58,913 INFO com.zaxxer.hikari.HikariDataSource [Thread-8] HikariPool-2 - Shutdown initiated...
2021-08-30 14:19:58,923 INFO com.zaxxer.hikari.HikariDataSource [Thread-8] HikariPool-2 - Shutdown completed.
2021-08-30 14:19:59,154 INFO org.springframework.boot.StartupInfoLogger [restartedMain] Starting SpringCrudApplication using Java 1.8.0_281 on LP-PF2VB15G with PID 16100 (C:\MyProjects\Spring\SpringCRUD\target\classes started by colin_clarke in C:\MyProjects\Spring\SpringCRUD)
2021-08-30 14:19:59,154 DEBUG org.springframework.boot.StartupInfoLogger [restartedMain] Running with Spring Boot v2.5.3, Spring v5.3.9
2021-08-30 14:19:59,154 INFO org.springframework.boot.SpringApplication [restartedMain] No active profile set, falling back to default profiles: default
2021-08-30 14:20:00,052 INFO org.springframework.data.repository.config.RepositoryConfigurationDelegate [restartedMain] Bootstrapping Spring Data JPA repositories in DEFAULT mode.
2021-08-30 14:20:00,095 INFO org.springframework.data.repository.config.RepositoryConfigurationDelegate [restartedMain] Finished Spring Data repository scanning in 41 ms. Found 4 JPA repository interfaces.
2021-08-30 14:20:01,042 INFO org.springframework.boot.web.embedded.tomcat.TomcatWebServer [restartedMain] Tomcat initialized with port(s): 8484 (http)
2021-08-30 14:20:01,043 INFO org.apache.juli.logging.DirectJDKLog [restartedMain] Initializing ProtocolHandler ["http-nio-8484"]
2021-08-30 14:20:01,043 INFO org.apache.juli.logging.DirectJDKLog [restartedMain] Starting service [Tomcat]
2021-08-30 14:20:01,044 INFO org.apache.juli.logging.DirectJDKLog [restartedMain] Starting Servlet engine: [Apache Tomcat/9.0.50]
2021-08-30 14:20:01,667 INFO org.apache.juli.logging.DirectJDKLog [restartedMain] At least one JAR was scanned for TLDs yet contained no TLDs. Enable debug logging for this logger for a complete list of JARs that were scanned but no TLDs were found in them. Skipping unneeded JARs during scanning can improve startup time and JSP compilation time.
2021-08-30 14:20:01,682 INFO org.apache.juli.logging.DirectJDKLog [restartedMain] Initializing Spring embedded WebApplicationContext
2021-08-30 14:20:01,682 INFO org.springframework.boot.web.servlet.context.ServletWebServerApplicationContext [restartedMain] Root WebApplicationContext: initialization completed in 2524 ms
2021-08-30 14:20:01,691 INFO com.zaxxer.hikari.HikariDataSource [restartedMain] HikariPool-3 - Starting...
2021-08-30 14:20:01,709 INFO com.zaxxer.hikari.HikariDataSource [restartedMain] HikariPool-3 - Start completed.
2021-08-30 14:20:01,709 INFO org.springframework.boot.autoconfigure.h2.H2ConsoleAutoConfiguration [restartedMain] H2 console available at '/h2-console'. Database available at 'jdbc:mysql://localhost:3306/grocery_store'
2021-08-30 14:20:01,751 INFO org.hibernate.jpa.internal.util.LogHelper [restartedMain] HHH000204: Processing PersistenceUnitInfo [name: default]
2021-08-30 14:20:01,754 INFO org.hibernate.dialect.Dialect [restartedMain] HHH000400: Using dialect: org.hibernate.dialect.MySQL8Dialect
2021-08-30 14:20:01,848 INFO org.hibernate.engine.transaction.jta.platform.internal.JtaPlatformInitiator [restartedMain] HHH000490: Using JtaPlatform implementation: [org.hibernate.engine.transaction.jta.platform.internal.NoJtaPlatform]
2021-08-30 14:20:01,849 INFO org.springframework.orm.jpa.AbstractEntityManagerFactoryBean [restartedMain] Initialized JPA EntityManagerFactory for persistence unit 'default'
2021-08-30 14:20:02,025 WARN org.springframework.boot.autoconfigure.orm.jpa.JpaBaseConfiguration$JpaWebConfiguration [restartedMain] spring.jpa.open-in-view is enabled by default. Therefore, database queries may be performed during view rendering. Explicitly configure spring.jpa.open-in-view to disable this warning
2021-08-30 14:20:02,094 INFO org.springframework.boot.devtools.autoconfigure.OptionalLiveReloadServer [restartedMain] LiveReload server is running on port 35729
2021-08-30 14:20:02,098 INFO org.springframework.boot.autoconfigure.web.servlet.WelcomePageHandlerMapping [restartedMain] Adding welcome page: class path resource [static/index.html]
2021-08-30 14:20:02,140 INFO org.apache.juli.logging.DirectJDKLog [restartedMain] Starting ProtocolHandler ["http-nio-8484"]
2021-08-30 14:20:02,144 INFO org.springframework.boot.web.embedded.tomcat.TomcatWebServer [restartedMain] Tomcat started on port(s): 8484 (http) with context path ''
2021-08-30 14:20:02,146 INFO springfox.documentation.spring.web.plugins.DocumentationPluginsBootstrapper [restartedMain] Context refreshed
2021-08-30 14:20:02,147 INFO springfox.documentation.spring.web.plugins.DocumentationPluginsBootstrapper [restartedMain] Found 1 custom documentation plugin(s)
2021-08-30 14:20:02,148 INFO springfox.documentation.spring.web.scanners.ApiListingReferenceScanner [restartedMain] Scanning for api listing references
2021-08-30 14:20:02,179 INFO org.springframework.boot.StartupInfoLogger [restartedMain] Started SpringCrudApplication in 3.077 seconds (JVM running for 5802.946)
2021-08-30 14:20:02,180 INFO org.springframework.boot.devtools.autoconfigure.ConditionEvaluationDeltaLoggingListener [restartedMain] Condition evaluation unchanged
2021-08-30 14:20:52,205 INFO org.hibernate.validator.internal.util.Version [background-preinit] HV000001: Hibernate Validator 6.2.0.Final
2021-08-30 14:20:52,225 INFO org.springframework.boot.StartupInfoLogger [restartedMain] Starting SpringCrudApplication using Java 1.8.0_281 on LP-PF2VB15G with PID 17664 (C:\MyProjects\Spring\SpringCRUD\target\classes started by colin_clarke in C:\MyProjects\Spring\SpringCRUD)
2021-08-30 14:20:52,226 DEBUG org.springframework.boot.StartupInfoLogger [restartedMain] Running with Spring Boot v2.5.3, Spring v5.3.9
2021-08-30 14:20:52,226 INFO org.springframework.boot.SpringApplication [restartedMain] No active profile set, falling back to default profiles: default
2021-08-30 14:20:52,282 INFO org.springframework.boot.logging.DeferredLog [restartedMain] Devtools property defaults active! Set 'spring.devtools.add-properties' to 'false' to disable
2021-08-30 14:20:52,282 INFO org.springframework.boot.logging.DeferredLog [restartedMain] For additional web related logging consider setting the 'logging.level.web' property to 'DEBUG'
2021-08-30 14:20:53,618 INFO org.springframework.data.repository.config.RepositoryConfigurationDelegate [restartedMain] Bootstrapping Spring Data JPA repositories in DEFAULT mode.
2021-08-30 14:20:53,702 INFO org.springframework.data.repository.config.RepositoryConfigurationDelegate [restartedMain] Finished Spring Data repository scanning in 74 ms. Found 4 JPA repository interfaces.
2021-08-30 14:20:55,357 INFO org.springframework.boot.web.embedded.tomcat.TomcatWebServer [restartedMain] Tomcat initialized with port(s): 8484 (http)
2021-08-30 14:20:55,368 INFO org.apache.juli.logging.DirectJDKLog [restartedMain] Initializing ProtocolHandler ["http-nio-8484"]
2021-08-30 14:20:55,369 INFO org.apache.juli.logging.DirectJDKLog [restartedMain] Starting service [Tomcat]
2021-08-30 14:20:55,369 INFO org.apache.juli.logging.DirectJDKLog [restartedMain] Starting Servlet engine: [Apache Tomcat/9.0.50]
2021-08-30 14:20:56,226 INFO org.apache.juli.logging.DirectJDKLog [restartedMain] At least one JAR was scanned for TLDs yet contained no TLDs. Enable debug logging for this logger for a complete list of JARs that were scanned but no TLDs were found in them. Skipping unneeded JARs during scanning can improve startup time and JSP compilation time.
2021-08-30 14:20:56,242 INFO org.apache.juli.logging.DirectJDKLog [restartedMain] Initializing Spring embedded WebApplicationContext
2021-08-30 14:20:56,242 INFO org.springframework.boot.web.servlet.context.ServletWebServerApplicationContext [restartedMain] Root WebApplicationContext: initialization completed in 3959 ms
2021-08-30 14:20:56,278 INFO com.zaxxer.hikari.HikariDataSource [restartedMain] HikariPool-1 - Starting...
2021-08-30 14:20:57,600 INFO com.zaxxer.hikari.HikariDataSource [restartedMain] HikariPool-1 - Start completed.
2021-08-30 14:20:57,606 INFO org.springframework.boot.autoconfigure.h2.H2ConsoleAutoConfiguration [restartedMain] H2 console available at '/h2-console'. Database available at 'jdbc:mysql://localhost:3306/grocery_store'
2021-08-30 14:20:57,789 INFO org.hibernate.jpa.internal.util.LogHelper [restartedMain] HHH000204: Processing PersistenceUnitInfo [name: default]
2021-08-30 14:20:57,868 INFO org.hibernate.Version [restartedMain] HHH000412: Hibernate ORM core version 5.4.32.Final
2021-08-30 14:20:58,026 INFO org.hibernate.annotations.common.reflection.java.JavaReflectionManager [restartedMain] HCANN000001: Hibernate Commons Annotations {5.1.2.Final}
2021-08-30 14:20:58,150 INFO org.hibernate.dialect.Dialect [restartedMain] HHH000400: Using dialect: org.hibernate.dialect.MySQL8Dialect
2021-08-30 14:20:59,049 INFO org.hibernate.engine.transaction.jta.platform.internal.JtaPlatformInitiator [restartedMain] HHH000490: Using JtaPlatform implementation: [org.hibernate.engine.transaction.jta.platform.internal.NoJtaPlatform]
2021-08-30 14:20:59,059 INFO org.springframework.orm.jpa.AbstractEntityManagerFactoryBean [restartedMain] Initialized JPA EntityManagerFactory for persistence unit 'default'
2021-08-30 14:20:59,924 WARN org.springframework.boot.autoconfigure.orm.jpa.JpaBaseConfiguration$JpaWebConfiguration [restartedMain] spring.jpa.open-in-view is enabled by default. Therefore, database queries may be performed during view rendering. Explicitly configure spring.jpa.open-in-view to disable this warning
2021-08-30 14:21:00,229 INFO org.springframework.boot.devtools.autoconfigure.OptionalLiveReloadServer [restartedMain] LiveReload server is running on port 35729
2021-08-30 14:21:00,269 INFO org.springframework.boot.autoconfigure.web.servlet.WelcomePageHandlerMapping [restartedMain] Adding welcome page: class path resource [static/index.html]
2021-08-30 14:21:00,554 INFO org.apache.juli.logging.DirectJDKLog [restartedMain] Starting ProtocolHandler ["http-nio-8484"]
2021-08-30 14:21:00,593 INFO org.springframework.boot.web.embedded.tomcat.TomcatWebServer [restartedMain] Tomcat started on port(s): 8484 (http) with context path ''
2021-08-30 14:21:00,601 INFO springfox.documentation.spring.web.plugins.DocumentationPluginsBootstrapper [restartedMain] Context refreshed
2021-08-30 14:21:00,637 INFO springfox.documentation.spring.web.plugins.DocumentationPluginsBootstrapper [restartedMain] Found 1 custom documentation plugin(s)
2021-08-30 14:21:00,654 INFO springfox.documentation.spring.web.scanners.ApiListingReferenceScanner [restartedMain] Scanning for api listing references
2021-08-30 14:21:00,868 INFO org.springframework.boot.StartupInfoLogger [restartedMain] Started SpringCrudApplication in 9.161 seconds (JVM running for 11.341)
2021-08-30 14:44:37,225 INFO org.hibernate.validator.internal.util.Version [background-preinit] HV000001: Hibernate Validator 6.2.0.Final
2021-08-30 14:44:37,248 INFO org.springframework.boot.StartupInfoLogger [restartedMain] Starting SpringCrudApplication using Java 1.8.0_281 on LP-PF2VB15G with PID 17688 (C:\MyProjects\Spring\SpringCRUD\target\classes started by colin_clarke in C:\MyProjects\Spring\SpringCRUD)
2021-08-30 14:44:37,249 DEBUG org.springframework.boot.StartupInfoLogger [restartedMain] Running with Spring Boot v2.5.3, Spring v5.3.9
2021-08-30 14:44:37,249 INFO org.springframework.boot.SpringApplication [restartedMain] No active profile set, falling back to default profiles: default
2021-08-30 14:44:37,335 INFO org.springframework.boot.logging.DeferredLog [restartedMain] Devtools property defaults active! Set 'spring.devtools.add-properties' to 'false' to disable
2021-08-30 14:44:37,335 INFO org.springframework.boot.logging.DeferredLog [restartedMain] For additional web related logging consider setting the 'logging.level.web' property to 'DEBUG'
2021-08-30 14:44:39,315 INFO org.springframework.data.repository.config.RepositoryConfigurationDelegate [restartedMain] Bootstrapping Spring Data JPA repositories in DEFAULT mode.
2021-08-30 14:44:39,407 INFO org.springframework.data.repository.config.RepositoryConfigurationDelegate [restartedMain] Finished Spring Data repository scanning in 80 ms. Found 4 JPA repository interfaces.
2021-08-30 14:44:41,360 INFO org.springframework.boot.web.embedded.tomcat.TomcatWebServer [restartedMain] Tomcat initialized with port(s): 8484 (http)
2021-08-30 14:44:41,374 INFO org.apache.juli.logging.DirectJDKLog [restartedMain] Initializing ProtocolHandler ["http-nio-8484"]
2021-08-30 14:44:41,375 INFO org.apache.juli.logging.DirectJDKLog [restartedMain] Starting service [Tomcat]
2021-08-30 14:44:41,375 INFO org.apache.juli.logging.DirectJDKLog [restartedMain] Starting Servlet engine: [Apache Tomcat/9.0.50]
2021-08-30 14:44:42,255 INFO org.apache.juli.logging.DirectJDKLog [restartedMain] At least one JAR was scanned for TLDs yet contained no TLDs. Enable debug logging for this logger for a complete list of JARs that were scanned but no TLDs were found in them. Skipping unneeded JARs during scanning can improve startup time and JSP compilation time.
2021-08-30 14:44:42,272 INFO org.apache.juli.logging.DirectJDKLog [restartedMain] Initializing Spring embedded WebApplicationContext
2021-08-30 14:44:42,272 INFO org.springframework.boot.web.servlet.context.ServletWebServerApplicationContext [restartedMain] Root WebApplicationContext: initialization completed in 4935 ms
2021-08-30 14:44:42,310 INFO com.zaxxer.hikari.HikariDataSource [restartedMain] HikariPool-1 - Starting...
2021-08-30 14:44:43,722 INFO com.zaxxer.hikari.HikariDataSource [restartedMain] HikariPool-1 - Start completed.
2021-08-30 14:44:43,728 INFO org.springframework.boot.autoconfigure.h2.H2ConsoleAutoConfiguration [restartedMain] H2 console available at '/h2-console'. Database available at 'jdbc:mysql://localhost:3306/grocery_store'
2021-08-30 14:44:43,947 INFO org.hibernate.jpa.internal.util.LogHelper [restartedMain] HHH000204: Processing PersistenceUnitInfo [name: default]
2021-08-30 14:44:44,032 INFO org.hibernate.Version [restartedMain] HHH000412: Hibernate ORM core version 5.4.32.Final
2021-08-30 14:44:44,201 INFO org.hibernate.annotations.common.reflection.java.JavaReflectionManager [restartedMain] HCANN000001: Hibernate Commons Annotations {5.1.2.Final}
2021-08-30 14:44:44,325 INFO org.hibernate.dialect.Dialect [restartedMain] HHH000400: Using dialect: org.hibernate.dialect.MySQL8Dialect
2021-08-30 14:44:45,231 INFO org.hibernate.engine.transaction.jta.platform.internal.JtaPlatformInitiator [restartedMain] HHH000490: Using JtaPlatform implementation: [org.hibernate.engine.transaction.jta.platform.internal.NoJtaPlatform]
2021-08-30 14:44:45,239 INFO org.springframework.orm.jpa.AbstractEntityManagerFactoryBean [restartedMain] Initialized JPA EntityManagerFactory for persistence unit 'default'
2021-08-30 14:44:46,163 WARN org.springframework.boot.autoconfigure.orm.jpa.JpaBaseConfiguration$JpaWebConfiguration [restartedMain] spring.jpa.open-in-view is enabled by default. Therefore, database queries may be performed during view rendering. Explicitly configure spring.jpa.open-in-view to disable this warning
2021-08-30 14:44:46,535 INFO org.springframework.boot.devtools.autoconfigure.OptionalLiveReloadServer [restartedMain] LiveReload server is running on port 35729
2021-08-30 14:44:46,579 INFO org.springframework.boot.autoconfigure.web.servlet.WelcomePageHandlerMapping [restartedMain] Adding welcome page: class path resource [static/index.html]
2021-08-30 14:44:46,888 INFO org.apache.juli.logging.DirectJDKLog [restartedMain] Starting ProtocolHandler ["http-nio-8484"]
2021-08-30 14:44:46,923 INFO org.springframework.boot.web.embedded.tomcat.TomcatWebServer [restartedMain] Tomcat started on port(s): 8484 (http) with context path ''
2021-08-30 14:44:46,931 INFO springfox.documentation.spring.web.plugins.DocumentationPluginsBootstrapper [restartedMain] Context refreshed
2021-08-30 14:44:46,956 INFO springfox.documentation.spring.web.plugins.DocumentationPluginsBootstrapper [restartedMain] Found 1 custom documentation plugin(s)
2021-08-30 14:44:46,969 INFO springfox.documentation.spring.web.scanners.ApiListingReferenceScanner [restartedMain] Scanning for api listing references
2021-08-30 14:44:47,174 INFO org.springframework.boot.StartupInfoLogger [restartedMain] Started SpringCrudApplication in 10.818 seconds (JVM running for 13.892)
2021-08-30 14:46:23,627 INFO org.springframework.orm.jpa.AbstractEntityManagerFactoryBean [Thread-5] Closing JPA EntityManagerFactory for persistence unit 'default'
2021-08-30 14:46:23,632 INFO com.zaxxer.hikari.HikariDataSource [Thread-5] HikariPool-1 - Shutdown initiated...
2021-08-30 14:46:23,650 INFO com.zaxxer.hikari.HikariDataSource [Thread-5] HikariPool-1 - Shutdown completed.
2021-08-30 14:46:23,943 INFO org.springframework.boot.StartupInfoLogger [restartedMain] Starting SpringCrudApplication using Java 1.8.0_281 on LP-PF2VB15G with PID 17688 (C:\MyProjects\Spring\SpringCRUD\target\classes started by colin_clarke in C:\MyProjects\Spring\SpringCRUD)
2021-08-30 14:46:23,944 DEBUG org.springframework.boot.StartupInfoLogger [restartedMain] Running with Spring Boot v2.5.3, Spring v5.3.9
2021-08-30 14:46:23,944 INFO org.springframework.boot.SpringApplication [restartedMain] No active profile set, falling back to default profiles: default
2021-08-30 14:46:25,055 INFO org.springframework.data.repository.config.RepositoryConfigurationDelegate [restartedMain] Bootstrapping Spring Data JPA repositories in DEFAULT mode.
2021-08-30 14:46:25,104 INFO org.springframework.data.repository.config.RepositoryConfigurationDelegate [restartedMain] Finished Spring Data repository scanning in 48 ms. Found 4 JPA repository interfaces.
2021-08-30 14:46:26,147 INFO org.springframework.boot.web.embedded.tomcat.TomcatWebServer [restartedMain] Tomcat initialized with port(s): 8484 (http)
2021-08-30 14:46:26,147 INFO org.apache.juli.logging.DirectJDKLog [restartedMain] Initializing ProtocolHandler ["http-nio-8484"]
2021-08-30 14:46:26,148 INFO org.apache.juli.logging.DirectJDKLog [restartedMain] Starting service [Tomcat]
2021-08-30 14:46:26,148 INFO org.apache.juli.logging.DirectJDKLog [restartedMain] Starting Servlet engine: [Apache Tomcat/9.0.50]
2021-08-30 14:46:26,797 INFO org.apache.juli.logging.DirectJDKLog [restartedMain] At least one JAR was scanned for TLDs yet contained no TLDs. Enable debug logging for this logger for a complete list of JARs that were scanned but no TLDs were found in them. Skipping unneeded JARs during scanning can improve startup time and JSP compilation time.
2021-08-30 14:46:26,813 INFO org.apache.juli.logging.DirectJDKLog [restartedMain] Initializing Spring embedded WebApplicationContext
2021-08-30 14:46:26,813 INFO org.springframework.boot.web.servlet.context.ServletWebServerApplicationContext [restartedMain] Root WebApplicationContext: initialization completed in 2866 ms
2021-08-30 14:46:26,824 INFO com.zaxxer.hikari.HikariDataSource [restartedMain] HikariPool-2 - Starting...
2021-08-30 14:46:26,863 INFO com.zaxxer.hikari.HikariDataSource [restartedMain] HikariPool-2 - Start completed.
2021-08-30 14:46:26,864 INFO org.springframework.boot.autoconfigure.h2.H2ConsoleAutoConfiguration [restartedMain] H2 console available at '/h2-console'. Database available at 'jdbc:mysql://localhost:3306/grocery_store'
2021-08-30 14:46:26,921 INFO org.hibernate.jpa.internal.util.LogHelper [restartedMain] HHH000204: Processing PersistenceUnitInfo [name: default]
2021-08-30 14:46:26,927 INFO org.hibernate.dialect.Dialect [restartedMain] HHH000400: Using dialect: org.hibernate.dialect.MySQL8Dialect
2021-08-30 14:46:27,076 INFO org.hibernate.engine.transaction.jta.platform.internal.JtaPlatformInitiator [restartedMain] HHH000490: Using JtaPlatform implementation: [org.hibernate.engine.transaction.jta.platform.internal.NoJtaPlatform]
2021-08-30 14:46:27,077 INFO org.springframework.orm.jpa.AbstractEntityManagerFactoryBean [restartedMain] Initialized JPA EntityManagerFactory for persistence unit 'default'
2021-08-30 14:46:27,330 WARN org.springframework.boot.autoconfigure.orm.jpa.JpaBaseConfiguration$JpaWebConfiguration [restartedMain] spring.jpa.open-in-view is enabled by default. Therefore, database queries may be performed during view rendering. Explicitly configure spring.jpa.open-in-view to disable this warning
2021-08-30 14:46:27,422 INFO org.springframework.boot.devtools.autoconfigure.OptionalLiveReloadServer [restartedMain] LiveReload server is running on port 35729
2021-08-30 14:46:27,427 INFO org.springframework.boot.autoconfigure.web.servlet.WelcomePageHandlerMapping [restartedMain] Adding welcome page: class path resource [static/index.html]
2021-08-30 14:46:27,497 INFO org.apache.juli.logging.DirectJDKLog [restartedMain] Starting ProtocolHandler ["http-nio-8484"]
2021-08-30 14:46:27,504 INFO org.springframework.boot.web.embedded.tomcat.TomcatWebServer [restartedMain] Tomcat started on port(s): 8484 (http) with context path ''
2021-08-30 14:46:27,508 INFO springfox.documentation.spring.web.plugins.DocumentationPluginsBootstrapper [restartedMain] Context refreshed
2021-08-30 14:46:27,509 INFO springfox.documentation.spring.web.plugins.DocumentationPluginsBootstrapper [restartedMain] Found 1 custom documentation plugin(s)
2021-08-30 14:46:27,511 INFO springfox.documentation.spring.web.scanners.ApiListingReferenceScanner [restartedMain] Scanning for api listing references
2021-08-30 14:46:27,564 INFO org.springframework.boot.StartupInfoLogger [restartedMain] Started SpringCrudApplication in 3.69 seconds (JVM running for 114.282)
2021-08-30 14:46:27,567 INFO org.springframework.boot.devtools.autoconfigure.ConditionEvaluationDeltaLoggingListener [restartedMain] Condition evaluation unchanged
2021-08-30 14:49:52,684 INFO org.hibernate.validator.internal.util.Version [background-preinit] HV000001: Hibernate Validator 6.2.0.Final
2021-08-30 14:49:52,706 INFO org.springframework.boot.StartupInfoLogger [restartedMain] Starting SpringCrudApplication using Java 1.8.0_281 on LP-PF2VB15G with PID 13220 (C:\MyProjects\Spring\SpringCRUD\target\classes started by colin_clarke in C:\MyProjects\Spring\SpringCRUD)
2021-08-30 14:49:52,707 DEBUG org.springframework.boot.StartupInfoLogger [restartedMain] Running with Spring Boot v2.5.3, Spring v5.3.9
2021-08-30 14:49:52,707 INFO org.springframework.boot.SpringApplication [restartedMain] No active profile set, falling back to default profiles: default
2021-08-30 14:49:52,786 INFO org.springframework.boot.logging.DeferredLog [restartedMain] Devtools property defaults active! Set 'spring.devtools.add-properties' to 'false' to disable
2021-08-30 14:49:52,786 INFO org.springframework.boot.logging.DeferredLog [restartedMain] For additional web related logging consider setting the 'logging.level.web' property to 'DEBUG'
2021-08-30 14:49:54,363 INFO org.springframework.data.repository.config.RepositoryConfigurationDelegate [restartedMain] Bootstrapping Spring Data JPA repositories in DEFAULT mode.
2021-08-30 14:49:54,447 INFO org.springframework.data.repository.config.RepositoryConfigurationDelegate [restartedMain] Finished Spring Data repository scanning in 75 ms. Found 4 JPA repository interfaces.
2021-08-30 14:49:56,380 INFO org.springframework.boot.web.embedded.tomcat.TomcatWebServer [restartedMain] Tomcat initialized with port(s): 8484 (http)
2021-08-30 14:49:56,393 INFO org.apache.juli.logging.DirectJDKLog [restartedMain] Initializing ProtocolHandler ["http-nio-8484"]
2021-08-30 14:49:56,394 INFO org.apache.juli.logging.DirectJDKLog [restartedMain] Starting service [Tomcat]
2021-08-30 14:49:56,395 INFO org.apache.juli.logging.DirectJDKLog [restartedMain] Starting Servlet engine: [Apache Tomcat/9.0.50]
2021-08-30 14:49:57,298 INFO org.apache.juli.logging.DirectJDKLog [restartedMain] At least one JAR was scanned for TLDs yet contained no TLDs. Enable debug logging for this logger for a complete list of JARs that were scanned but no TLDs were found in them. Skipping unneeded JARs during scanning can improve startup time and JSP compilation time.
2021-08-30 14:49:57,314 INFO org.apache.juli.logging.DirectJDKLog [restartedMain] Initializing Spring embedded WebApplicationContext
2021-08-30 14:49:57,315 INFO org.springframework.boot.web.servlet.context.ServletWebServerApplicationContext [restartedMain] Root WebApplicationContext: initialization completed in 4528 ms
2021-08-30 14:49:57,354 INFO com.zaxxer.hikari.HikariDataSource [restartedMain] HikariPool-1 - Starting...
2021-08-30 14:49:58,717 INFO com.zaxxer.hikari.HikariDataSource [restartedMain] HikariPool-1 - Start completed.
2021-08-30 14:49:58,723 INFO org.springframework.boot.autoconfigure.h2.H2ConsoleAutoConfiguration [restartedMain] H2 console available at '/h2-console'. Database available at 'jdbc:mysql://localhost:3306/grocery_store'
2021-08-30 14:49:58,909 INFO org.hibernate.jpa.internal.util.LogHelper [restartedMain] HHH000204: Processing PersistenceUnitInfo [name: default]
2021-08-30 14:49:58,988 INFO org.hibernate.Version [restartedMain] HHH000412: Hibernate ORM core version 5.4.32.Final
2021-08-30 14:49:59,176 INFO org.hibernate.annotations.common.reflection.java.JavaReflectionManager [restartedMain] HCANN000001: Hibernate Commons Annotations {5.1.2.Final}
2021-08-30 14:49:59,318 INFO org.hibernate.dialect.Dialect [restartedMain] HHH000400: Using dialect: org.hibernate.dialect.MySQL8Dialect
2021-08-30 14:50:00,474 INFO org.hibernate.engine.transaction.jta.platform.internal.JtaPlatformInitiator [restartedMain] HHH000490: Using JtaPlatform implementation: [org.hibernate.engine.transaction.jta.platform.internal.NoJtaPlatform]
2021-08-30 14:50:00,489 INFO org.springframework.orm.jpa.AbstractEntityManagerFactoryBean [restartedMain] Initialized JPA EntityManagerFactory for persistence unit 'default'
2021-08-30 14:50:01,476 WARN org.springframework.boot.autoconfigure.orm.jpa.JpaBaseConfiguration$JpaWebConfiguration [restartedMain] spring.jpa.open-in-view is enabled by default. Therefore, database queries may be performed during view rendering. Explicitly configure spring.jpa.open-in-view to disable this warning
2021-08-30 14:50:01,845 INFO org.springframework.boot.devtools.autoconfigure.OptionalLiveReloadServer [restartedMain] LiveReload server is running on port 35729
2021-08-30 14:50:01,891 INFO org.springframework.boot.autoconfigure.web.servlet.WelcomePageHandlerMapping [restartedMain] Adding welcome page: class path resource [static/index.html]
2021-08-30 14:50:02,190 INFO org.apache.juli.logging.DirectJDKLog [restartedMain] Starting ProtocolHandler ["http-nio-8484"]
2021-08-30 14:50:02,225 INFO org.springframework.boot.web.embedded.tomcat.TomcatWebServer [restartedMain] Tomcat started on port(s): 8484 (http) with context path ''
2021-08-30 14:50:02,232 INFO springfox.documentation.spring.web.plugins.DocumentationPluginsBootstrapper [restartedMain] Context refreshed
2021-08-30 14:50:02,254 INFO springfox.documentation.spring.web.plugins.DocumentationPluginsBootstrapper [restartedMain] Found 1 custom documentation plugin(s)
2021-08-30 14:50:02,263 INFO springfox.documentation.spring.web.scanners.ApiListingReferenceScanner [restartedMain] Scanning for api listing references
2021-08-30 14:50:02,441 INFO org.springframework.boot.StartupInfoLogger [restartedMain] Started SpringCrudApplication in 10.25 seconds (JVM running for 12.396)
2021-08-30 16:43:00,383 INFO org.apache.juli.logging.DirectJDKLog [http-nio-8484-exec-1] Initializing Spring DispatcherServlet 'dispatcherServlet'
2021-08-30 16:43:00,383 INFO org.springframework.web.servlet.FrameworkServlet [http-nio-8484-exec-1] Initializing Servlet 'dispatcherServlet'
2021-08-30 16:43:00,385 INFO org.springframework.web.servlet.FrameworkServlet [http-nio-8484-exec-1] Completed initialization in 1 ms
2021-08-30 16:43:00,429 DEBUG com.colin.aspect.ProductControllerAspect [http-nio-8484-exec-1] Method: ProductCategory com.colin.controller.ProductController.getProductById(long)
2021-08-30 16:43:00,430 DEBUG com.colin.aspect.ProductControllerAspect [http-nio-8484-exec-1] Argument: 12
2021-08-30 16:43:00,509 DEBUG com.colin.aspect.ProductControllerAspect [http-nio-8484-exec-1] Returns: ProductCategory(product=Product(id=12, name=Chicken Breast, quantity=21, price=7.32, category=Meat), category=Meat)
2021-08-30 17:20:14,588 DEBUG com.colin.aspect.ProductControllerAspect [http-nio-8484-exec-4] Method: List com.colin.controller.ProductController.listAllProducts()
2021-08-30 17:20:14,652 DEBUG com.colin.aspect.ProductControllerAspect [http-nio-8484-exec-4] Returns: [Product(id=1, name=Apple, quantity=120, price=1.03, category=Fruit), Product(id=2, name=test, quantity=76, price=1.8, category=Fruit), Product(id=3, name=test, quantity=76, price=1.8, category=Fruit), Product(id=4, name=test, quantity=76, price=1.8, category=Fruit), Product(id=5, name=test, quantity=76, price=1.8, category=Fruit), Product(id=6, name=test, quantity=76, price=1.8, category=Fruit), Product(id=7, name=Apple, quantity=21, price=1.25, category=Fruit), Product(id=8, name=Bananas, quantity=72, price=0.99, category=Fruit), Product(id=9, name=Bananas, quantity=72, price=0.99, category=Fruit), Product(id=10, name=Pickles, quantity=762, price=4.43, category=Jar), Product(id=11, name=Beans, quantity=283, price=3.99, category=Canned Goods), Product(id=12, name=Chicken Breast, quantity=21, price=7.32, category=Meat)]
2021-08-30 17:31:10,770 DEBUG com.colin.aspect.ProductControllerAspect [http-nio-8484-exec-5] Method: List com.colin.controller.ProductController.listAllProducts()
2021-08-30 17:31:10,781 DEBUG com.colin.aspect.ProductControllerAspect [http-nio-8484-exec-5] Returns: [Product(id=1, name=Apple, quantity=120, price=1.03, category=Fruit), Product(id=2, name=test, quantity=76, price=1.8, category=Fruit), Product(id=3, name=test, quantity=76, price=1.8, category=Fruit), Product(id=4, name=test, quantity=76, price=1.8, category=Fruit), Product(id=5, name=test, quantity=76, price=1.8, category=Fruit), Product(id=6, name=test, quantity=76, price=1.8, category=Fruit), Product(id=7, name=Apple, quantity=21, price=1.25, category=Fruit), Product(id=8, name=Bananas, quantity=72, price=0.99, category=Fruit), Product(id=9, name=Bananas, quantity=72, price=0.99, category=Fruit), Product(id=10, name=Pickles, quantity=762, price=4.43, category=Jar), Product(id=11, name=Beans, quantity=283, price=3.99, category=Canned Goods), Product(id=12, name=Chicken Breast, quantity=21, price=7.32, category=Meat)]
2021-08-30 17:31:16,718 DEBUG com.colin.aspect.ProductControllerAspect [http-nio-8484-exec-7] Method: List com.colin.controller.ProductController.listAllProducts()
2021-08-30 17:31:16,733 DEBUG com.colin.aspect.ProductControllerAspect [http-nio-8484-exec-7] Returns: [Product(id=1, name=Apple, quantity=120, price=1.03, category=Fruit), Product(id=2, name=test, quantity=76, price=1.8, category=Fruit), Product(id=3, name=test, quantity=76, price=1.8, category=Fruit), Product(id=4, name=test, quantity=76, price=1.8, category=Fruit), Product(id=5, name=test, quantity=76, price=1.8, category=Fruit), Product(id=6, name=test, quantity=76, price=1.8, category=Fruit), Product(id=7, name=Apple, quantity=21, price=1.25, category=Fruit), Product(id=8, name=Bananas, quantity=72, price=0.99, category=Fruit), Product(id=9, name=Bananas, quantity=72, price=0.99, category=Fruit), Product(id=10, name=Pickles, quantity=762, price=4.43, category=Jar), Product(id=11, name=Beans, quantity=283, price=3.99, category=Canned Goods), Product(id=12, name=Chicken Breast, quantity=21, price=7.32, category=Meat)]
2021-08-30 17:31:47,758 DEBUG com.colin.aspect.ProductControllerAspect [http-nio-8484-exec-8] Method: List com.colin.controller.ProductController.listAllProducts()
2021-08-30 17:31:47,772 DEBUG com.colin.aspect.ProductControllerAspect [http-nio-8484-exec-8] Returns: [Product(id=1, name=Apple, quantity=120, price=1.03, category=Fruit), Product(id=2, name=test, quantity=76, price=1.8, category=Fruit), Product(id=3, name=test, quantity=76, price=1.8, category=Fruit), Product(id=4, name=test, quantity=76, price=1.8, category=Fruit), Product(id=5, name=test, quantity=76, price=1.8, category=Fruit), Product(id=6, name=test, quantity=76, price=1.8, category=Fruit), Product(id=7, name=Apple, quantity=21, price=1.25, category=Fruit), Product(id=8, name=Bananas, quantity=72, price=0.99, category=Fruit), Product(id=9, name=Bananas, quantity=72, price=0.99, category=Fruit), Product(id=10, name=Pickles, quantity=762, price=4.43, category=Jar), Product(id=11, name=Beans, quantity=283, price=3.99, category=Canned Goods), Product(id=12, name=Chicken Breast, quantity=21, price=7.32, category=Meat)]
2021-08-30 17:39:20,760 DEBUG com.colin.aspect.ProductControllerAspect [http-nio-8484-exec-10] Method: List com.colin.controller.ProductController.listAllProducts()
2021-08-30 17:39:20,771 DEBUG com.colin.aspect.ProductControllerAspect [http-nio-8484-exec-10] Returns: [Product(id=1, name=Apple, quantity=120, price=1.03, category=Fruit), Product(id=2, name=test, quantity=76, price=1.8, category=Fruit), Product(id=3, name=test, quantity=76, price=1.8, category=Fruit), Product(id=4, name=test, quantity=76, price=1.8, category=Fruit), Product(id=5, name=test, quantity=76, price=1.8, category=Fruit), Product(id=6, name=test, quantity=76, price=1.8, category=Fruit), Product(id=7, name=Apple, quantity=21, price=1.25, category=Fruit), Product(id=8, name=Bananas, quantity=72, price=0.99, category=Fruit), Product(id=9, name=Bananas, quantity=72, price=0.99, category=Fruit), Product(id=10, name=Pickles, quantity=762, price=4.43, category=Jar), Product(id=11, name=Beans, quantity=283, price=3.99, category=Canned Goods), Product(id=12, name=Chicken Breast, quantity=21, price=7.32, category=Meat)]
2021-08-30 17:39:29,835 DEBUG com.colin.aspect.ProductControllerAspect [http-nio-8484-exec-1] Method: ProductCategory com.colin.controller.ProductController.getProductById(long)
2021-08-30 17:39:29,836 DEBUG com.colin.aspect.ProductControllerAspect [http-nio-8484-exec-1] Argument: 1
2021-08-30 17:39:29,840 DEBUG com.colin.aspect.ProductControllerAspect [http-nio-8484-exec-1] Returns: ProductCategory(product=Product(id=1, name=Apple, quantity=120, price=1.03, category=Fruit), category=Fruit)
2021-08-30 17:39:34,791 DEBUG com.colin.aspect.ProductControllerAspect [http-nio-8484-exec-3] Method: ProductCategory com.colin.controller.ProductController.getProductById(long)
2021-08-30 17:39:34,792 DEBUG com.colin.aspect.ProductControllerAspect [http-nio-8484-exec-3] Argument: 8
2021-08-30 17:39:34,799 DEBUG com.colin.aspect.ProductControllerAspect [http-nio-8484-exec-3] Returns: ProductCategory(product=Product(id=8, name=Bananas, quantity=72, price=0.99, category=Fruit), category=Fruit)
2021-08-30 17:51:10,058 DEBUG com.colin.aspect.ProductControllerAspect [http-nio-8484-exec-4] Method: List com.colin.controller.ProductController.listAllProducts()
2021-08-30 17:51:10,074 DEBUG com.colin.aspect.ProductControllerAspect [http-nio-8484-exec-4] Returns: [Product(id=1, name=Apple, quantity=120, price=1.03, category=Fruit), Product(id=2, name=test, quantity=76, price=1.8, category=Fruit), Product(id=3, name=test, quantity=76, price=1.8, category=Fruit), Product(id=4, name=test, quantity=76, price=1.8, category=Fruit), Product(id=5, name=test, quantity=76, price=1.8, category=Fruit), Product(id=6, name=test, quantity=76, price=1.8, category=Fruit), Product(id=7, name=Apple, quantity=21, price=1.25, category=Fruit), Product(id=8, name=Bananas, quantity=72, price=0.99, category=Fruit), Product(id=9, name=Bananas, quantity=72, price=0.99, category=Fruit), Product(id=10, name=Pickles, quantity=762, price=4.43, category=Jar), Product(id=11, name=Beans, quantity=283, price=3.99, category=Canned Goods), Product(id=12, name=Chicken Breast, quantity=21, price=7.32, category=Meat)]
2021-08-30 17:51:14,400 DEBUG com.colin.aspect.ProductControllerAspect [http-nio-8484-exec-5] Method: ResponseEntity com.colin.controller.ProductController.deleteProduct(long)
2021-08-30 17:51:14,400 DEBUG com.colin.aspect.ProductControllerAspect [http-nio-8484-exec-5] Argument: 1
2021-08-30 17:51:14,481 DEBUG com.colin.aspect.ProductControllerAspect [http-nio-8484-exec-5] Returns: <202 ACCEPTED Accepted,[]>
2021-08-30 17:51:20,074 DEBUG com.colin.aspect.ProductControllerAspect [http-nio-8484-exec-7] Method: List com.colin.controller.ProductController.listAllProducts()
2021-08-30 17:51:20,095 DEBUG com.colin.aspect.ProductControllerAspect [http-nio-8484-exec-7] Returns: [Product(id=2, name=test, quantity=76, price=1.8, category=Fruit), Product(id=3, name=test, quantity=76, price=1.8, category=Fruit), Product(id=4, name=test, quantity=76, price=1.8, category=Fruit), Product(id=5, name=test, quantity=76, price=1.8, category=Fruit), Product(id=6, name=test, quantity=76, price=1.8, category=Fruit), Product(id=7, name=Apple, quantity=21, price=1.25, category=Fruit), Product(id=8, name=Bananas, quantity=72, price=0.99, category=Fruit), Product(id=9, name=Bananas, quantity=72, price=0.99, category=Fruit), Product(id=10, name=Pickles, quantity=762, price=4.43, category=Jar), Product(id=11, name=Beans, quantity=283, price=3.99, category=Canned Goods), Product(id=12, name=Chicken Breast, quantity=21, price=7.32, category=Meat)]
2021-08-30 17:51:31,911 DEBUG com.colin.aspect.ProductControllerAspect [http-nio-8484-exec-8] Method: ProductCategory com.colin.controller.ProductController.getProductById(long)
2021-08-30 17:51:31,912 DEBUG com.colin.aspect.ProductControllerAspect [http-nio-8484-exec-8] Argument: 2
2021-08-30 17:51:31,917 DEBUG com.colin.aspect.ProductControllerAspect [http-nio-8484-exec-8] Returns: ProductCategory(product=Product(id=2, name=test, quantity=76, price=1.8, category=Fruit), category=Fruit)
2021-08-30 17:53:58,691 DEBUG com.colin.aspect.ProductControllerAspect [http-nio-8484-exec-10] Method: List com.colin.controller.ProductController.listAllProducts()
2021-08-30 17:53:58,704 DEBUG com.colin.aspect.ProductControllerAspect [http-nio-8484-exec-10] Returns: [Product(id=2, name=test, quantity=76, price=1.8, category=Fruit), Product(id=3, name=test, quantity=76, price=1.8, category=Fruit), Product(id=4, name=test, quantity=76, price=1.8, category=Fruit), Product(id=5, name=test, quantity=76, price=1.8, category=Fruit), Product(id=6, name=test, quantity=76, price=1.8, category=Fruit), Product(id=7, name=Apple, quantity=21, price=1.25, category=Fruit), Product(id=8, name=Bananas, quantity=72, price=0.99, category=Fruit), Product(id=9, name=Bananas, quantity=72, price=0.99, category=Fruit), Product(id=10, name=Pickles, quantity=762, price=4.43, category=Jar), Product(id=11, name=Beans, quantity=283, price=3.99, category=Canned Goods), Product(id=12, name=Chicken Breast, quantity=21, price=7.32, category=Meat)]
2021-08-30 17:53:59,981 DEBUG com.colin.aspect.ProductControllerAspect [http-nio-8484-exec-3] Method: ResponseEntity com.colin.controller.ProductController.deleteProduct(long)
2021-08-30 17:53:59,982 DEBUG com.colin.aspect.ProductControllerAspect [http-nio-8484-exec-3] Argument: 2
2021-08-30 17:53:59,997 DEBUG com.colin.aspect.ProductControllerAspect [http-nio-8484-exec-3] Returns: <202 ACCEPTED Accepted,[]>
2021-08-30 17:54:23,793 DEBUG com.colin.aspect.ProductControllerAspect [http-nio-8484-exec-2] Method: List com.colin.controller.ProductController.listAllProducts()
2021-08-30 17:54:23,817 DEBUG com.colin.aspect.ProductControllerAspect [http-nio-8484-exec-2] Returns: [Product(id=3, name=test, quantity=76, price=1.8, category=Fruit), Product(id=4, name=test, quantity=76, price=1.8, category=Fruit), Product(id=5, name=test, quantity=76, price=1.8, category=Fruit), Product(id=6, name=test, quantity=76, price=1.8, category=Fruit), Product(id=7, name=Apple, quantity=21, price=1.25, category=Fruit), Product(id=8, name=Bananas, quantity=72, price=0.99, category=Fruit), Product(id=9, name=Bananas, quantity=72, price=0.99, category=Fruit), Product(id=10, name=Pickles, quantity=762, price=4.43, category=Jar), Product(id=11, name=Beans, quantity=283, price=3.99, category=Canned Goods), Product(id=12, name=Chicken Breast, quantity=21, price=7.32, category=Meat)]
2021-08-30 17:54:25,735 DEBUG com.colin.aspect.ProductControllerAspect [http-nio-8484-exec-6] Method: ResponseEntity com.colin.controller.ProductController.deleteProduct(long)
2021-08-30 17:54:25,735 DEBUG com.colin.aspect.ProductControllerAspect [http-nio-8484-exec-6] Argument: 3
2021-08-30 17:54:25,752 DEBUG com.colin.aspect.ProductControllerAspect [http-nio-8484-exec-6] Returns: <202 ACCEPTED Accepted,[]>
2021-08-30 17:55:31,790 DEBUG com.colin.aspect.ProductControllerAspect [http-nio-8484-exec-7] Method: List com.colin.controller.ProductController.listAllProducts()
2021-08-30 17:55:31,804 DEBUG com.colin.aspect.ProductControllerAspect [http-nio-8484-exec-7] Returns: [Product(id=4, name=test, quantity=76, price=1.8, category=Fruit), Product(id=5, name=test, quantity=76, price=1.8, category=Fruit), Product(id=6, name=test, quantity=76, price=1.8, category=Fruit), Product(id=7, name=Apple, quantity=21, price=1.25, category=Fruit), Product(id=8, name=Bananas, quantity=72, price=0.99, category=Fruit), Product(id=9, name=Bananas, quantity=72, price=0.99, category=Fruit), Product(id=10, name=Pickles, quantity=762, price=4.43, category=Jar), Product(id=11, name=Beans, quantity=283, price=3.99, category=Canned Goods), Product(id=12, name=Chicken Breast, quantity=21, price=7.32, category=Meat)]
2021-08-30 17:55:33,472 DEBUG com.colin.aspect.ProductControllerAspect [http-nio-8484-exec-8] Method: List com.colin.controller.ProductController.listAllProducts()
2021-08-30 17:55:33,491 DEBUG com.colin.aspect.ProductControllerAspect [http-nio-8484-exec-8] Returns: [Product(id=4, name=test, quantity=76, price=1.8, category=Fruit), Product(id=5, name=test, quantity=76, price=1.8, category=Fruit), Product(id=6, name=test, quantity=76, price=1.8, category=Fruit), Product(id=7, name=Apple, quantity=21, price=1.25, category=Fruit), Product(id=8, name=Bananas, quantity=72, price=0.99, category=Fruit), Product(id=9, name=Bananas, quantity=72, price=0.99, category=Fruit), Product(id=10, name=Pickles, quantity=762, price=4.43, category=Jar), Product(id=11, name=Beans, quantity=283, price=3.99, category=Canned Goods), Product(id=12, name=Chicken Breast, quantity=21, price=7.32, category=Meat)]
2021-08-30 17:55:50,342 DEBUG com.colin.aspect.ProductControllerAspect [http-nio-8484-exec-9] Method: List com.colin.controller.ProductController.listAllProducts()
2021-08-30 17:55:50,364 DEBUG com.colin.aspect.ProductControllerAspect [http-nio-8484-exec-9] Returns: [Product(id=4, name=test, quantity=76, price=1.8, category=Fruit), Product(id=5, name=test, quantity=76, price=1.8, category=Fruit), Product(id=6, name=test, quantity=76, price=1.8, category=Fruit), Product(id=7, name=Apple, quantity=21, price=1.25, category=Fruit), Product(id=8, name=Bananas, quantity=72, price=0.99, category=Fruit), Product(id=9, name=Bananas, quantity=72, price=0.99, category=Fruit), Product(id=10, name=Pickles, quantity=762, price=4.43, category=Jar), Product(id=11, name=Beans, quantity=283, price=3.99, category=Canned Goods), Product(id=12, name=Chicken Breast, quantity=21, price=7.32, category=Meat)]
2021-08-30 17:55:53,648 DEBUG com.colin.aspect.ProductControllerAspect [http-nio-8484-exec-1] Method: ResponseEntity com.colin.controller.ProductController.deleteProduct(long)
2021-08-30 17:55:53,648 DEBUG com.colin.aspect.ProductControllerAspect [http-nio-8484-exec-1] Argument: 4
2021-08-30 17:55:53,664 DEBUG com.colin.aspect.ProductControllerAspect [http-nio-8484-exec-1] Returns: <202 ACCEPTED Accepted,[]>
2021-08-30 17:57:03,879 DEBUG com.colin.aspect.ProductControllerAspect [http-nio-8484-exec-2] Method: List com.colin.controller.ProductController.listAllProducts()
2021-08-30 17:57:03,898 DEBUG com.colin.aspect.ProductControllerAspect [http-nio-8484-exec-2] Returns: [Product(id=5, name=test, quantity=76, price=1.8, category=Fruit), Product(id=6, name=test, quantity=76, price=1.8, category=Fruit), Product(id=7, name=Apple, quantity=21, price=1.25, category=Fruit), Product(id=8, name=Bananas, quantity=72, price=0.99, category=Fruit), Product(id=9, name=Bananas, quantity=72, price=0.99, category=Fruit), Product(id=10, name=Pickles, quantity=762, price=4.43, category=Jar), Product(id=11, name=Beans, quantity=283, price=3.99, category=Canned Goods), Product(id=12, name=Chicken Breast, quantity=21, price=7.32, category=Meat)]
2021-08-30 17:57:06,061 DEBUG com.colin.aspect.ProductControllerAspect [http-nio-8484-exec-6] Method: ResponseEntity com.colin.controller.ProductController.deleteProduct(long)
2021-08-30 17:57:06,061 DEBUG com.colin.aspect.ProductControllerAspect [http-nio-8484-exec-6] Argument: 5
2021-08-30 17:57:06,077 DEBUG com.colin.aspect.ProductControllerAspect [http-nio-8484-exec-6] Returns: <202 ACCEPTED Accepted,[]>
2021-08-30 18:02:16,537 DEBUG com.colin.aspect.ProductControllerAspect [http-nio-8484-exec-7] Method: List com.colin.controller.ProductController.listAllProducts()
2021-08-30 18:02:16,556 DEBUG com.colin.aspect.ProductControllerAspect [http-nio-8484-exec-7] Returns: [Product(id=6, name=test, quantity=76, price=1.8, category=Fruit), Product(id=7, name=Apple, quantity=21, price=1.25, category=Fruit), Product(id=8, name=Bananas, quantity=72, price=0.99, category=Fruit), Product(id=9, name=Bananas, quantity=72, price=0.99, category=Fruit), Product(id=10, name=Pickles, quantity=762, price=4.43, category=Jar), Product(id=11, name=Beans, quantity=283, price=3.99, category=Canned Goods), Product(id=12, name=Chicken Breast, quantity=21, price=7.32, category=Meat)]
2021-08-30 18:02:18,345 DEBUG com.colin.aspect.ProductControllerAspect [http-nio-8484-exec-9] Method: ResponseEntity com.colin.controller.ProductController.deleteProduct(long)
2021-08-30 18:02:18,345 DEBUG com.colin.aspect.ProductControllerAspect [http-nio-8484-exec-9] Argument: 6
2021-08-30 18:02:18,353 DEBUG com.colin.aspect.ProductControllerAspect [http-nio-8484-exec-9] Returns: <202 ACCEPTED Accepted,[]>
2021-08-30 18:02:42,494 DEBUG com.colin.aspect.ProductControllerAspect [http-nio-8484-exec-10] Method: List com.colin.controller.ProductController.listAllProducts()
2021-08-30 18:02:42,511 DEBUG com.colin.aspect.ProductControllerAspect [http-nio-8484-exec-10] Returns: [Product(id=7, name=Apple, quantity=21, price=1.25, category=Fruit), Product(id=8, name=Bananas, quantity=72, price=0.99, category=Fruit), Product(id=9, name=Bananas, quantity=72, price=0.99, category=Fruit), Product(id=10, name=Pickles, quantity=762, price=4.43, category=Jar), Product(id=11, name=Beans, quantity=283, price=3.99, category=Canned Goods), Product(id=12, name=Chicken Breast, quantity=21, price=7.32, category=Meat)]
2021-08-30 18:02:50,986 DEBUG com.colin.aspect.ProductControllerAspect [http-nio-8484-exec-3] Method: ResponseEntity com.colin.controller.ProductController.deleteProduct(long)
2021-08-30 18:02:50,986 DEBUG com.colin.aspect.ProductControllerAspect [http-nio-8484-exec-3] Argument: 8
2021-08-30 18:02:51,000 DEBUG com.colin.aspect.ProductControllerAspect [http-nio-8484-exec-3] Returns: <202 ACCEPTED Accepted,[]>
2021-08-30 18:02:52,953 DEBUG com.colin.aspect.ProductControllerAspect [http-nio-8484-exec-2] Method: List com.colin.controller.ProductController.listAllProducts()
2021-08-30 18:02:52,971 DEBUG com.colin.aspect.ProductControllerAspect [http-nio-8484-exec-2] Returns: [Product(id=7, name=Apple, quantity=21, price=1.25, category=Fruit), Product(id=9, name=Bananas, quantity=72, price=0.99, category=Fruit), Product(id=10, name=Pickles, quantity=762, price=4.43, category=Jar), Product(id=11, name=Beans, quantity=283, price=3.99, category=Canned Goods), Product(id=12, name=Chicken Breast, quantity=21, price=7.32, category=Meat)]
2021-08-30 18:04:10,956 DEBUG com.colin.aspect.ProductControllerAspect [http-nio-8484-exec-5] Method: ResponseEntity com.colin.controller.ProductController.deleteProduct(long)
2021-08-30 18:04:10,957 DEBUG com.colin.aspect.ProductControllerAspect [http-nio-8484-exec-5] Argument: 12
2021-08-30 18:04:10,971 DEBUG com.colin.aspect.ProductControllerAspect [http-nio-8484-exec-5] Returns: <202 ACCEPTED Accepted,[]>
2021-08-30 18:04:18,585 DEBUG com.colin.aspect.ProductControllerAspect [http-nio-8484-exec-7] Method: List com.colin.controller.ProductController.listAllProducts()
2021-08-30 18:04:18,599 DEBUG com.colin.aspect.ProductControllerAspect [http-nio-8484-exec-7] Returns: [Product(id=7, name=Apple, quantity=21, price=1.25, category=Fruit), Product(id=9, name=Bananas, quantity=72, price=0.99, category=Fruit), Product(id=10, name=Pickles, quantity=762, price=4.43, category=Jar), Product(id=11, name=Beans, quantity=283, price=3.99, category=Canned Goods)]
2021-08-30 18:15:21,777 DEBUG com.colin.aspect.ProductControllerAspect [http-nio-8484-exec-9] Method: List com.colin.controller.ProductController.listAllProducts()
2021-08-30 18:15:21,782 DEBUG com.colin.aspect.ProductControllerAspect [http-nio-8484-exec-9] Returns: [Product(id=7, name=Apple, quantity=21, price=1.25, category=Fruit), Product(id=9, name=Bananas, quantity=72, price=0.99, category=Fruit), Product(id=10, name=Pickles, quantity=762, price=4.43, category=Jar), Product(id=11, name=Beans, quantity=283, price=3.99, category=Canned Goods)]
2021-08-30 18:15:23,386 DEBUG com.colin.aspect.ProductControllerAspect [http-nio-8484-exec-10] Method: List com.colin.controller.ProductController.listAllProducts()
2021-08-30 18:15:23,400 DEBUG com.colin.aspect.ProductControllerAspect [http-nio-8484-exec-10] Returns: [Product(id=7, name=Apple, quantity=21, price=1.25, category=Fruit), Product(id=9, name=Bananas, quantity=72, price=0.99, category=Fruit), Product(id=10, name=Pickles, quantity=762, price=4.43, category=Jar), Product(id=11, name=Beans, quantity=283, price=3.99, category=Canned Goods)]
2021-08-30 18:15:28,760 DEBUG com.colin.aspect.ProductControllerAspect [http-nio-8484-exec-3] Method: ResponseEntity com.colin.controller.ProductController.deleteProduct(long)
2021-08-30 18:15:28,760 DEBUG com.colin.aspect.ProductControllerAspect [http-nio-8484-exec-3] Argument: 7
2021-08-30 18:15:28,773 DEBUG com.colin.aspect.ProductControllerAspect [http-nio-8484-exec-3] Returns: <202 ACCEPTED Accepted,[]>
2021-08-30 18:15:31,433 DEBUG com.colin.aspect.ProductControllerAspect [http-nio-8484-exec-2] Method: List com.colin.controller.ProductController.listAllProducts()
2021-08-30 18:15:31,449 DEBUG com.colin.aspect.ProductControllerAspect [http-nio-8484-exec-2] Returns: [Product(id=9, name=Bananas, quantity=72, price=0.99, category=Fruit), Product(id=10, name=Pickles, quantity=762, price=4.43, category=Jar), Product(id=11, name=Beans, quantity=283, price=3.99, category=Canned Goods)]
