2021-08-31 10:16:33,017 INFO org.hibernate.validator.internal.util.Version [background-preinit] HV000001: Hibernate Validator 6.2.0.Final
2021-08-31 10:16:33,045 INFO org.springframework.boot.StartupInfoLogger [restartedMain] Starting SpringCrudApplication using Java 1.8.0_281 on LP-PF2VB15G with PID 9912 (C:\MyProjects\Spring\SpringCRUD\target\classes started by colin_clarke in C:\MyProjects\Spring\SpringCRUD)
2021-08-31 10:16:33,045 DEBUG org.springframework.boot.StartupInfoLogger [restartedMain] Running with Spring Boot v2.5.3, Spring v5.3.9
2021-08-31 10:16:33,045 INFO org.springframework.boot.SpringApplication [restartedMain] No active profile set, falling back to default profiles: default
2021-08-31 10:16:33,153 INFO org.springframework.boot.logging.DeferredLog [restartedMain] Devtools property defaults active! Set 'spring.devtools.add-properties' to 'false' to disable
2021-08-31 10:16:33,154 INFO org.springframework.boot.logging.DeferredLog [restartedMain] For additional web related logging consider setting the 'logging.level.web' property to 'DEBUG'
2021-08-31 10:16:35,429 INFO org.springframework.data.repository.config.RepositoryConfigurationDelegate [restartedMain] Bootstrapping Spring Data JPA repositories in DEFAULT mode.
2021-08-31 10:16:35,567 INFO org.springframework.data.repository.config.RepositoryConfigurationDelegate [restartedMain] Finished Spring Data repository scanning in 121 ms. Found 4 JPA repository interfaces.
2021-08-31 10:16:38,145 INFO org.springframework.boot.web.embedded.tomcat.TomcatWebServer [restartedMain] Tomcat initialized with port(s): 8484 (http)
2021-08-31 10:16:38,158 INFO org.apache.juli.logging.DirectJDKLog [restartedMain] Initializing ProtocolHandler ["http-nio-8484"]
2021-08-31 10:16:38,158 INFO org.apache.juli.logging.DirectJDKLog [restartedMain] Starting service [Tomcat]
2021-08-31 10:16:38,159 INFO org.apache.juli.logging.DirectJDKLog [restartedMain] Starting Servlet engine: [Apache Tomcat/9.0.50]
2021-08-31 10:16:38,797 INFO org.apache.juli.logging.DirectJDKLog [restartedMain] At least one JAR was scanned for TLDs yet contained no TLDs. Enable debug logging for this logger for a complete list of JARs that were scanned but no TLDs were found in them. Skipping unneeded JARs during scanning can improve startup time and JSP compilation time.
2021-08-31 10:16:38,812 INFO org.apache.juli.logging.DirectJDKLog [restartedMain] Initializing Spring embedded WebApplicationContext
2021-08-31 10:16:38,812 INFO org.springframework.boot.web.servlet.context.ServletWebServerApplicationContext [restartedMain] Root WebApplicationContext: initialization completed in 5658 ms
2021-08-31 10:16:38,869 INFO com.zaxxer.hikari.HikariDataSource [restartedMain] HikariPool-1 - Starting...
2021-08-31 10:16:40,753 INFO com.zaxxer.hikari.HikariDataSource [restartedMain] HikariPool-1 - Start completed.
2021-08-31 10:16:40,759 INFO org.springframework.boot.autoconfigure.h2.H2ConsoleAutoConfiguration [restartedMain] H2 console available at '/h2-console'. Database available at 'jdbc:mysql://localhost:3306/grocery_store'
2021-08-31 10:16:40,958 INFO org.hibernate.jpa.internal.util.LogHelper [restartedMain] HHH000204: Processing PersistenceUnitInfo [name: default]
2021-08-31 10:16:41,056 INFO org.hibernate.Version [restartedMain] HHH000412: Hibernate ORM core version 5.4.32.Final
2021-08-31 10:16:41,301 INFO org.hibernate.annotations.common.reflection.java.JavaReflectionManager [restartedMain] HCANN000001: Hibernate Commons Annotations {5.1.2.Final}
2021-08-31 10:16:41,507 INFO org.hibernate.dialect.Dialect [restartedMain] HHH000400: Using dialect: org.hibernate.dialect.MySQL8Dialect
2021-08-31 10:16:42,664 INFO org.hibernate.engine.transaction.jta.platform.internal.JtaPlatformInitiator [restartedMain] HHH000490: Using JtaPlatform implementation: [org.hibernate.engine.transaction.jta.platform.internal.NoJtaPlatform]
2021-08-31 10:16:42,673 INFO org.springframework.orm.jpa.AbstractEntityManagerFactoryBean [restartedMain] Initialized JPA EntityManagerFactory for persistence unit 'default'
2021-08-31 10:16:43,553 WARN org.springframework.boot.autoconfigure.orm.jpa.JpaBaseConfiguration$JpaWebConfiguration [restartedMain] spring.jpa.open-in-view is enabled by default. Therefore, database queries may be performed during view rendering. Explicitly configure spring.jpa.open-in-view to disable this warning
2021-08-31 10:16:43,922 INFO org.springframework.boot.devtools.autoconfigure.OptionalLiveReloadServer [restartedMain] LiveReload server is running on port 35729
2021-08-31 10:16:43,975 INFO org.springframework.boot.autoconfigure.web.servlet.WelcomePageHandlerMapping [restartedMain] Adding welcome page: class path resource [static/index.html]
2021-08-31 10:16:44,225 INFO org.apache.juli.logging.DirectJDKLog [restartedMain] Starting ProtocolHandler ["http-nio-8484"]
2021-08-31 10:16:44,265 INFO org.springframework.boot.web.embedded.tomcat.TomcatWebServer [restartedMain] Tomcat started on port(s): 8484 (http) with context path ''
2021-08-31 10:16:44,271 INFO springfox.documentation.spring.web.plugins.DocumentationPluginsBootstrapper [restartedMain] Context refreshed
2021-08-31 10:16:44,292 INFO springfox.documentation.spring.web.plugins.DocumentationPluginsBootstrapper [restartedMain] Found 1 custom documentation plugin(s)
2021-08-31 10:16:44,301 INFO springfox.documentation.spring.web.scanners.ApiListingReferenceScanner [restartedMain] Scanning for api listing references
2021-08-31 10:16:44,485 INFO org.springframework.boot.StartupInfoLogger [restartedMain] Started SpringCrudApplication in 12.242 seconds (JVM running for 15.17)
2021-08-31 10:21:29,254 INFO org.apache.juli.logging.DirectJDKLog [http-nio-8484-exec-2] Initializing Spring DispatcherServlet 'dispatcherServlet'
2021-08-31 10:21:29,255 INFO org.springframework.web.servlet.FrameworkServlet [http-nio-8484-exec-2] Initializing Servlet 'dispatcherServlet'
2021-08-31 10:21:29,258 INFO org.springframework.web.servlet.FrameworkServlet [http-nio-8484-exec-2] Completed initialization in 2 ms
2021-08-31 10:21:29,322 DEBUG com.colin.aspect.ProductControllerAspect [http-nio-8484-exec-2] Method: List com.colin.controller.ProductController.listAllProducts()
2021-08-31 10:21:29,441 DEBUG com.colin.aspect.ProductControllerAspect [http-nio-8484-exec-3] Method: ResponseEntity com.colin.controller.ProductController.addNewProduct(ProductCategory)
2021-08-31 10:21:29,442 DEBUG com.colin.aspect.ProductControllerAspect [http-nio-8484-exec-3] Argument: ProductCategory(product=Product(id=0, name=Carrots, quantity=202, price=1.25, category=null), category=Vegetables)
2021-08-31 10:21:29,475 DEBUG com.colin.aspect.ProductControllerAspect [http-nio-8484-exec-2] Returns: [Product(id=9, name=Bananas, quantity=72, price=0.99, category=Fruit), Product(id=10, name=Pickles, quantity=762, price=4.43, category=Jar), Product(id=11, name=Beans, quantity=283, price=3.99, category=Canned Goods)]
2021-08-31 10:21:29,614 DEBUG com.colin.aspect.ProductControllerAspect [http-nio-8484-exec-3] Returns: <200 OK OK,ProductCategory(product=Product(id=13, name=Carrots, quantity=202, price=1.25, category=Vegetables), category=Vegetables),[]>
2021-08-31 10:21:37,693 DEBUG com.colin.aspect.ProductControllerAspect [http-nio-8484-exec-4] Method: List com.colin.controller.ProductController.listAllProducts()
2021-08-31 10:21:37,717 DEBUG com.colin.aspect.ProductControllerAspect [http-nio-8484-exec-4] Returns: [Product(id=9, name=Bananas, quantity=72, price=0.99, category=Fruit), Product(id=10, name=Pickles, quantity=762, price=4.43, category=Jar), Product(id=11, name=Beans, quantity=283, price=3.99, category=Canned Goods), Product(id=13, name=Carrots, quantity=202, price=1.25, category=Vegetables)]
2021-08-31 10:22:59,985 DEBUG com.colin.aspect.ProductControllerAspect [http-nio-8484-exec-7] Method: ResponseEntity com.colin.controller.ProductController.addNewProduct(ProductCategory)
2021-08-31 10:22:59,986 DEBUG com.colin.aspect.ProductControllerAspect [http-nio-8484-exec-7] Argument: ProductCategory(product=Product(id=0, name=Beans, quantity=739, price=3.99, category=null), category=Canned Goods)
2021-08-31 10:23:00,010 DEBUG com.colin.aspect.ProductControllerAspect [http-nio-8484-exec-8] Method: List com.colin.controller.ProductController.listAllProducts()
2021-08-31 10:23:00,033 DEBUG com.colin.aspect.ProductControllerAspect [http-nio-8484-exec-7] Returns: <200 OK OK,ProductCategory(product=Product(id=0, name=Beans, quantity=739, price=3.99, category=Canned Goods), category=Canned Goods),[]>
2021-08-31 10:23:00,035 DEBUG com.colin.aspect.ProductControllerAspect [http-nio-8484-exec-8] Returns: [Product(id=9, name=Bananas, quantity=72, price=0.99, category=Fruit), Product(id=10, name=Pickles, quantity=762, price=4.43, category=Jar), Product(id=11, name=Beans, quantity=283, price=3.99, category=Canned Goods), Product(id=13, name=Carrots, quantity=202, price=1.25, category=Vegetables)]
2021-08-31 10:23:09,745 DEBUG com.colin.aspect.ProductControllerAspect [http-nio-8484-exec-9] Method: List com.colin.controller.ProductController.listAllProducts()
2021-08-31 10:23:09,767 DEBUG com.colin.aspect.ProductControllerAspect [http-nio-8484-exec-9] Returns: [Product(id=9, name=Bananas, quantity=72, price=0.99, category=Fruit), Product(id=10, name=Pickles, quantity=762, price=4.43, category=Jar), Product(id=11, name=Beans, quantity=283, price=3.99, category=Canned Goods), Product(id=13, name=Carrots, quantity=202, price=1.25, category=Vegetables), Product(id=14, name=Beans, quantity=739, price=3.99, category=Canned Goods)]
2021-08-31 11:25:10,675 DEBUG com.colin.aspect.ProductControllerAspect [http-nio-8484-exec-2] Method: List com.colin.controller.ProductController.listAllProducts()
2021-08-31 11:25:10,694 DEBUG com.colin.aspect.ProductControllerAspect [http-nio-8484-exec-2] Returns: [Product(id=9, name=Bananas, quantity=72, price=0.99, category=Fruit), Product(id=10, name=Pickles, quantity=762, price=4.43, category=Jar), Product(id=11, name=Beans, quantity=283, price=3.99, category=Canned Goods), Product(id=13, name=Carrots, quantity=202, price=1.25, category=Vegetables), Product(id=14, name=Beans, quantity=739, price=3.99, category=Canned Goods)]
2021-08-31 11:25:16,808 DEBUG com.colin.aspect.ProductControllerAspect [http-nio-8484-exec-3] Method: List com.colin.controller.ProductController.listAllProducts()
2021-08-31 11:25:16,828 DEBUG com.colin.aspect.ProductControllerAspect [http-nio-8484-exec-3] Returns: [Product(id=9, name=Bananas, quantity=72, price=0.99, category=Fruit), Product(id=10, name=Pickles, quantity=762, price=4.43, category=Jar), Product(id=11, name=Beans, quantity=283, price=3.99, category=Canned Goods), Product(id=13, name=Carrots, quantity=202, price=1.25, category=Vegetables), Product(id=14, name=Beans, quantity=739, price=3.99, category=Canned Goods)]
2021-08-31 11:30:52,190 DEBUG com.colin.aspect.ProductControllerAspect [http-nio-8484-exec-5] Method: List com.colin.controller.ProductController.listAllProducts()
2021-08-31 11:30:52,217 DEBUG com.colin.aspect.ProductControllerAspect [http-nio-8484-exec-5] Returns: [Product(id=9, name=Bananas, quantity=72, price=0.99, category=Fruit), Product(id=10, name=Pickles, quantity=762, price=4.43, category=Jar), Product(id=11, name=Beans, quantity=283, price=3.99, category=Canned Goods), Product(id=13, name=Carrots, quantity=202, price=1.25, category=Vegetables), Product(id=14, name=Beans, quantity=739, price=3.99, category=Canned Goods)]
2021-08-31 11:31:03,129 DEBUG com.colin.aspect.ProductControllerAspect [http-nio-8484-exec-8] Method: ResponseEntity com.colin.controller.ProductController.deleteProduct(long)
2021-08-31 11:31:03,130 DEBUG com.colin.aspect.ProductControllerAspect [http-nio-8484-exec-8] Argument: 14
2021-08-31 11:31:03,230 DEBUG com.colin.aspect.ProductControllerAspect [http-nio-8484-exec-8] Returns: <202 ACCEPTED Accepted,[]>
2021-08-31 11:34:05,704 DEBUG com.colin.aspect.ProductControllerAspect [http-nio-8484-exec-9] Method: List com.colin.controller.ProductController.listAllProducts()
2021-08-31 11:34:05,725 DEBUG com.colin.aspect.ProductControllerAspect [http-nio-8484-exec-9] Returns: [Product(id=9, name=Bananas, quantity=72, price=0.99, category=Fruit), Product(id=10, name=Pickles, quantity=762, price=4.43, category=Jar), Product(id=11, name=Beans, quantity=283, price=3.99, category=Canned Goods), Product(id=13, name=Carrots, quantity=202, price=1.25, category=Vegetables)]
2021-08-31 11:34:18,108 DEBUG com.colin.aspect.ProductControllerAspect [http-nio-8484-exec-10] Method: List com.colin.controller.ProductController.listAllProducts()
2021-08-31 11:34:18,130 DEBUG com.colin.aspect.ProductControllerAspect [http-nio-8484-exec-10] Returns: [Product(id=9, name=Bananas, quantity=72, price=0.99, category=Fruit), Product(id=10, name=Pickles, quantity=762, price=4.43, category=Jar), Product(id=11, name=Beans, quantity=283, price=3.99, category=Canned Goods), Product(id=13, name=Carrots, quantity=202, price=1.25, category=Vegetables)]
2021-08-31 11:34:49,765 DEBUG com.colin.aspect.ProductControllerAspect [http-nio-8484-exec-2] Method: ResponseEntity com.colin.controller.ProductController.addNewProduct(ProductCategory)
2021-08-31 11:34:49,766 DEBUG com.colin.aspect.ProductControllerAspect [http-nio-8484-exec-2] Argument: ProductCategory(product=Product(id=0, name=test, quantity=2, price=1.0, category=null), category=test)
2021-08-31 11:34:49,768 DEBUG com.colin.aspect.ProductControllerAspect [http-nio-8484-exec-3] Method: List com.colin.controller.ProductController.listAllProducts()
2021-08-31 11:34:49,786 DEBUG com.colin.aspect.ProductControllerAspect [http-nio-8484-exec-3] Returns: [Product(id=9, name=Bananas, quantity=72, price=0.99, category=Fruit), Product(id=10, name=Pickles, quantity=762, price=4.43, category=Jar), Product(id=11, name=Beans, quantity=283, price=3.99, category=Canned Goods), Product(id=13, name=Carrots, quantity=202, price=1.25, category=Vegetables)]
2021-08-31 11:34:49,799 DEBUG com.colin.aspect.ProductControllerAspect [http-nio-8484-exec-2] Returns: <200 OK OK,ProductCategory(product=Product(id=15, name=test, quantity=2, price=1.0, category=test), category=test),[]>
2021-08-31 11:34:58,209 DEBUG com.colin.aspect.ProductControllerAspect [http-nio-8484-exec-4] Method: List com.colin.controller.ProductController.listAllProducts()
2021-08-31 11:34:58,241 DEBUG com.colin.aspect.ProductControllerAspect [http-nio-8484-exec-4] Returns: [Product(id=9, name=Bananas, quantity=72, price=0.99, category=Fruit), Product(id=10, name=Pickles, quantity=762, price=4.43, category=Jar), Product(id=11, name=Beans, quantity=283, price=3.99, category=Canned Goods), Product(id=13, name=Carrots, quantity=202, price=1.25, category=Vegetables), Product(id=15, name=test, quantity=2, price=1.0, category=test)]
2021-08-31 11:35:13,337 DEBUG com.colin.aspect.ProductControllerAspect [http-nio-8484-exec-5] Method: ResponseEntity com.colin.controller.ProductController.addNewProduct(ProductCategory)
2021-08-31 11:35:13,337 DEBUG com.colin.aspect.ProductControllerAspect [http-nio-8484-exec-5] Argument: ProductCategory(product=Product(id=0, name=test, quantity=4, price=1.0, category=null), category=test)
2021-08-31 11:35:13,346 DEBUG com.colin.aspect.ProductControllerAspect [http-nio-8484-exec-6] Method: List com.colin.controller.ProductController.listAllProducts()
2021-08-31 11:35:13,379 DEBUG com.colin.aspect.ProductControllerAspect [http-nio-8484-exec-6] Returns: [Product(id=9, name=Bananas, quantity=72, price=0.99, category=Fruit), Product(id=10, name=Pickles, quantity=762, price=4.43, category=Jar), Product(id=11, name=Beans, quantity=283, price=3.99, category=Canned Goods), Product(id=13, name=Carrots, quantity=202, price=1.25, category=Vegetables), Product(id=15, name=test, quantity=2, price=1.0, category=test)]
2021-08-31 11:35:13,385 DEBUG com.colin.aspect.ProductControllerAspect [http-nio-8484-exec-5] Returns: <200 OK OK,ProductCategory(product=Product(id=0, name=test, quantity=4, price=1.0, category=test), category=test),[]>
2021-08-31 11:54:09,202 INFO org.springframework.boot.StartupInfoLogger [restartedMain] Starting SpringCrudApplication using Java 1.8.0_281 on LP-PF2VB15G with PID 20824 (C:\MyProjects\Spring\SpringCRUD\target\classes started by colin_clarke in C:\MyProjects\Spring\SpringCRUD)
2021-08-31 11:54:09,205 DEBUG org.springframework.boot.StartupInfoLogger [restartedMain] Running with Spring Boot v2.5.3, Spring v5.3.9
2021-08-31 11:54:09,205 INFO org.springframework.boot.SpringApplication [restartedMain] No active profile set, falling back to default profiles: default
2021-08-31 11:54:09,207 INFO org.hibernate.validator.internal.util.Version [background-preinit] HV000001: Hibernate Validator 6.2.0.Final
2021-08-31 11:54:09,262 INFO org.springframework.boot.logging.DeferredLog [restartedMain] Devtools property defaults active! Set 'spring.devtools.add-properties' to 'false' to disable
2021-08-31 11:54:09,262 INFO org.springframework.boot.logging.DeferredLog [restartedMain] For additional web related logging consider setting the 'logging.level.web' property to 'DEBUG'
2021-08-31 11:54:10,666 INFO org.springframework.data.repository.config.RepositoryConfigurationDelegate [restartedMain] Bootstrapping Spring Data JPA repositories in DEFAULT mode.
2021-08-31 11:54:10,798 INFO org.springframework.data.repository.config.RepositoryConfigurationDelegate [restartedMain] Finished Spring Data repository scanning in 118 ms. Found 4 JPA repository interfaces.
2021-08-31 11:54:12,797 INFO org.springframework.boot.web.embedded.tomcat.TomcatWebServer [restartedMain] Tomcat initialized with port(s): 8484 (http)
2021-08-31 11:54:12,809 INFO org.apache.juli.logging.DirectJDKLog [restartedMain] Initializing ProtocolHandler ["http-nio-8484"]
2021-08-31 11:54:12,810 INFO org.apache.juli.logging.DirectJDKLog [restartedMain] Starting service [Tomcat]
2021-08-31 11:54:12,811 INFO org.apache.juli.logging.DirectJDKLog [restartedMain] Starting Servlet engine: [Apache Tomcat/9.0.50]
2021-08-31 11:54:13,775 INFO org.apache.juli.logging.DirectJDKLog [restartedMain] At least one JAR was scanned for TLDs yet contained no TLDs. Enable debug logging for this logger for a complete list of JARs that were scanned but no TLDs were found in them. Skipping unneeded JARs during scanning can improve startup time and JSP compilation time.
2021-08-31 11:54:13,792 INFO org.apache.juli.logging.DirectJDKLog [restartedMain] Initializing Spring embedded WebApplicationContext
2021-08-31 11:54:13,792 INFO org.springframework.boot.web.servlet.context.ServletWebServerApplicationContext [restartedMain] Root WebApplicationContext: initialization completed in 4529 ms
2021-08-31 11:54:13,831 INFO com.zaxxer.hikari.HikariDataSource [restartedMain] HikariPool-1 - Starting...
2021-08-31 11:54:15,499 INFO com.zaxxer.hikari.HikariDataSource [restartedMain] HikariPool-1 - Start completed.
2021-08-31 11:54:15,510 INFO org.springframework.boot.autoconfigure.h2.H2ConsoleAutoConfiguration [restartedMain] H2 console available at '/h2-console'. Database available at 'jdbc:mysql://localhost:3306/grocery_store'
2021-08-31 11:54:15,735 INFO org.hibernate.jpa.internal.util.LogHelper [restartedMain] HHH000204: Processing PersistenceUnitInfo [name: default]
2021-08-31 11:54:15,835 INFO org.hibernate.Version [restartedMain] HHH000412: Hibernate ORM core version 5.4.32.Final
2021-08-31 11:54:16,008 INFO org.hibernate.annotations.common.reflection.java.JavaReflectionManager [restartedMain] HCANN000001: Hibernate Commons Annotations {5.1.2.Final}
2021-08-31 11:54:16,157 INFO org.hibernate.dialect.Dialect [restartedMain] HHH000400: Using dialect: org.hibernate.dialect.MySQL8Dialect
2021-08-31 11:54:17,099 INFO org.hibernate.engine.transaction.jta.platform.internal.JtaPlatformInitiator [restartedMain] HHH000490: Using JtaPlatform implementation: [org.hibernate.engine.transaction.jta.platform.internal.NoJtaPlatform]
2021-08-31 11:54:17,111 INFO org.springframework.orm.jpa.AbstractEntityManagerFactoryBean [restartedMain] Initialized JPA EntityManagerFactory for persistence unit 'default'
2021-08-31 11:54:17,876 WARN org.springframework.boot.autoconfigure.orm.jpa.JpaBaseConfiguration$JpaWebConfiguration [restartedMain] spring.jpa.open-in-view is enabled by default. Therefore, database queries may be performed during view rendering. Explicitly configure spring.jpa.open-in-view to disable this warning
2021-08-31 11:54:18,193 INFO org.springframework.boot.devtools.autoconfigure.OptionalLiveReloadServer [restartedMain] LiveReload server is running on port 35729
2021-08-31 11:54:18,230 INFO org.springframework.boot.autoconfigure.web.servlet.WelcomePageHandlerMapping [restartedMain] Adding welcome page: class path resource [static/index.html]
2021-08-31 11:54:18,521 INFO org.apache.juli.logging.DirectJDKLog [restartedMain] Starting ProtocolHandler ["http-nio-8484"]
2021-08-31 11:54:18,555 INFO org.springframework.boot.web.embedded.tomcat.TomcatWebServer [restartedMain] Tomcat started on port(s): 8484 (http) with context path ''
2021-08-31 11:54:18,562 INFO springfox.documentation.spring.web.plugins.DocumentationPluginsBootstrapper [restartedMain] Context refreshed
2021-08-31 11:54:18,586 INFO springfox.documentation.spring.web.plugins.DocumentationPluginsBootstrapper [restartedMain] Found 1 custom documentation plugin(s)
2021-08-31 11:54:18,595 INFO springfox.documentation.spring.web.scanners.ApiListingReferenceScanner [restartedMain] Scanning for api listing references
2021-08-31 11:54:18,719 INFO org.apache.juli.logging.DirectJDKLog [http-nio-8484-exec-1] Initializing Spring DispatcherServlet 'dispatcherServlet'
2021-08-31 11:54:18,719 INFO org.springframework.web.servlet.FrameworkServlet [http-nio-8484-exec-1] Initializing Servlet 'dispatcherServlet'
2021-08-31 11:54:18,722 INFO org.springframework.web.servlet.FrameworkServlet [http-nio-8484-exec-1] Completed initialization in 3 ms
2021-08-31 11:54:18,776 INFO org.springframework.boot.StartupInfoLogger [restartedMain] Started SpringCrudApplication in 10.14 seconds (JVM running for 12.647)
2021-08-31 11:54:18,776 DEBUG com.colin.aspect.ProductControllerAspect [http-nio-8484-exec-1] Method: List com.colin.controller.ProductController.listAllProducts()
2021-08-31 11:54:18,884 DEBUG com.colin.aspect.ProductControllerAspect [http-nio-8484-exec-1] Returns: [Product(id=9, name=Bananas, quantity=72, price=0.99, category=Fruit), Product(id=10, name=Pickles, quantity=762, price=4.43, category=Jar), Product(id=11, name=Beans, quantity=283, price=3.99, category=Canned Goods), Product(id=13, name=Carrots, quantity=202, price=1.25, category=Vegetables), Product(id=15, name=test, quantity=2, price=1.0, category=test), Product(id=16, name=test, quantity=4, price=1.0, category=test)]
2021-08-31 11:54:43,520 DEBUG com.colin.aspect.ProductControllerAspect [http-nio-8484-exec-3] Method: List com.colin.controller.ProductController.listAllProducts()
2021-08-31 11:54:43,545 DEBUG com.colin.aspect.ProductControllerAspect [http-nio-8484-exec-3] Returns: [Product(id=9, name=Bananas, quantity=72, price=0.99, category=Fruit), Product(id=10, name=Pickles, quantity=762, price=4.43, category=Jar), Product(id=11, name=Beans, quantity=283, price=3.99, category=Canned Goods), Product(id=13, name=Carrots, quantity=202, price=1.25, category=Vegetables), Product(id=15, name=test, quantity=2, price=1.0, category=test), Product(id=16, name=test, quantity=4, price=1.0, category=test)]
2021-08-31 11:54:43,604 DEBUG com.colin.aspect.ProductControllerAspect [http-nio-8484-exec-2] Method: ResponseEntity com.colin.controller.ProductController.addNewProduct(ProductCategory)
2021-08-31 11:54:43,605 DEBUG com.colin.aspect.ProductControllerAspect [http-nio-8484-exec-2] Argument: ProductCategory(product=Product(id=0, name=test, quantity=21, price=1.25, category=null), category=test)
2021-08-31 11:54:43,792 DEBUG com.colin.aspect.ProductControllerAspect [http-nio-8484-exec-2] Returns: <200 OK OK,ProductCategory(product=Product(id=0, name=test, quantity=21, price=1.25, category=test), category=test),[]>
2021-08-31 11:56:06,981 DEBUG com.colin.aspect.ProductControllerAspect [http-nio-8484-exec-6] Method: List com.colin.controller.ProductController.listAllProducts()
2021-08-31 11:56:07,011 DEBUG com.colin.aspect.ProductControllerAspect [http-nio-8484-exec-6] Returns: [Product(id=9, name=Bananas, quantity=72, price=0.99, category=Fruit), Product(id=10, name=Pickles, quantity=762, price=4.43, category=Jar), Product(id=11, name=Beans, quantity=283, price=3.99, category=Canned Goods), Product(id=13, name=Carrots, quantity=202, price=1.25, category=Vegetables), Product(id=15, name=test, quantity=2, price=1.0, category=test), Product(id=16, name=test, quantity=4, price=1.0, category=test), Product(id=17, name=test, quantity=21, price=1.25, category=test)]
2021-08-31 11:56:20,150 DEBUG com.colin.aspect.ProductControllerAspect [http-nio-8484-exec-7] Method: ResponseEntity com.colin.controller.ProductController.addNewProduct(ProductCategory)
2021-08-31 11:56:20,150 DEBUG com.colin.aspect.ProductControllerAspect [http-nio-8484-exec-7] Argument: ProductCategory(product=Product(id=0, name=test, quantity=982, price=5.93, category=null), category=test)
2021-08-31 11:56:20,159 DEBUG com.colin.aspect.ProductControllerAspect [http-nio-8484-exec-8] Method: List com.colin.controller.ProductController.listAllProducts()
2021-08-31 11:56:20,181 DEBUG com.colin.aspect.ProductControllerAspect [http-nio-8484-exec-8] Returns: [Product(id=9, name=Bananas, quantity=72, price=0.99, category=Fruit), Product(id=10, name=Pickles, quantity=762, price=4.43, category=Jar), Product(id=11, name=Beans, quantity=283, price=3.99, category=Canned Goods), Product(id=13, name=Carrots, quantity=202, price=1.25, category=Vegetables), Product(id=15, name=test, quantity=2, price=1.0, category=test), Product(id=16, name=test, quantity=4, price=1.0, category=test), Product(id=17, name=test, quantity=21, price=1.25, category=test)]
2021-08-31 11:56:20,188 DEBUG com.colin.aspect.ProductControllerAspect [http-nio-8484-exec-7] Returns: <200 OK OK,ProductCategory(product=Product(id=0, name=test, quantity=982, price=5.93, category=test), category=test),[]>
2021-08-31 11:56:42,399 DEBUG com.colin.aspect.ProductControllerAspect [http-nio-8484-exec-9] Method: List com.colin.controller.ProductController.listAllProducts()
2021-08-31 11:56:42,426 DEBUG com.colin.aspect.ProductControllerAspect [http-nio-8484-exec-9] Returns: [Product(id=9, name=Bananas, quantity=72, price=0.99, category=Fruit), Product(id=10, name=Pickles, quantity=762, price=4.43, category=Jar), Product(id=11, name=Beans, quantity=283, price=3.99, category=Canned Goods), Product(id=13, name=Carrots, quantity=202, price=1.25, category=Vegetables), Product(id=15, name=test, quantity=2, price=1.0, category=test), Product(id=16, name=test, quantity=4, price=1.0, category=test), Product(id=17, name=test, quantity=21, price=1.25, category=test), Product(id=18, name=test, quantity=982, price=5.93, category=test)]
2021-08-31 11:56:54,541 DEBUG com.colin.aspect.ProductControllerAspect [http-nio-8484-exec-10] Method: ResponseEntity com.colin.controller.ProductController.addNewProduct(ProductCategory)
2021-08-31 11:56:54,541 DEBUG com.colin.aspect.ProductControllerAspect [http-nio-8484-exec-10] Argument: ProductCategory(product=Product(id=0, name=test, quantity=202, price=1.25, category=null), category=test)
2021-08-31 11:56:54,548 DEBUG com.colin.aspect.ProductControllerAspect [http-nio-8484-exec-1] Method: List com.colin.controller.ProductController.listAllProducts()
2021-08-31 11:56:54,569 DEBUG com.colin.aspect.ProductControllerAspect [http-nio-8484-exec-1] Returns: [Product(id=9, name=Bananas, quantity=72, price=0.99, category=Fruit), Product(id=10, name=Pickles, quantity=762, price=4.43, category=Jar), Product(id=11, name=Beans, quantity=283, price=3.99, category=Canned Goods), Product(id=13, name=Carrots, quantity=202, price=1.25, category=Vegetables), Product(id=15, name=test, quantity=2, price=1.0, category=test), Product(id=16, name=test, quantity=4, price=1.0, category=test), Product(id=17, name=test, quantity=21, price=1.25, category=test), Product(id=18, name=test, quantity=982, price=5.93, category=test)]
2021-08-31 11:56:54,576 DEBUG com.colin.aspect.ProductControllerAspect [http-nio-8484-exec-10] Returns: <200 OK OK,ProductCategory(product=Product(id=0, name=test, quantity=202, price=1.25, category=test), category=test),[]>
2021-08-31 11:57:00,126 DEBUG com.colin.aspect.ProductControllerAspect [http-nio-8484-exec-3] Method: List com.colin.controller.ProductController.listAllProducts()
2021-08-31 11:57:00,153 DEBUG com.colin.aspect.ProductControllerAspect [http-nio-8484-exec-3] Returns: [Product(id=9, name=Bananas, quantity=72, price=0.99, category=Fruit), Product(id=10, name=Pickles, quantity=762, price=4.43, category=Jar), Product(id=11, name=Beans, quantity=283, price=3.99, category=Canned Goods), Product(id=13, name=Carrots, quantity=202, price=1.25, category=Vegetables), Product(id=15, name=test, quantity=2, price=1.0, category=test), Product(id=16, name=test, quantity=4, price=1.0, category=test), Product(id=17, name=test, quantity=21, price=1.25, category=test), Product(id=18, name=test, quantity=982, price=5.93, category=test), Product(id=19, name=test, quantity=202, price=1.25, category=test)]
2021-08-31 12:10:23,679 DEBUG com.colin.aspect.ProductControllerAspect [http-nio-8484-exec-4] Method: List com.colin.controller.ProductController.listAllProducts()
2021-08-31 12:10:23,695 DEBUG com.colin.aspect.ProductControllerAspect [http-nio-8484-exec-4] Returns: [Product(id=9, name=Bananas, quantity=72, price=0.99, category=Fruit), Product(id=10, name=Pickles, quantity=762, price=4.43, category=Jar), Product(id=11, name=Beans, quantity=283, price=3.99, category=Canned Goods), Product(id=13, name=Carrots, quantity=202, price=1.25, category=Vegetables), Product(id=15, name=test, quantity=2, price=1.0, category=test), Product(id=16, name=test, quantity=4, price=1.0, category=test), Product(id=17, name=test, quantity=21, price=1.25, category=test), Product(id=18, name=test, quantity=982, price=5.93, category=test), Product(id=19, name=test, quantity=202, price=1.25, category=test)]
2021-08-31 12:10:28,774 DEBUG com.colin.aspect.ProductControllerAspect [http-nio-8484-exec-6] Method: List com.colin.controller.ProductController.listAllProducts()
2021-08-31 12:10:28,797 DEBUG com.colin.aspect.ProductControllerAspect [http-nio-8484-exec-6] Returns: [Product(id=9, name=Bananas, quantity=72, price=0.99, category=Fruit), Product(id=10, name=Pickles, quantity=762, price=4.43, category=Jar), Product(id=11, name=Beans, quantity=283, price=3.99, category=Canned Goods), Product(id=13, name=Carrots, quantity=202, price=1.25, category=Vegetables), Product(id=15, name=test, quantity=2, price=1.0, category=test), Product(id=16, name=test, quantity=4, price=1.0, category=test), Product(id=17, name=test, quantity=21, price=1.25, category=test), Product(id=18, name=test, quantity=982, price=5.93, category=test), Product(id=19, name=test, quantity=202, price=1.25, category=test)]
2021-08-31 12:11:50,522 DEBUG com.colin.aspect.ProductControllerAspect [http-nio-8484-exec-7] Method: List com.colin.controller.ProductController.listAllProducts()
2021-08-31 12:11:50,549 DEBUG com.colin.aspect.ProductControllerAspect [http-nio-8484-exec-7] Returns: [Product(id=9, name=Bananas, quantity=72, price=0.99, category=Fruit), Product(id=10, name=Pickles, quantity=762, price=4.43, category=Jar), Product(id=11, name=Beans, quantity=283, price=3.99, category=Canned Goods), Product(id=13, name=Carrots, quantity=202, price=1.25, category=Vegetables), Product(id=15, name=test, quantity=2, price=1.0, category=test), Product(id=16, name=test, quantity=4, price=1.0, category=test), Product(id=17, name=test, quantity=21, price=1.25, category=test), Product(id=18, name=test, quantity=982, price=5.93, category=test), Product(id=19, name=test, quantity=202, price=1.25, category=test)]
2021-08-31 12:12:57,297 DEBUG com.colin.aspect.ProductControllerAspect [http-nio-8484-exec-10] Method: ResponseEntity com.colin.controller.ProductController.addNewProduct(ProductCategory)
2021-08-31 12:12:57,297 DEBUG com.colin.aspect.ProductControllerAspect [http-nio-8484-exec-10] Argument: ProductCategory(product=Product(id=0, name=test, quantity=21, price=3.81, category=null), category=test)
2021-08-31 12:12:57,325 DEBUG com.colin.aspect.ProductControllerAspect [http-nio-8484-exec-10] Returns: <200 OK OK,ProductCategory(product=Product(id=0, name=test, quantity=21, price=3.81, category=test), category=test),[]>
2021-08-31 12:12:57,340 DEBUG com.colin.aspect.ProductControllerAspect [http-nio-8484-exec-3] Method: List com.colin.controller.ProductController.listAllProducts()
2021-08-31 12:12:57,358 DEBUG com.colin.aspect.ProductControllerAspect [http-nio-8484-exec-3] Returns: [Product(id=9, name=Bananas, quantity=72, price=0.99, category=Fruit), Product(id=10, name=Pickles, quantity=762, price=4.43, category=Jar), Product(id=11, name=Beans, quantity=283, price=3.99, category=Canned Goods), Product(id=13, name=Carrots, quantity=202, price=1.25, category=Vegetables), Product(id=15, name=test, quantity=2, price=1.0, category=test), Product(id=16, name=test, quantity=4, price=1.0, category=test), Product(id=17, name=test, quantity=21, price=1.25, category=test), Product(id=18, name=test, quantity=982, price=5.93, category=test), Product(id=19, name=test, quantity=202, price=1.25, category=test), Product(id=20, name=test, quantity=21, price=3.81, category=test)]
2021-08-31 12:13:08,576 DEBUG com.colin.aspect.ProductControllerAspect [http-nio-8484-exec-2] Method: List com.colin.controller.ProductController.listAllProducts()
2021-08-31 12:13:08,608 DEBUG com.colin.aspect.ProductControllerAspect [http-nio-8484-exec-2] Returns: [Product(id=9, name=Bananas, quantity=72, price=0.99, category=Fruit), Product(id=10, name=Pickles, quantity=762, price=4.43, category=Jar), Product(id=11, name=Beans, quantity=283, price=3.99, category=Canned Goods), Product(id=13, name=Carrots, quantity=202, price=1.25, category=Vegetables), Product(id=15, name=test, quantity=2, price=1.0, category=test), Product(id=16, name=test, quantity=4, price=1.0, category=test), Product(id=17, name=test, quantity=21, price=1.25, category=test), Product(id=18, name=test, quantity=982, price=5.93, category=test), Product(id=19, name=test, quantity=202, price=1.25, category=test), Product(id=20, name=test, quantity=21, price=3.81, category=test)]
2021-08-31 12:14:16,312 DEBUG com.colin.aspect.ProductControllerAspect [http-nio-8484-exec-4] Method: List com.colin.controller.ProductController.listAllProducts()
2021-08-31 12:14:16,340 DEBUG com.colin.aspect.ProductControllerAspect [http-nio-8484-exec-4] Returns: [Product(id=9, name=Bananas, quantity=72, price=0.99, category=Fruit), Product(id=10, name=Pickles, quantity=762, price=4.43, category=Jar), Product(id=11, name=Beans, quantity=283, price=3.99, category=Canned Goods), Product(id=13, name=Carrots, quantity=202, price=1.25, category=Vegetables), Product(id=15, name=test, quantity=2, price=1.0, category=test), Product(id=16, name=test, quantity=4, price=1.0, category=test), Product(id=17, name=test, quantity=21, price=1.25, category=test), Product(id=18, name=test, quantity=982, price=5.93, category=test), Product(id=19, name=test, quantity=202, price=1.25, category=test), Product(id=20, name=test, quantity=21, price=3.81, category=test)]
2021-08-31 12:14:17,619 DEBUG com.colin.aspect.ProductControllerAspect [http-nio-8484-exec-8] Method: ResponseEntity com.colin.controller.ProductController.deleteProduct(long)
2021-08-31 12:14:17,620 DEBUG com.colin.aspect.ProductControllerAspect [http-nio-8484-exec-8] Argument: 20
2021-08-31 12:14:17,719 DEBUG com.colin.aspect.ProductControllerAspect [http-nio-8484-exec-8] Returns: <202 ACCEPTED Accepted,[]>
2021-08-31 12:14:20,963 DEBUG com.colin.aspect.ProductControllerAspect [http-nio-8484-exec-7] Method: List com.colin.controller.ProductController.listAllProducts()
2021-08-31 12:14:20,991 DEBUG com.colin.aspect.ProductControllerAspect [http-nio-8484-exec-7] Returns: [Product(id=9, name=Bananas, quantity=72, price=0.99, category=Fruit), Product(id=10, name=Pickles, quantity=762, price=4.43, category=Jar), Product(id=11, name=Beans, quantity=283, price=3.99, category=Canned Goods), Product(id=13, name=Carrots, quantity=202, price=1.25, category=Vegetables), Product(id=15, name=test, quantity=2, price=1.0, category=test), Product(id=16, name=test, quantity=4, price=1.0, category=test), Product(id=17, name=test, quantity=21, price=1.25, category=test), Product(id=18, name=test, quantity=982, price=5.93, category=test), Product(id=19, name=test, quantity=202, price=1.25, category=test)]
2021-08-31 12:38:12,662 DEBUG com.colin.aspect.ProductControllerAspect [http-nio-8484-exec-10] Method: List com.colin.controller.ProductController.listAllProducts()
2021-08-31 12:38:12,676 DEBUG com.colin.aspect.ProductControllerAspect [http-nio-8484-exec-10] Returns: [Product(id=9, name=Bananas, quantity=72, price=0.99, category=Fruit), Product(id=10, name=Pickles, quantity=762, price=4.43, category=Jar), Product(id=11, name=Beans, quantity=283, price=3.99, category=Canned Goods), Product(id=13, name=Carrots, quantity=202, price=1.25, category=Vegetables), Product(id=15, name=test, quantity=2, price=1.0, category=test), Product(id=16, name=test, quantity=4, price=1.0, category=test), Product(id=17, name=test, quantity=21, price=1.25, category=test), Product(id=18, name=test, quantity=982, price=5.93, category=test), Product(id=19, name=test, quantity=202, price=1.25, category=test)]
2021-08-31 12:38:15,189 DEBUG com.colin.aspect.ProductControllerAspect [http-nio-8484-exec-3] Method: List com.colin.controller.ProductController.listAllProducts()
2021-08-31 12:38:15,212 DEBUG com.colin.aspect.ProductControllerAspect [http-nio-8484-exec-3] Returns: [Product(id=9, name=Bananas, quantity=72, price=0.99, category=Fruit), Product(id=10, name=Pickles, quantity=762, price=4.43, category=Jar), Product(id=11, name=Beans, quantity=283, price=3.99, category=Canned Goods), Product(id=13, name=Carrots, quantity=202, price=1.25, category=Vegetables), Product(id=15, name=test, quantity=2, price=1.0, category=test), Product(id=16, name=test, quantity=4, price=1.0, category=test), Product(id=17, name=test, quantity=21, price=1.25, category=test), Product(id=18, name=test, quantity=982, price=5.93, category=test), Product(id=19, name=test, quantity=202, price=1.25, category=test)]
2021-08-31 12:38:18,251 DEBUG com.colin.aspect.ProductControllerAspect [http-nio-8484-exec-5] Method: ResponseEntity com.colin.controller.ProductController.deleteProduct(long)
2021-08-31 12:38:18,252 DEBUG com.colin.aspect.ProductControllerAspect [http-nio-8484-exec-5] Argument: 19
2021-08-31 12:38:18,268 DEBUG com.colin.aspect.ProductControllerAspect [http-nio-8484-exec-5] Returns: <202 ACCEPTED Accepted,[]>
2021-08-31 12:38:18,274 DEBUG com.colin.aspect.ProductControllerAspect [http-nio-8484-exec-4] Method: List com.colin.controller.ProductController.listAllProducts()
2021-08-31 12:38:18,285 DEBUG com.colin.aspect.ProductControllerAspect [http-nio-8484-exec-4] Returns: [Product(id=9, name=Bananas, quantity=72, price=0.99, category=Fruit), Product(id=10, name=Pickles, quantity=762, price=4.43, category=Jar), Product(id=11, name=Beans, quantity=283, price=3.99, category=Canned Goods), Product(id=13, name=Carrots, quantity=202, price=1.25, category=Vegetables), Product(id=15, name=test, quantity=2, price=1.0, category=test), Product(id=16, name=test, quantity=4, price=1.0, category=test), Product(id=17, name=test, quantity=21, price=1.25, category=test), Product(id=18, name=test, quantity=982, price=5.93, category=test)]
2021-08-31 12:38:27,878 DEBUG com.colin.aspect.ProductControllerAspect [http-nio-8484-exec-6] Method: List com.colin.controller.ProductController.listAllProducts()
2021-08-31 12:38:27,909 DEBUG com.colin.aspect.ProductControllerAspect [http-nio-8484-exec-6] Returns: [Product(id=9, name=Bananas, quantity=72, price=0.99, category=Fruit), Product(id=10, name=Pickles, quantity=762, price=4.43, category=Jar), Product(id=11, name=Beans, quantity=283, price=3.99, category=Canned Goods), Product(id=13, name=Carrots, quantity=202, price=1.25, category=Vegetables), Product(id=15, name=test, quantity=2, price=1.0, category=test), Product(id=16, name=test, quantity=4, price=1.0, category=test), Product(id=17, name=test, quantity=21, price=1.25, category=test), Product(id=18, name=test, quantity=982, price=5.93, category=test)]
2021-08-31 12:38:52,896 DEBUG com.colin.aspect.ProductControllerAspect [http-nio-8484-exec-8] Method: ResponseEntity com.colin.controller.ProductController.addNewProduct(ProductCategory)
2021-08-31 12:38:52,896 DEBUG com.colin.aspect.ProductControllerAspect [http-nio-8484-exec-8] Argument: ProductCategory(product=Product(id=0, name=Pineapples, quantity=127, price=6.98, category=null), category=Fruit)
2021-08-31 12:38:52,911 DEBUG com.colin.aspect.ProductControllerAspect [http-nio-8484-exec-8] Returns: <200 OK OK,ProductCategory(product=Product(id=0, name=Pineapples, quantity=127, price=6.98, category=Fruit), category=Fruit),[]>
2021-08-31 12:40:34,626 DEBUG com.colin.aspect.ProductControllerAspect [http-nio-8484-exec-9] Method: List com.colin.controller.ProductController.listAllProducts()
2021-08-31 12:40:34,638 DEBUG com.colin.aspect.ProductControllerAspect [http-nio-8484-exec-9] Returns: [Product(id=9, name=Bananas, quantity=72, price=0.99, category=Fruit), Product(id=10, name=Pickles, quantity=762, price=4.43, category=Jar), Product(id=11, name=Beans, quantity=283, price=3.99, category=Canned Goods), Product(id=13, name=Carrots, quantity=202, price=1.25, category=Vegetables), Product(id=15, name=test, quantity=2, price=1.0, category=test), Product(id=16, name=test, quantity=4, price=1.0, category=test), Product(id=17, name=test, quantity=21, price=1.25, category=test), Product(id=18, name=test, quantity=982, price=5.93, category=test), Product(id=21, name=Pineapples, quantity=127, price=6.98, category=Fruit)]
2021-08-31 12:40:37,020 DEBUG com.colin.aspect.ProductControllerAspect [http-nio-8484-exec-1] Method: List com.colin.controller.ProductController.listAllProducts()
2021-08-31 12:40:37,043 DEBUG com.colin.aspect.ProductControllerAspect [http-nio-8484-exec-1] Returns: [Product(id=9, name=Bananas, quantity=72, price=0.99, category=Fruit), Product(id=10, name=Pickles, quantity=762, price=4.43, category=Jar), Product(id=11, name=Beans, quantity=283, price=3.99, category=Canned Goods), Product(id=13, name=Carrots, quantity=202, price=1.25, category=Vegetables), Product(id=15, name=test, quantity=2, price=1.0, category=test), Product(id=16, name=test, quantity=4, price=1.0, category=test), Product(id=17, name=test, quantity=21, price=1.25, category=test), Product(id=18, name=test, quantity=982, price=5.93, category=test), Product(id=21, name=Pineapples, quantity=127, price=6.98, category=Fruit)]
2021-08-31 12:41:06,014 DEBUG com.colin.aspect.ProductControllerAspect [http-nio-8484-exec-10] Method: ResponseEntity com.colin.controller.ProductController.addNewProduct(ProductCategory)
2021-08-31 12:41:06,014 DEBUG com.colin.aspect.ProductControllerAspect [http-nio-8484-exec-10] Argument: ProductCategory(product=Product(id=0, name=Turkey, quantity=13, price=13.5, category=null), category=Meat)
2021-08-31 12:41:06,030 DEBUG com.colin.aspect.ProductControllerAspect [http-nio-8484-exec-10] Returns: <200 OK OK,ProductCategory(product=Product(id=0, name=Turkey, quantity=13, price=13.5, category=Meat), category=Meat),[]>
2021-08-31 12:41:06,042 DEBUG com.colin.aspect.ProductControllerAspect [http-nio-8484-exec-3] Method: List com.colin.controller.ProductController.listAllProducts()
2021-08-31 12:41:06,054 DEBUG com.colin.aspect.ProductControllerAspect [http-nio-8484-exec-3] Returns: [Product(id=9, name=Bananas, quantity=72, price=0.99, category=Fruit), Product(id=10, name=Pickles, quantity=762, price=4.43, category=Jar), Product(id=11, name=Beans, quantity=283, price=3.99, category=Canned Goods), Product(id=13, name=Carrots, quantity=202, price=1.25, category=Vegetables), Product(id=15, name=test, quantity=2, price=1.0, category=test), Product(id=16, name=test, quantity=4, price=1.0, category=test), Product(id=17, name=test, quantity=21, price=1.25, category=test), Product(id=18, name=test, quantity=982, price=5.93, category=test), Product(id=21, name=Pineapples, quantity=127, price=6.98, category=Fruit), Product(id=22, name=Turkey, quantity=13, price=13.5, category=Meat)]
2021-08-31 12:46:46,490 DEBUG com.colin.aspect.ProductControllerAspect [http-nio-8484-exec-5] Method: ProductCategory com.colin.controller.ProductController.getProductById(long)
2021-08-31 12:46:46,494 DEBUG com.colin.aspect.ProductControllerAspect [http-nio-8484-exec-5] Argument: 22
2021-08-31 12:46:46,503 DEBUG com.colin.aspect.ProductControllerAspect [http-nio-8484-exec-5] Returns: ProductCategory(product=Product(id=22, name=Turkey, quantity=13, price=13.5, category=Meat), category=Meat)
2021-08-31 12:46:56,343 DEBUG com.colin.aspect.ProductControllerAspect [http-nio-8484-exec-6] Method: ProductCategory com.colin.controller.ProductController.editProduct(long,ProductCategory)
2021-08-31 12:46:56,344 DEBUG com.colin.aspect.ProductControllerAspect [http-nio-8484-exec-6] Argument: 22
2021-08-31 12:46:56,344 DEBUG com.colin.aspect.ProductControllerAspect [http-nio-8484-exec-6] Argument: ProductCategory(product=Product(id=22, name=Turkey Breast, quantity=14, price=13.52, category=null), category=Meat)
2021-08-31 12:46:56,360 DEBUG com.colin.aspect.ProductControllerAspect [http-nio-8484-exec-6] Returns: ProductCategory(product=Product(id=22, name=Turkey Breast, quantity=14, price=13.52, category=null), category=Meat)
2021-08-31 12:46:56,372 DEBUG com.colin.aspect.ProductControllerAspect [http-nio-8484-exec-8] Method: List com.colin.controller.ProductController.listAllProducts()
2021-08-31 12:46:56,385 DEBUG com.colin.aspect.ProductControllerAspect [http-nio-8484-exec-8] Returns: [Product(id=9, name=Bananas, quantity=72, price=0.99, category=Fruit), Product(id=10, name=Pickles, quantity=762, price=4.43, category=Jar), Product(id=11, name=Beans, quantity=283, price=3.99, category=Canned Goods), Product(id=13, name=Carrots, quantity=202, price=1.25, category=Vegetables), Product(id=15, name=test, quantity=2, price=1.0, category=test), Product(id=16, name=test, quantity=4, price=1.0, category=test), Product(id=17, name=test, quantity=21, price=1.25, category=test), Product(id=18, name=test, quantity=982, price=5.93, category=test), Product(id=21, name=Pineapples, quantity=127, price=6.98, category=Fruit), Product(id=22, name=Turkey Breast, quantity=14, price=13.52, category=Meat)]
2021-08-31 12:47:01,755 DEBUG com.colin.aspect.ProductControllerAspect [http-nio-8484-exec-9] Method: ResponseEntity com.colin.controller.ProductController.deleteProduct(long)
2021-08-31 12:47:01,755 DEBUG com.colin.aspect.ProductControllerAspect [http-nio-8484-exec-9] Argument: 15
2021-08-31 12:47:01,770 DEBUG com.colin.aspect.ProductControllerAspect [http-nio-8484-exec-9] Returns: <202 ACCEPTED Accepted,[]>
2021-08-31 12:47:01,775 DEBUG com.colin.aspect.ProductControllerAspect [http-nio-8484-exec-1] Method: List com.colin.controller.ProductController.listAllProducts()
2021-08-31 12:47:01,785 DEBUG com.colin.aspect.ProductControllerAspect [http-nio-8484-exec-1] Returns: [Product(id=9, name=Bananas, quantity=72, price=0.99, category=Fruit), Product(id=10, name=Pickles, quantity=762, price=4.43, category=Jar), Product(id=11, name=Beans, quantity=283, price=3.99, category=Canned Goods), Product(id=13, name=Carrots, quantity=202, price=1.25, category=Vegetables), Product(id=16, name=test, quantity=4, price=1.0, category=test), Product(id=17, name=test, quantity=21, price=1.25, category=test), Product(id=18, name=test, quantity=982, price=5.93, category=test), Product(id=21, name=Pineapples, quantity=127, price=6.98, category=Fruit), Product(id=22, name=Turkey Breast, quantity=14, price=13.52, category=Meat)]
2021-08-31 12:47:02,317 DEBUG com.colin.aspect.ProductControllerAspect [http-nio-8484-exec-3] Method: ResponseEntity com.colin.controller.ProductController.deleteProduct(long)
2021-08-31 12:47:02,317 DEBUG com.colin.aspect.ProductControllerAspect [http-nio-8484-exec-3] Argument: 16
2021-08-31 12:47:02,332 DEBUG com.colin.aspect.ProductControllerAspect [http-nio-8484-exec-3] Returns: <202 ACCEPTED Accepted,[]>
2021-08-31 12:47:02,337 DEBUG com.colin.aspect.ProductControllerAspect [http-nio-8484-exec-2] Method: List com.colin.controller.ProductController.listAllProducts()
2021-08-31 12:47:02,348 DEBUG com.colin.aspect.ProductControllerAspect [http-nio-8484-exec-2] Returns: [Product(id=9, name=Bananas, quantity=72, price=0.99, category=Fruit), Product(id=10, name=Pickles, quantity=762, price=4.43, category=Jar), Product(id=11, name=Beans, quantity=283, price=3.99, category=Canned Goods), Product(id=13, name=Carrots, quantity=202, price=1.25, category=Vegetables), Product(id=17, name=test, quantity=21, price=1.25, category=test), Product(id=18, name=test, quantity=982, price=5.93, category=test), Product(id=21, name=Pineapples, quantity=127, price=6.98, category=Fruit), Product(id=22, name=Turkey Breast, quantity=14, price=13.52, category=Meat)]
2021-08-31 12:47:03,264 DEBUG com.colin.aspect.ProductControllerAspect [http-nio-8484-exec-4] Method: ResponseEntity com.colin.controller.ProductController.deleteProduct(long)
2021-08-31 12:47:03,265 DEBUG com.colin.aspect.ProductControllerAspect [http-nio-8484-exec-4] Argument: 17
2021-08-31 12:47:03,281 DEBUG com.colin.aspect.ProductControllerAspect [http-nio-8484-exec-4] Returns: <202 ACCEPTED Accepted,[]>
2021-08-31 12:47:03,286 DEBUG com.colin.aspect.ProductControllerAspect [http-nio-8484-exec-6] Method: List com.colin.controller.ProductController.listAllProducts()
2021-08-31 12:47:03,297 DEBUG com.colin.aspect.ProductControllerAspect [http-nio-8484-exec-6] Returns: [Product(id=9, name=Bananas, quantity=72, price=0.99, category=Fruit), Product(id=10, name=Pickles, quantity=762, price=4.43, category=Jar), Product(id=11, name=Beans, quantity=283, price=3.99, category=Canned Goods), Product(id=13, name=Carrots, quantity=202, price=1.25, category=Vegetables), Product(id=18, name=test, quantity=982, price=5.93, category=test), Product(id=21, name=Pineapples, quantity=127, price=6.98, category=Fruit), Product(id=22, name=Turkey Breast, quantity=14, price=13.52, category=Meat)]
2021-08-31 12:47:04,285 DEBUG com.colin.aspect.ProductControllerAspect [http-nio-8484-exec-7] Method: ResponseEntity com.colin.controller.ProductController.deleteProduct(long)
2021-08-31 12:47:04,286 DEBUG com.colin.aspect.ProductControllerAspect [http-nio-8484-exec-7] Argument: 18
2021-08-31 12:47:04,301 DEBUG com.colin.aspect.ProductControllerAspect [http-nio-8484-exec-7] Returns: <202 ACCEPTED Accepted,[]>
2021-08-31 12:47:04,306 DEBUG com.colin.aspect.ProductControllerAspect [http-nio-8484-exec-9] Method: List com.colin.controller.ProductController.listAllProducts()
2021-08-31 12:47:04,316 DEBUG com.colin.aspect.ProductControllerAspect [http-nio-8484-exec-9] Returns: [Product(id=9, name=Bananas, quantity=72, price=0.99, category=Fruit), Product(id=10, name=Pickles, quantity=762, price=4.43, category=Jar), Product(id=11, name=Beans, quantity=283, price=3.99, category=Canned Goods), Product(id=13, name=Carrots, quantity=202, price=1.25, category=Vegetables), Product(id=21, name=Pineapples, quantity=127, price=6.98, category=Fruit), Product(id=22, name=Turkey Breast, quantity=14, price=13.52, category=Meat)]
2021-08-31 12:50:14,792 DEBUG com.colin.aspect.ProductControllerAspect [http-nio-8484-exec-10] Method: List com.colin.controller.ProductController.listAllProducts()
2021-08-31 12:50:14,814 DEBUG com.colin.aspect.ProductControllerAspect [http-nio-8484-exec-10] Returns: [Product(id=9, name=Bananas, quantity=72, price=0.99, category=Fruit), Product(id=10, name=Pickles, quantity=762, price=4.43, category=Jar), Product(id=11, name=Beans, quantity=283, price=3.99, category=Canned Goods), Product(id=13, name=Carrots, quantity=202, price=1.25, category=Vegetables), Product(id=21, name=Pineapples, quantity=127, price=6.98, category=Fruit), Product(id=22, name=Turkey Breast, quantity=14, price=13.52, category=Meat)]
