2021-09-08 22:37:41,474 INFO org.hibernate.validator.internal.util.Version [background-preinit] HV000001: Hibernate Validator 6.2.0.Final
2021-09-08 22:37:41,492 INFO org.springframework.boot.StartupInfoLogger [restartedMain] Starting SpringCrudApplication using Java 15.0.2 on LP-PF2WK9C2 with PID 17632 (C:\My project\Java\ProductDashboardApp\target\classes started by asharaful.islam in C:\My project\Java\ProductDashboardApp)
2021-09-08 22:37:41,492 DEBUG org.springframework.boot.StartupInfoLogger [restartedMain] Running with Spring Boot v2.5.3, Spring v5.3.9
2021-09-08 22:37:41,493 INFO org.springframework.boot.SpringApplication [restartedMain] No active profile set, falling back to default profiles: default
2021-09-08 22:37:41,553 INFO org.springframework.boot.logging.DeferredLog [restartedMain] Devtools property defaults active! Set 'spring.devtools.add-properties' to 'false' to disable
2021-09-08 22:37:41,553 INFO org.springframework.boot.logging.DeferredLog [restartedMain] For additional web related logging consider setting the 'logging.level.web' property to 'DEBUG'
2021-09-08 22:37:42,650 INFO org.springframework.data.repository.config.RepositoryConfigurationDelegate [restartedMain] Bootstrapping Spring Data JPA repositories in DEFAULT mode.
2021-09-08 22:37:42,744 INFO org.springframework.data.repository.config.RepositoryConfigurationDelegate [restartedMain] Finished Spring Data repository scanning in 85 ms. Found 5 JPA repository interfaces.
2021-09-08 22:37:43,571 INFO org.springframework.boot.web.embedded.tomcat.TomcatWebServer [restartedMain] Tomcat initialized with port(s): 8484 (http)
2021-09-08 22:37:43,587 INFO org.apache.juli.logging.DirectJDKLog [restartedMain] Initializing ProtocolHandler ["http-nio-8484"]
2021-09-08 22:37:43,588 INFO org.apache.juli.logging.DirectJDKLog [restartedMain] Starting service [Tomcat]
2021-09-08 22:37:43,589 INFO org.apache.juli.logging.DirectJDKLog [restartedMain] Starting Servlet engine: [Apache Tomcat/9.0.50]
2021-09-08 22:37:44,472 INFO org.apache.juli.logging.DirectJDKLog [restartedMain] At least one JAR was scanned for TLDs yet contained no TLDs. Enable debug logging for this logger for a complete list of JARs that were scanned but no TLDs were found in them. Skipping unneeded JARs during scanning can improve startup time and JSP compilation time.
2021-09-08 22:37:44,485 INFO org.apache.juli.logging.DirectJDKLog [restartedMain] Initializing Spring embedded WebApplicationContext
2021-09-08 22:37:44,485 INFO org.springframework.boot.web.servlet.context.ServletWebServerApplicationContext [restartedMain] Root WebApplicationContext: initialization completed in 2931 ms
2021-09-08 22:37:44,523 INFO com.zaxxer.hikari.HikariDataSource [restartedMain] HikariPool-1 - Starting...
2021-09-08 22:37:45,132 INFO com.zaxxer.hikari.HikariDataSource [restartedMain] HikariPool-1 - Start completed.
2021-09-08 22:37:45,139 INFO org.springframework.boot.autoconfigure.h2.H2ConsoleAutoConfiguration [restartedMain] H2 console available at '/h2-console'. Database available at 'jdbc:mysql://localhost:3306/grocery_store'
2021-09-08 22:37:45,271 INFO org.hibernate.jpa.internal.util.LogHelper [restartedMain] HHH000204: Processing PersistenceUnitInfo [name: default]
2021-09-08 22:37:45,340 INFO org.hibernate.Version [restartedMain] HHH000412: Hibernate ORM core version 5.4.32.Final
2021-09-08 22:37:45,516 INFO org.hibernate.annotations.common.reflection.java.JavaReflectionManager [restartedMain] HCANN000001: Hibernate Commons Annotations {5.1.2.Final}
2021-09-08 22:37:45,646 INFO org.hibernate.dialect.Dialect [restartedMain] HHH000400: Using dialect: org.hibernate.dialect.MySQL8Dialect
2021-09-08 22:37:46,840 INFO org.hibernate.engine.transaction.jta.platform.internal.JtaPlatformInitiator [restartedMain] HHH000490: Using JtaPlatform implementation: [org.hibernate.engine.transaction.jta.platform.internal.NoJtaPlatform]
2021-09-08 22:37:46,849 INFO org.springframework.orm.jpa.AbstractEntityManagerFactoryBean [restartedMain] Initialized JPA EntityManagerFactory for persistence unit 'default'
2021-09-08 22:37:47,577 WARN org.springframework.boot.autoconfigure.orm.jpa.JpaBaseConfiguration$JpaWebConfiguration [restartedMain] spring.jpa.open-in-view is enabled by default. Therefore, database queries may be performed during view rendering. Explicitly configure spring.jpa.open-in-view to disable this warning
2021-09-08 22:37:47,852 INFO org.springframework.boot.devtools.autoconfigure.OptionalLiveReloadServer [restartedMain] LiveReload server is running on port 35729
2021-09-08 22:37:47,887 INFO org.springframework.boot.autoconfigure.web.servlet.WelcomePageHandlerMapping [restartedMain] Adding welcome page: class path resource [static/index.html]
2021-09-08 22:37:48,088 INFO org.apache.juli.logging.DirectJDKLog [restartedMain] Starting ProtocolHandler ["http-nio-8484"]
2021-09-08 22:37:48,142 INFO org.springframework.boot.web.embedded.tomcat.TomcatWebServer [restartedMain] Tomcat started on port(s): 8484 (http) with context path ''
2021-09-08 22:37:48,151 INFO springfox.documentation.spring.web.plugins.DocumentationPluginsBootstrapper [restartedMain] Context refreshed
2021-09-08 22:37:48,173 INFO springfox.documentation.spring.web.plugins.DocumentationPluginsBootstrapper [restartedMain] Found 1 custom documentation plugin(s)
2021-09-08 22:37:48,182 INFO springfox.documentation.spring.web.scanners.ApiListingReferenceScanner [restartedMain] Scanning for api listing references
2021-09-08 22:37:48,399 INFO org.springframework.boot.StartupInfoLogger [restartedMain] Started SpringCrudApplication in 7.419 seconds (JVM running for 10.499)
2021-09-08 22:38:18,061 INFO org.apache.juli.logging.DirectJDKLog [http-nio-8484-exec-1] Initializing Spring DispatcherServlet 'dispatcherServlet'
2021-09-08 22:38:18,062 INFO org.springframework.web.servlet.FrameworkServlet [http-nio-8484-exec-1] Initializing Servlet 'dispatcherServlet'
2021-09-08 22:38:18,064 INFO org.springframework.web.servlet.FrameworkServlet [http-nio-8484-exec-1] Completed initialization in 2 ms
2021-09-08 22:40:50,091 DEBUG com.colin.aspect.ProductControllerAspect [http-nio-8484-exec-10] Method: List com.colin.controller.ProductController.listAllProducts()
2021-09-08 22:40:50,226 DEBUG com.colin.aspect.ProductControllerAspect [http-nio-8484-exec-10] Returns: [ProductCategory(product=Id: 1 Name: Mango Quantity: 40 Price: 1.99 Category: Fruit, category=Fruit), ProductCategory(product=Id: 2 Name: Laptop Quantity: 2 Price: 1000.0 Category: Electronics , category=Electronics ), ProductCategory(product=Id: 3 Name: Tomato Quantity: 100 Price: 3.99 Category: Vegetable , category=Vegetable ), ProductCategory(product=Id: 4 Name: Yogurt Quantity: 20 Price: 1.99 Category: Food, category=Food)]
2021-09-08 22:41:10,785 DEBUG com.colin.aspect.ProductControllerAspect [http-nio-8484-exec-2] Method: ResponseEntity com.colin.controller.ProductController.addNewProduct(ProductCategory)
2021-09-08 22:41:10,786 DEBUG com.colin.aspect.ProductControllerAspect [http-nio-8484-exec-2] Argument: ProductCategory(product=Id: 0 Name: Orange Quantity: 3 Price: 2.99 Category: null, category=Fruit)
2021-09-08 22:41:10,956 DEBUG com.colin.aspect.ProductControllerAspect [http-nio-8484-exec-2] Returns: <200 OK OK,ProductCategory(product=Id: 0 Name: Orange Quantity: 3 Price: 2.99 Category: Fruit, category=Fruit),[]>
2021-09-08 22:41:10,989 DEBUG com.colin.aspect.ProductControllerAspect [http-nio-8484-exec-3] Method: List com.colin.controller.ProductController.listAllProducts()
2021-09-08 22:41:11,011 DEBUG com.colin.aspect.ProductControllerAspect [http-nio-8484-exec-3] Returns: [ProductCategory(product=Id: 1 Name: Mango Quantity: 40 Price: 1.99 Category: Fruit, category=Fruit), ProductCategory(product=Id: 2 Name: Laptop Quantity: 2 Price: 1000.0 Category: Electronics , category=Electronics ), ProductCategory(product=Id: 3 Name: Tomato Quantity: 100 Price: 3.99 Category: Vegetable , category=Vegetable ), ProductCategory(product=Id: 4 Name: Yogurt Quantity: 20 Price: 1.99 Category: Food, category=Food), ProductCategory(product=Id: 5 Name: Orange Quantity: 3 Price: 2.99 Category: Fruit, category=Fruit)]
2021-09-08 22:41:19,564 DEBUG com.colin.aspect.ProductControllerAspect [http-nio-8484-exec-5] Method: ProductCategory com.colin.controller.ProductController.getProductById(long)
2021-09-08 22:41:19,565 DEBUG com.colin.aspect.ProductControllerAspect [http-nio-8484-exec-5] Argument: 5
2021-09-08 22:41:19,579 DEBUG com.colin.aspect.ProductControllerAspect [http-nio-8484-exec-5] Returns: ProductCategory(product=Id: 5 Name: Orange Quantity: 3 Price: 2.99 Category: Fruit, category=Fruit)
2021-09-08 22:41:21,756 DEBUG com.colin.aspect.ProductControllerAspect [http-nio-8484-exec-6] Method: List com.colin.controller.ProductController.listAllProducts()
2021-09-08 22:41:21,779 DEBUG com.colin.aspect.ProductControllerAspect [http-nio-8484-exec-6] Returns: [ProductCategory(product=Id: 1 Name: Mango Quantity: 40 Price: 1.99 Category: Fruit, category=Fruit), ProductCategory(product=Id: 2 Name: Laptop Quantity: 2 Price: 1000.0 Category: Electronics , category=Electronics ), ProductCategory(product=Id: 3 Name: Tomato Quantity: 100 Price: 3.99 Category: Vegetable , category=Vegetable ), ProductCategory(product=Id: 4 Name: Yogurt Quantity: 20 Price: 1.99 Category: Food, category=Food), ProductCategory(product=Id: 5 Name: Orange Quantity: 3 Price: 2.99 Category: Fruit, category=Fruit)]
2021-09-08 22:41:42,488 INFO org.springframework.boot.admin.SpringApplicationAdminMXBeanRegistrar$SpringApplicationAdmin [RMI TCP Connection(12)-127.0.0.1] Application shutdown requested.
2021-09-08 22:41:42,549 INFO org.springframework.orm.jpa.AbstractEntityManagerFactoryBean [RMI TCP Connection(12)-127.0.0.1] Closing JPA EntityManagerFactory for persistence unit 'default'
2021-09-08 22:41:42,553 INFO com.zaxxer.hikari.HikariDataSource [RMI TCP Connection(12)-127.0.0.1] HikariPool-1 - Shutdown initiated...
2021-09-08 22:41:42,581 INFO com.zaxxer.hikari.HikariDataSource [RMI TCP Connection(12)-127.0.0.1] HikariPool-1 - Shutdown completed.
